
2014-10-26 13:30:50,145 - DEBUG - count : 466339
2014-10-26 13:30:50,163 - DEBUG - error_count : 4
2014-10-26 13:30:50,163 - DEBUG - excluded_count : 0
2014-10-26 13:30:50,255 - DEBUG - Derived mean 2.73924170393
2014-10-26 13:30:50,256 - DEBUG - Derived std 3.20131608498
2014-10-26 13:31:18,971 - DEBUG - count : 466339
2014-10-26 13:31:18,992 - DEBUG - error_count : 268
2014-10-26 13:31:18,993 - DEBUG - excluded_count : 22979
2014-10-26 13:31:18,993 - DEBUG - scale values min {4: -75.183334, 5: 32.752827, 6: -75.666664, 7: 32.157597}
2014-10-26 13:31:18,993 - DEBUG - scale values max {4: -71.128899, 5: 41.516666, 6: -71.293228, 7: 41.453693}
2014-10-26 13:31:47,035 - DEBUG - count : 466339
2014-10-26 13:31:47,035 - DEBUG - error_count : 268
2014-10-26 13:31:47,035 - DEBUG - excluded_count : 22979
2014-10-26 13:37:51,596 - DEBUG - count : 9999
2014-10-26 13:37:51,596 - DEBUG - error_count : 0
2014-10-26 13:37:51,596 - DEBUG - excluded_count : 0
2014-10-26 13:37:51,597 - DEBUG - Derived mean 3.35660166017
2014-10-26 13:37:51,597 - DEBUG - Derived std 3.69761448338
2014-10-26 13:37:52,239 - DEBUG - count : 9999
2014-10-26 13:37:52,239 - DEBUG - error_count : 12
2014-10-26 13:37:52,239 - DEBUG - excluded_count : 509
2014-10-26 13:37:52,239 - DEBUG - scale values min {4: -74.168175, 5: 40.59893, 6: -74.18412, 7: 40.570938}
2014-10-26 13:37:52,239 - DEBUG - scale values max {4: -73.741234, 5: 40.875977, 6: -73.715225, 7: 40.908848}
2014-10-26 13:37:52,846 - DEBUG - count : 9999
2014-10-26 13:37:52,846 - DEBUG - error_count : 12
2014-10-26 13:37:52,846 - DEBUG - excluded_count : 509
2014-10-26 13:47:53,505 - DEBUG - count : 466339
2014-10-26 13:47:53,505 - DEBUG - error_count : 4
2014-10-26 13:47:53,505 - DEBUG - excluded_count : 0
2014-10-26 13:47:53,563 - DEBUG - Derived mean 2.73924170393
2014-10-26 13:47:53,563 - DEBUG - Derived std 3.20131608498
2014-10-26 13:48:22,304 - DEBUG - count : 466339
2014-10-26 13:48:22,304 - DEBUG - error_count : 268
2014-10-26 13:48:22,304 - DEBUG - excluded_count : 22979
2014-10-26 13:48:22,304 - DEBUG - scale values min {4: -75.183334, 5: 32.752827, 6: -75.666664, 7: 32.157597}
2014-10-26 13:48:22,304 - DEBUG - scale values max {4: -71.128899, 5: 41.516666, 6: -71.293228, 7: 41.453693}
2014-10-26 13:48:52,956 - DEBUG - count : 466339
2014-10-26 13:48:52,957 - DEBUG - error_count : 268
2014-10-26 13:48:52,957 - DEBUG - excluded_count : 22979
2014-10-26 14:56:13,101 - DEBUG - count : 466339
2014-10-26 14:56:13,121 - DEBUG - error_count : 4
2014-10-26 14:56:13,122 - DEBUG - excluded_count : 0
2014-10-26 14:56:13,180 - DEBUG - Derived mean 2.73924170393
2014-10-26 14:56:13,180 - DEBUG - Derived std 3.20131608498
2014-10-26 14:56:40,861 - DEBUG - count : 466339
2014-10-26 14:56:40,861 - DEBUG - error_count : 268
2014-10-26 14:56:40,861 - DEBUG - excluded_count : 22979
2014-10-26 14:56:40,861 - DEBUG - scale values min {4: -75.183334, 5: 32.752827, 6: -75.666664, 7: 32.157597}
2014-10-26 14:56:40,861 - DEBUG - scale values max {4: -71.128899, 5: 41.516666, 6: -71.293228, 7: 41.453693}
2014-10-26 14:57:08,743 - DEBUG - count : 466339
2014-10-26 14:57:08,743 - DEBUG - error_count : 268
2014-10-26 14:57:08,743 - DEBUG - excluded_count : 22979
2014-10-26 15:34:30,145 - DEBUG - count : 466339
2014-10-26 15:34:30,170 - DEBUG - error_count : 4
2014-10-26 15:34:30,170 - DEBUG - excluded_count : 0
2014-10-26 15:34:30,228 - DEBUG - Derived mean 2.73924170393
2014-10-26 15:34:30,228 - DEBUG - Derived std 3.20131608498
2014-10-26 15:34:57,871 - DEBUG - count : 466339
2014-10-26 15:34:57,871 - DEBUG - error_count : 268
2014-10-26 15:34:57,871 - DEBUG - excluded_count : 22979
2014-10-26 15:34:57,871 - DEBUG - scale values min {4: -75.183334, 5: 32.752827, 6: -75.666664, 7: 32.157597}
2014-10-26 15:34:57,871 - DEBUG - scale values max {4: -71.128899, 5: 41.516666, 6: -71.293228, 7: 41.453693}
2014-10-26 15:35:26,731 - DEBUG - count : 466339
2014-10-26 15:35:26,731 - DEBUG - error_count : 268
2014-10-26 15:35:26,731 - DEBUG - excluded_count : 22979
2014-10-26 15:52:53,430 - DEBUG - count : 9999
2014-10-26 15:52:53,430 - DEBUG - error_count : 0
2014-10-26 15:52:53,430 - DEBUG - excluded_count : 0
2014-10-26 15:52:53,431 - DEBUG - Derived mean 3.35660166017
2014-10-26 15:52:53,431 - DEBUG - Derived std 3.69761448338
2014-10-26 15:52:54,016 - DEBUG - count : 9999
2014-10-26 15:52:54,016 - DEBUG - error_count : 12
2014-10-26 15:52:54,017 - DEBUG - excluded_count : 509
2014-10-26 15:52:54,017 - DEBUG - scale values min {4: -74.168175, 5: 40.59893, 6: -74.18412, 7: 40.570938}
2014-10-26 15:52:54,017 - DEBUG - scale values max {4: -73.741234, 5: 40.875977, 6: -73.715225, 7: 40.908848}
2014-10-26 15:53:15,988 - DEBUG - count : 9999
2014-10-26 15:53:15,988 - DEBUG - error_count : 0
2014-10-26 15:53:15,988 - DEBUG - excluded_count : 0
2014-10-26 15:53:15,989 - DEBUG - Derived mean 3.35660166017
2014-10-26 15:53:15,989 - DEBUG - Derived std 3.69761448338
2014-10-26 15:53:16,568 - DEBUG - count : 9999
2014-10-26 15:53:16,568 - DEBUG - error_count : 12
2014-10-26 15:53:16,568 - DEBUG - excluded_count : 509
2014-10-26 15:53:16,568 - DEBUG - scale values min {4: -74.168175, 5: 40.59893, 6: -74.18412, 7: 40.570938}
2014-10-26 15:53:16,568 - DEBUG - scale values max {4: -73.741234, 5: 40.875977, 6: -73.715225, 7: 40.908848}
2014-10-26 15:53:16,704 - DEBUG - count : 9999
2014-10-26 15:53:16,705 - DEBUG - error_count : 9704
2014-10-26 15:53:16,705 - DEBUG - excluded_count : 294
2014-10-26 15:55:42,064 - DEBUG - count : 9999
2014-10-26 15:55:42,064 - DEBUG - error_count : 0
2014-10-26 15:55:42,064 - DEBUG - excluded_count : 0
2014-10-26 15:55:42,065 - DEBUG - Derived mean 3.35660166017
2014-10-26 15:55:42,066 - DEBUG - Derived std 3.69761448338
2014-10-26 15:55:42,650 - DEBUG - count : 9999
2014-10-26 15:55:42,650 - DEBUG - error_count : 12
2014-10-26 15:55:42,650 - DEBUG - excluded_count : 509
2014-10-26 15:55:42,650 - DEBUG - scale values min {4: -74.168175, 5: 40.59893, 6: -74.18412, 7: 40.570938}
2014-10-26 15:55:42,650 - DEBUG - scale values max {4: -73.741234, 5: 40.875977, 6: -73.715225, 7: 40.908848}
2014-10-26 15:55:42,792 - DEBUG - count : 9999
2014-10-26 15:55:42,793 - DEBUG - error_count : 9704
2014-10-26 15:55:42,793 - DEBUG - excluded_count : 294
2014-10-26 15:57:06,064 - DEBUG - count : 9999
2014-10-26 15:57:06,064 - DEBUG - error_count : 0
2014-10-26 15:57:06,064 - DEBUG - excluded_count : 0
2014-10-26 15:57:06,066 - DEBUG - Derived mean 3.35660166017
2014-10-26 15:57:06,066 - DEBUG - Derived std 3.69761448338
2014-10-26 15:57:06,648 - DEBUG - count : 9999
2014-10-26 15:57:06,648 - DEBUG - error_count : 12
2014-10-26 15:57:06,648 - DEBUG - excluded_count : 509
2014-10-26 15:57:06,648 - DEBUG - scale values min {4: -74.168175, 5: 40.59893, 6: -74.18412, 7: 40.570938}
2014-10-26 15:57:06,648 - DEBUG - scale values max {4: -73.741234, 5: 40.875977, 6: -73.715225, 7: 40.908848}
2014-10-26 15:57:06,787 - DEBUG - count : 9999
2014-10-26 15:57:06,788 - DEBUG - error_count : 9704
2014-10-26 15:57:06,788 - DEBUG - excluded_count : 294
2014-10-26 15:58:25,566 - DEBUG - count : 9999
2014-10-26 15:58:25,567 - DEBUG - error_count : 0
2014-10-26 15:58:25,567 - DEBUG - excluded_count : 0
2014-10-26 15:58:25,568 - DEBUG - Derived mean 3.35660166017
2014-10-26 15:58:25,568 - DEBUG - Derived std 3.69761448338
2014-10-26 15:58:26,159 - DEBUG - count : 9999
2014-10-26 15:58:26,159 - DEBUG - error_count : 12
2014-10-26 15:58:26,159 - DEBUG - excluded_count : 509
2014-10-26 15:58:26,159 - DEBUG - scale values min {4: -74.168175, 5: 40.59893, 6: -74.18412, 7: 40.570938}
2014-10-26 15:58:26,159 - DEBUG - scale values max {4: -73.741234, 5: 40.875977, 6: -73.715225, 7: 40.908848}
2014-10-26 15:58:26,292 - DEBUG - count : 9999
2014-10-26 15:58:26,292 - DEBUG - error_count : 9704
2014-10-26 15:58:26,292 - DEBUG - excluded_count : 294
2014-10-26 15:58:44,843 - DEBUG - count : 9999
2014-10-26 15:58:44,843 - DEBUG - error_count : 0
2014-10-26 15:58:44,843 - DEBUG - excluded_count : 0
2014-10-26 15:58:44,844 - DEBUG - Derived mean 3.35660166017
2014-10-26 15:58:44,844 - DEBUG - Derived std 3.69761448338
2014-10-26 15:58:45,430 - DEBUG - count : 9999
2014-10-26 15:58:45,430 - DEBUG - error_count : 12
2014-10-26 15:58:45,430 - DEBUG - excluded_count : 509
2014-10-26 15:58:45,430 - DEBUG - scale values min {4: -74.168175, 5: 40.59893, 6: -74.18412, 7: 40.570938}
2014-10-26 15:58:45,430 - DEBUG - scale values max {4: -73.741234, 5: 40.875977, 6: -73.715225, 7: 40.908848}
2014-10-26 15:58:45,592 - DEBUG - count : 9999
2014-10-26 15:58:45,592 - DEBUG - error_count : 9704
2014-10-26 15:58:45,593 - DEBUG - excluded_count : 294
2014-10-26 15:59:07,095 - DEBUG - count : 9999
2014-10-26 15:59:07,095 - DEBUG - error_count : 0
2014-10-26 15:59:07,095 - DEBUG - excluded_count : 0
2014-10-26 15:59:07,096 - DEBUG - Derived mean 3.35660166017
2014-10-26 15:59:07,096 - DEBUG - Derived std 3.69761448338
2014-10-26 15:59:07,682 - DEBUG - count : 9999
2014-10-26 15:59:07,682 - DEBUG - error_count : 12
2014-10-26 15:59:07,682 - DEBUG - excluded_count : 509
2014-10-26 15:59:07,682 - DEBUG - scale values min {4: -74.168175, 5: 40.59893, 6: -74.18412, 7: 40.570938}
2014-10-26 15:59:07,682 - DEBUG - scale values max {4: -73.741234, 5: 40.875977, 6: -73.715225, 7: 40.908848}
2014-10-26 15:59:08,850 - DEBUG - count : 9999
2014-10-26 15:59:08,850 - DEBUG - error_count : 12
2014-10-26 15:59:08,850 - DEBUG - excluded_count : 509
2014-10-26 16:00:57,865 - DEBUG - count : 9999
2014-10-26 16:00:57,866 - DEBUG - error_count : 0
2014-10-26 16:00:57,866 - DEBUG - excluded_count : 0
2014-10-26 16:00:57,867 - DEBUG - Derived mean 3.35660166017
2014-10-26 16:00:57,867 - DEBUG - Derived std 3.69761448338
2014-10-26 16:00:58,456 - DEBUG - count : 9999
2014-10-26 16:00:58,456 - DEBUG - error_count : 12
2014-10-26 16:00:58,457 - DEBUG - excluded_count : 509
2014-10-26 16:00:58,457 - DEBUG - scale values min {4: -74.168175, 5: 40.59893, 6: -74.18412, 7: 40.570938}
2014-10-26 16:00:58,457 - DEBUG - scale values max {4: -73.741234, 5: 40.875977, 6: -73.715225, 7: 40.908848}
2014-10-26 16:00:58,595 - DEBUG - count : 9999
2014-10-26 16:00:58,596 - DEBUG - error_count : 9704
2014-10-26 16:00:58,596 - DEBUG - excluded_count : 294
2014-10-26 16:01:12,832 - DEBUG - count : 9999
2014-10-26 16:01:12,832 - DEBUG - error_count : 0
2014-10-26 16:01:12,832 - DEBUG - excluded_count : 0
2014-10-26 16:01:12,834 - DEBUG - Derived mean 3.35660166017
2014-10-26 16:01:12,834 - DEBUG - Derived std 3.69761448338
2014-10-26 16:01:13,434 - DEBUG - count : 9999
2014-10-26 16:01:13,435 - DEBUG - error_count : 12
2014-10-26 16:01:13,435 - DEBUG - excluded_count : 509
2014-10-26 16:01:13,435 - DEBUG - scale values min {4: -74.168175, 5: 40.59893, 6: -74.18412, 7: 40.570938}
2014-10-26 16:01:13,435 - DEBUG - scale values max {4: -73.741234, 5: 40.875977, 6: -73.715225, 7: 40.908848}
2014-10-26 16:01:13,577 - DEBUG - count : 9999
2014-10-26 16:01:13,577 - DEBUG - error_count : 9704
2014-10-26 16:01:13,577 - DEBUG - excluded_count : 294
2014-10-26 16:02:01,212 - DEBUG - count : 9999
2014-10-26 16:02:01,212 - DEBUG - error_count : 0
2014-10-26 16:02:01,212 - DEBUG - excluded_count : 0
2014-10-26 16:02:01,213 - DEBUG - Derived mean 3.35660166017
2014-10-26 16:02:01,214 - DEBUG - Derived std 3.69761448338
2014-10-26 16:02:01,815 - DEBUG - count : 9999
2014-10-26 16:02:01,815 - DEBUG - error_count : 12
2014-10-26 16:02:01,815 - DEBUG - excluded_count : 509
2014-10-26 16:02:01,815 - DEBUG - scale values min {4: -74.168175, 5: 40.59893, 6: -74.18412, 7: 40.570938}
2014-10-26 16:02:01,815 - DEBUG - scale values max {4: -73.741234, 5: 40.875977, 6: -73.715225, 7: 40.908848}
2014-10-26 16:02:01,952 - DEBUG - count : 9999
2014-10-26 16:02:01,952 - DEBUG - error_count : 9704
2014-10-26 16:02:01,952 - DEBUG - excluded_count : 294
2014-10-26 16:02:39,026 - DEBUG - count : 9999
2014-10-26 16:02:39,026 - DEBUG - error_count : 0
2014-10-26 16:02:39,026 - DEBUG - excluded_count : 0
2014-10-26 16:02:39,027 - DEBUG - Derived mean 3.35660166017
2014-10-26 16:02:39,028 - DEBUG - Derived std 3.69761448338
2014-10-26 16:02:39,619 - DEBUG - count : 9999
2014-10-26 16:02:39,619 - DEBUG - error_count : 12
2014-10-26 16:02:39,619 - DEBUG - excluded_count : 509
2014-10-26 16:02:39,619 - DEBUG - scale values min {4: -74.168175, 5: 40.59893, 6: -74.18412, 7: 40.570938}
2014-10-26 16:02:39,619 - DEBUG - scale values max {4: -73.741234, 5: 40.875977, 6: -73.715225, 7: 40.908848}
2014-10-26 16:02:40,258 - DEBUG - count : 9999
2014-10-26 16:02:40,258 - DEBUG - error_count : 12
2014-10-26 16:02:40,258 - DEBUG - excluded_count : 509
2014-10-26 16:02:40,265 - INFO - buffer sizes 9478
2014-10-26 16:07:13,700 - DEBUG - count : 466339
2014-10-26 16:07:13,700 - DEBUG - error_count : 4
2014-10-26 16:07:13,700 - DEBUG - excluded_count : 0
2014-10-26 16:07:13,753 - DEBUG - Derived mean 2.73924170393
2014-10-26 16:07:13,753 - DEBUG - Derived std 3.20131608498
2014-10-26 16:07:41,864 - DEBUG - count : 466339
2014-10-26 16:07:41,864 - DEBUG - error_count : 268
2014-10-26 16:07:41,864 - DEBUG - excluded_count : 22979
2014-10-26 16:07:41,864 - DEBUG - scale values min {4: -75.183334, 5: 32.752827, 6: -75.666664, 7: 32.157597}
2014-10-26 16:07:41,865 - DEBUG - scale values max {4: -71.128899, 5: 41.516666, 6: -71.293228, 7: 41.453693}
2014-10-26 16:08:10,205 - DEBUG - count : 466339
2014-10-26 16:08:10,205 - DEBUG - error_count : 268
2014-10-26 16:08:10,205 - DEBUG - excluded_count : 22979
2014-10-26 16:22:17,410 - DEBUG - count : 9999
2014-10-26 16:22:17,410 - DEBUG - error_count : 0
2014-10-26 16:22:17,410 - DEBUG - excluded_count : 0
2014-10-26 16:22:17,411 - DEBUG - Derived mean 3.35660166017
2014-10-26 16:22:17,411 - DEBUG - Derived std 3.69761448338
2014-10-26 16:22:18,004 - DEBUG - count : 9999
2014-10-26 16:22:18,004 - DEBUG - error_count : 12
2014-10-26 16:22:18,004 - DEBUG - excluded_count : 509
2014-10-26 16:22:18,004 - DEBUG - scale values min {4: -74.168175, 5: 40.59893, 6: -74.18412, 7: 40.570938}
2014-10-26 16:22:18,004 - DEBUG - scale values max {4: -73.741234, 5: 40.875977, 6: -73.715225, 7: 40.908848}
2014-10-26 16:22:18,612 - DEBUG - count : 9999
2014-10-26 16:22:18,613 - DEBUG - error_count : 12
2014-10-26 16:22:18,613 - DEBUG - excluded_count : 509
2014-10-26 16:27:23,456 - DEBUG - count : 466339
2014-10-26 16:27:23,456 - DEBUG - error_count : 4
2014-10-26 16:27:23,456 - DEBUG - excluded_count : 0
2014-10-26 16:27:23,509 - DEBUG - Derived mean 2.73924170393
2014-10-26 16:27:23,509 - DEBUG - Derived std 3.20131608498
2014-10-26 16:27:51,089 - DEBUG - count : 466339
2014-10-26 16:27:51,089 - DEBUG - error_count : 268
2014-10-26 16:27:51,089 - DEBUG - excluded_count : 22979
2014-10-26 16:27:51,089 - DEBUG - scale values min {4: -75.183334, 5: 32.752827, 6: -75.666664, 7: 32.157597}
2014-10-26 16:27:51,089 - DEBUG - scale values max {4: -71.128899, 5: 41.516666, 6: -71.293228, 7: 41.453693}
2014-10-26 16:28:19,542 - DEBUG - count : 466339
2014-10-26 16:28:19,542 - DEBUG - error_count : 268
2014-10-26 16:28:19,542 - DEBUG - excluded_count : 22979
2014-10-26 16:41:14,414 - DEBUG - count : 466339
2014-10-26 16:41:14,414 - DEBUG - error_count : 4
2014-10-26 16:41:14,415 - DEBUG - excluded_count : 0
2014-10-26 16:41:14,467 - DEBUG - Derived mean 2.73924170393
2014-10-26 16:41:14,467 - DEBUG - Derived std 3.20131608498
2014-10-26 16:41:42,173 - DEBUG - count : 466339
2014-10-26 16:41:42,173 - DEBUG - error_count : 268
2014-10-26 16:41:42,173 - DEBUG - excluded_count : 22979
2014-10-26 16:41:42,173 - DEBUG - scale values min {4: -75.183334, 5: 32.752827, 6: -75.666664, 7: 32.157597}
2014-10-26 16:41:42,173 - DEBUG - scale values max {4: -71.128899, 5: 41.516666, 6: -71.293228, 7: 41.453693}
2014-10-26 16:42:09,985 - DEBUG - count : 466339
2014-10-26 16:42:09,985 - DEBUG - error_count : 268
2014-10-26 16:42:09,985 - DEBUG - excluded_count : 22979
2014-10-26 16:43:59,899 - DEBUG - count : 466339
2014-10-26 16:43:59,899 - DEBUG - error_count : 4
2014-10-26 16:43:59,899 - DEBUG - excluded_count : 0
2014-10-26 16:43:59,958 - DEBUG - Derived mean 2.73924170393
2014-10-26 16:43:59,958 - DEBUG - Derived std 3.20131608498
2014-10-26 16:44:27,605 - DEBUG - count : 466339
2014-10-26 16:44:27,605 - DEBUG - error_count : 268
2014-10-26 16:44:27,605 - DEBUG - excluded_count : 22979
2014-10-26 16:44:27,605 - DEBUG - scale values min {4: -75.183334, 5: 32.752827, 6: -75.666664, 7: 32.157597}
2014-10-26 16:44:27,605 - DEBUG - scale values max {4: -71.128899, 5: 41.516666, 6: -71.293228, 7: 41.453693}
2014-10-26 16:44:56,568 - DEBUG - count : 466339
2014-10-26 16:44:56,568 - DEBUG - error_count : 268
2014-10-26 16:44:56,568 - DEBUG - excluded_count : 22979
2014-10-26 16:45:26,659 - DEBUG - count : 466339
2014-10-26 16:45:26,660 - DEBUG - error_count : 4
2014-10-26 16:45:26,660 - DEBUG - excluded_count : 0
2014-10-26 16:45:26,718 - DEBUG - Derived mean 2.73924170393
2014-10-26 16:45:26,718 - DEBUG - Derived std 3.20131608498
2014-10-26 16:45:54,138 - DEBUG - count : 466339
2014-10-26 16:45:54,138 - DEBUG - error_count : 268
2014-10-26 16:45:54,138 - DEBUG - excluded_count : 22979
2014-10-26 16:45:54,138 - DEBUG - scale values min {4: -75.183334, 5: 32.752827, 6: -75.666664, 7: 32.157597}
2014-10-26 16:45:54,138 - DEBUG - scale values max {4: -71.128899, 5: 41.516666, 6: -71.293228, 7: 41.453693}
2014-10-26 16:46:21,732 - DEBUG - count : 466339
2014-10-26 16:46:21,733 - DEBUG - error_count : 268
2014-10-26 16:46:21,733 - DEBUG - excluded_count : 22979
2014-10-26 18:47:07,523 - DEBUG - count : 466339
2014-10-26 18:47:07,543 - DEBUG - error_count : 4
2014-10-26 18:47:07,544 - DEBUG - excluded_count : 0
2014-10-26 18:47:07,601 - DEBUG - Derived mean 2.73924170393
2014-10-26 18:47:07,601 - DEBUG - Derived std 3.20131608498
2014-10-26 18:47:35,293 - DEBUG - count : 466339
2014-10-26 18:47:35,293 - DEBUG - error_count : 268
2014-10-26 18:47:35,293 - DEBUG - excluded_count : 22979
2014-10-26 18:47:35,293 - DEBUG - scale values min {4: -75.183334, 5: 32.752827, 6: -75.666664, 7: 32.157597}
2014-10-26 18:47:35,293 - DEBUG - scale values max {4: -71.128899, 5: 41.516666, 6: -71.293228, 7: 41.453693}
2014-10-26 18:48:03,055 - DEBUG - count : 466339
2014-10-26 18:48:03,055 - DEBUG - error_count : 268
2014-10-26 18:48:03,055 - DEBUG - excluded_count : 22979
2014-10-27 09:57:21,651 - DEBUG - count : 466339
2014-10-27 09:57:21,665 - DEBUG - error_count : 4
2014-10-27 09:57:21,666 - DEBUG - excluded_count : 0
2014-10-27 09:57:21,732 - DEBUG - Derived mean 2.73924170393
2014-10-27 09:57:21,732 - DEBUG - Derived std 3.20131608498
2014-10-27 09:57:49,939 - DEBUG - count : 466339
2014-10-27 09:57:49,939 - DEBUG - error_count : 268
2014-10-27 09:57:49,939 - DEBUG - excluded_count : 22979
2014-10-27 09:57:49,940 - DEBUG - scale values min {4: -75.183334, 5: 32.752827, 6: -75.666664, 7: 32.157597}
2014-10-27 09:57:49,940 - DEBUG - scale values max {4: -71.128899, 5: 41.516666, 6: -71.293228, 7: 41.453693}
2014-10-27 09:58:18,358 - DEBUG - count : 466339
2014-10-27 09:58:18,358 - DEBUG - error_count : 268
2014-10-27 09:58:18,358 - DEBUG - excluded_count : 22979
2014-10-27 10:59:23,139 - DEBUG - count : 466339
2014-10-27 10:59:23,139 - DEBUG - error_count : 4
2014-10-27 10:59:23,139 - DEBUG - excluded_count : 0
2014-10-27 10:59:23,197 - DEBUG - Derived mean 2.73924170393
2014-10-27 10:59:23,197 - DEBUG - Derived std 3.20131608498
2014-10-27 10:59:53,294 - DEBUG - count : 466339
2014-10-27 10:59:53,294 - DEBUG - error_count : 268
2014-10-27 10:59:53,294 - DEBUG - excluded_count : 22979
2014-10-27 10:59:53,294 - DEBUG - scale values min {4: -75.183334, 5: 32.752827, 6: -75.666664, 7: 32.157597}
2014-10-27 10:59:53,294 - DEBUG - scale values max {4: -71.128899, 5: 41.516666, 6: -71.293228, 7: 41.453693}
2014-10-27 11:00:25,145 - DEBUG - count : 466339
2014-10-27 11:00:25,145 - DEBUG - error_count : 268
2014-10-27 11:00:25,145 - DEBUG - excluded_count : 22979
2014-10-29 17:27:06,162 - DEBUG - count : 9999
2014-10-29 17:27:06,191 - DEBUG - error_count : 0
2014-10-29 17:27:06,191 - DEBUG - excluded_count : 0
2014-10-29 17:27:06,194 - DEBUG - Derived mean 3.35660166017
2014-10-29 17:27:06,194 - DEBUG - Derived std 3.69761448338
2014-10-29 17:27:06,932 - DEBUG - count : 9999
2014-10-29 17:27:06,933 - DEBUG - error_count : 12
2014-10-29 17:27:06,933 - DEBUG - excluded_count : 509
2014-10-29 17:27:06,933 - DEBUG - scale values min {4: -74.168175, 5: 40.59893, 6: -74.18412, 7: 40.570938}
2014-10-29 17:27:06,933 - DEBUG - scale values max {4: -73.741234, 5: 40.875977, 6: -73.715225, 7: 40.908848}
2014-10-29 17:27:07,669 - DEBUG - count : 9999
2014-10-29 17:27:07,669 - DEBUG - error_count : 12
2014-10-29 17:27:07,669 - DEBUG - excluded_count : 509
2014-10-29 17:27:51,410 - DEBUG - count : 9999
2014-10-29 17:27:51,411 - DEBUG - error_count : 0
2014-10-29 17:27:51,411 - DEBUG - excluded_count : 0
2014-10-29 17:27:51,412 - DEBUG - Derived mean 3.35660166017
2014-10-29 17:27:51,412 - DEBUG - Derived std 3.69761448338
2014-10-29 17:27:52,053 - DEBUG - count : 9999
2014-10-29 17:27:52,053 - DEBUG - error_count : 12
2014-10-29 17:27:52,053 - DEBUG - excluded_count : 509
2014-10-29 17:27:52,053 - DEBUG - scale values min {4: -74.168175, 5: 40.59893, 6: -74.18412, 7: 40.570938}
2014-10-29 17:27:52,053 - DEBUG - scale values max {4: -73.741234, 5: 40.875977, 6: -73.715225, 7: 40.908848}
2014-10-29 17:27:52,719 - DEBUG - count : 9999
2014-10-29 17:27:52,719 - DEBUG - error_count : 12
2014-10-29 17:27:52,719 - DEBUG - excluded_count : 509
2014-10-29 17:29:17,656 - DEBUG - count : 9999
2014-10-29 17:29:17,656 - DEBUG - error_count : 0
2014-10-29 17:29:17,656 - DEBUG - excluded_count : 0
2014-10-29 17:29:17,657 - DEBUG - Derived mean 3.35660166017
2014-10-29 17:29:17,658 - DEBUG - Derived std 3.69761448338
2014-10-29 17:29:18,262 - DEBUG - count : 9999
2014-10-29 17:29:18,262 - DEBUG - error_count : 12
2014-10-29 17:29:18,263 - DEBUG - excluded_count : 509
2014-10-29 17:29:18,263 - DEBUG - scale values min {4: -74.168175, 5: 40.59893, 6: -74.18412, 7: 40.570938}
2014-10-29 17:29:18,263 - DEBUG - scale values max {4: -73.741234, 5: 40.875977, 6: -73.715225, 7: 40.908848}
2014-10-29 17:29:18,913 - DEBUG - count : 9999
2014-10-29 17:29:18,914 - DEBUG - error_count : 12
2014-10-29 17:29:18,914 - DEBUG - excluded_count : 509
2014-10-29 17:31:34,878 - DEBUG - count : 466339
2014-10-29 17:31:34,879 - DEBUG - error_count : 4
2014-10-29 17:31:34,879 - DEBUG - excluded_count : 0
2014-10-29 17:31:34,933 - DEBUG - Derived mean 2.73924170393
2014-10-29 17:31:34,933 - DEBUG - Derived std 3.20131608498
2014-10-29 17:32:02,689 - DEBUG - count : 466339
2014-10-29 17:32:02,690 - DEBUG - error_count : 268
2014-10-29 17:32:02,690 - DEBUG - excluded_count : 22979
2014-10-29 17:32:02,690 - DEBUG - scale values min {4: -75.183334, 5: 32.752827, 6: -75.666664, 7: 32.157597}
2014-10-29 17:32:02,690 - DEBUG - scale values max {4: -71.128899, 5: 41.516666, 6: -71.293228, 7: 41.453693}
2014-10-29 17:32:31,659 - DEBUG - count : 466339
2014-10-29 17:32:31,659 - DEBUG - error_count : 268
2014-10-29 17:32:31,659 - DEBUG - excluded_count : 22979
2014-10-29 17:33:26,917 - DEBUG - count : 9999
2014-10-29 17:33:26,918 - DEBUG - error_count : 0
2014-10-29 17:33:26,918 - DEBUG - excluded_count : 0
2014-10-29 17:33:26,919 - DEBUG - Derived mean 3.35660166017
2014-10-29 17:33:26,919 - DEBUG - Derived std 3.69761448338
2014-10-29 17:33:27,528 - DEBUG - count : 9999
2014-10-29 17:33:27,528 - DEBUG - error_count : 12
2014-10-29 17:33:27,528 - DEBUG - excluded_count : 509
2014-10-29 17:33:27,528 - DEBUG - scale values min {4: -74.168175, 5: 40.59893, 6: -74.18412, 7: 40.570938}
2014-10-29 17:33:27,528 - DEBUG - scale values max {4: -73.741234, 5: 40.875977, 6: -73.715225, 7: 40.908848}
2014-10-29 17:33:28,163 - DEBUG - count : 9999
2014-10-29 17:33:28,163 - DEBUG - error_count : 12
2014-10-29 17:33:28,163 - DEBUG - excluded_count : 509
2014-10-29 17:35:52,332 - DEBUG - count : 9999
2014-10-29 17:35:52,332 - DEBUG - error_count : 0
2014-10-29 17:35:52,332 - DEBUG - excluded_count : 0
2014-10-29 17:35:52,333 - DEBUG - Derived mean 3.35660166017
2014-10-29 17:35:52,333 - DEBUG - Derived std 3.69761448338
2014-10-29 17:35:52,912 - DEBUG - count : 9999
2014-10-29 17:35:52,912 - DEBUG - error_count : 12
2014-10-29 17:35:52,912 - DEBUG - excluded_count : 509
2014-10-29 17:35:52,912 - DEBUG - scale values min {4: -74.168175, 5: 40.59893, 6: -74.18412, 7: 40.570938}
2014-10-29 17:35:52,912 - DEBUG - scale values max {4: -73.741234, 5: 40.875977, 6: -73.715225, 7: 40.908848}
2014-10-29 17:35:53,540 - DEBUG - count : 9999
2014-10-29 17:35:53,540 - DEBUG - error_count : 12
2014-10-29 17:35:53,540 - DEBUG - excluded_count : 509
2014-10-29 17:38:23,011 - DEBUG - count : 9999
2014-10-29 17:38:23,012 - DEBUG - error_count : 0
2014-10-29 17:38:23,012 - DEBUG - excluded_count : 0
2014-10-29 17:38:23,013 - DEBUG - Derived mean 3.35660166017
2014-10-29 17:38:23,013 - DEBUG - Derived std 3.69761448338
2014-10-29 17:38:23,611 - DEBUG - count : 9999
2014-10-29 17:38:23,611 - DEBUG - error_count : 12
2014-10-29 17:38:23,611 - DEBUG - excluded_count : 509
2014-10-29 17:38:23,611 - DEBUG - scale values min {4: -74.168175, 5: 40.59893, 6: -74.18412, 7: 40.570938}
2014-10-29 17:38:23,611 - DEBUG - scale values max {4: -73.741234, 5: 40.875977, 6: -73.715225, 7: 40.908848}
2014-10-29 17:38:24,266 - DEBUG - count : 9999
2014-10-29 17:38:24,266 - DEBUG - error_count : 12
2014-10-29 17:38:24,267 - DEBUG - excluded_count : 509
2014-10-29 17:42:20,620 - DEBUG - count : 9999
2014-10-29 17:42:20,620 - DEBUG - error_count : 0
2014-10-29 17:42:20,620 - DEBUG - excluded_count : 0
2014-10-29 17:42:20,622 - DEBUG - Derived mean 3.35660166017
2014-10-29 17:42:20,622 - DEBUG - Derived std 3.69761448338
2014-10-29 17:42:21,232 - DEBUG - count : 9999
2014-10-29 17:42:21,232 - DEBUG - error_count : 12
2014-10-29 17:42:21,232 - DEBUG - excluded_count : 509
2014-10-29 17:42:21,232 - DEBUG - scale values min {4: -74.168175, 5: 40.59893, 6: -74.18412, 7: 40.570938}
2014-10-29 17:42:21,232 - DEBUG - scale values max {4: -73.741234, 5: 40.875977, 6: -73.715225, 7: 40.908848}
2014-10-29 17:42:21,902 - DEBUG - count : 9999
2014-10-29 17:42:21,902 - DEBUG - error_count : 12
2014-10-29 17:42:21,902 - DEBUG - excluded_count : 509
2014-10-29 17:43:25,666 - DEBUG - count : 9999
2014-10-29 17:43:25,666 - DEBUG - error_count : 0
2014-10-29 17:43:25,666 - DEBUG - excluded_count : 0
2014-10-29 17:43:25,667 - DEBUG - Derived mean 3.35660166017
2014-10-29 17:43:25,667 - DEBUG - Derived std 3.69761448338
2014-10-29 17:43:26,286 - DEBUG - count : 9999
2014-10-29 17:43:26,286 - DEBUG - error_count : 12
2014-10-29 17:43:26,286 - DEBUG - excluded_count : 509
2014-10-29 17:43:26,286 - DEBUG - scale values min {4: -74.168175, 5: 40.59893, 6: -74.18412, 7: 40.570938}
2014-10-29 17:43:26,286 - DEBUG - scale values max {4: -73.741234, 5: 40.875977, 6: -73.715225, 7: 40.908848}
2014-10-29 17:43:26,950 - DEBUG - count : 9999
2014-10-29 17:43:26,950 - DEBUG - error_count : 12
2014-10-29 17:43:26,950 - DEBUG - excluded_count : 509
2014-10-29 17:43:44,725 - DEBUG - count : 9999
2014-10-29 17:43:44,726 - DEBUG - error_count : 0
2014-10-29 17:43:44,726 - DEBUG - excluded_count : 0
2014-10-29 17:43:44,727 - DEBUG - Derived mean 3.35660166017
2014-10-29 17:43:44,727 - DEBUG - Derived std 3.69761448338
2014-10-29 17:43:45,333 - DEBUG - count : 9999
2014-10-29 17:43:45,334 - DEBUG - error_count : 12
2014-10-29 17:43:45,334 - DEBUG - excluded_count : 509
2014-10-29 17:43:45,334 - DEBUG - scale values min {4: -74.168175, 5: 40.59893, 6: -74.18412, 7: 40.570938}
2014-10-29 17:43:45,334 - DEBUG - scale values max {4: -73.741234, 5: 40.875977, 6: -73.715225, 7: 40.908848}
2014-10-29 17:43:46,004 - DEBUG - count : 9999
2014-10-29 17:43:46,005 - DEBUG - error_count : 12
2014-10-29 17:43:46,005 - DEBUG - excluded_count : 509
2014-10-29 17:44:38,608 - DEBUG - count : 9999
2014-10-29 17:44:38,609 - DEBUG - error_count : 0
2014-10-29 17:44:38,609 - DEBUG - excluded_count : 0
2014-10-29 17:44:38,610 - DEBUG - Derived mean 3.35660166017
2014-10-29 17:44:38,610 - DEBUG - Derived std 3.69761448338
2014-10-29 17:44:39,209 - DEBUG - count : 9999
2014-10-29 17:44:39,209 - DEBUG - error_count : 12
2014-10-29 17:44:39,209 - DEBUG - excluded_count : 509
2014-10-29 17:44:39,209 - DEBUG - scale values min {4: -74.168175, 5: 40.59893, 6: -74.18412, 7: 40.570938}
2014-10-29 17:44:39,210 - DEBUG - scale values max {4: -73.741234, 5: 40.875977, 6: -73.715225, 7: 40.908848}
2014-10-29 17:44:39,833 - DEBUG - count : 9999
2014-10-29 17:44:39,833 - DEBUG - error_count : 12
2014-10-29 17:44:39,833 - DEBUG - excluded_count : 509
2014-10-29 17:45:12,966 - DEBUG - count : 466339
2014-10-29 17:45:12,967 - DEBUG - error_count : 4
2014-10-29 17:45:12,967 - DEBUG - excluded_count : 0
2014-10-29 17:45:13,030 - DEBUG - Derived mean 2.73924170393
2014-10-29 17:45:13,030 - DEBUG - Derived std 3.20131608498
2014-10-29 17:45:41,222 - DEBUG - count : 466339
2014-10-29 17:45:41,222 - DEBUG - error_count : 268
2014-10-29 17:45:41,222 - DEBUG - excluded_count : 22979
2014-10-29 17:45:41,222 - DEBUG - scale values min {4: -75.183334, 5: 32.752827, 6: -75.666664, 7: 32.157597}
2014-10-29 17:45:41,222 - DEBUG - scale values max {4: -71.128899, 5: 41.516666, 6: -71.293228, 7: 41.453693}
2014-10-29 17:46:09,879 - DEBUG - count : 466339
2014-10-29 17:46:09,879 - DEBUG - error_count : 268
2014-10-29 17:46:09,879 - DEBUG - excluded_count : 22979
2014-10-29 17:46:39,794 - DEBUG - count : 9999
2014-10-29 17:46:39,794 - DEBUG - error_count : 0
2014-10-29 17:46:39,794 - DEBUG - excluded_count : 0
2014-10-29 17:46:39,795 - DEBUG - Derived mean 3.35660166017
2014-10-29 17:46:39,795 - DEBUG - Derived std 3.69761448338
2014-10-29 17:46:40,379 - DEBUG - count : 9999
2014-10-29 17:46:40,379 - DEBUG - error_count : 12
2014-10-29 17:46:40,379 - DEBUG - excluded_count : 509
2014-10-29 17:46:40,380 - DEBUG - scale values min {4: -74.168175, 5: 40.59893, 6: -74.18412, 7: 40.570938}
2014-10-29 17:46:40,380 - DEBUG - scale values max {4: -73.741234, 5: 40.875977, 6: -73.715225, 7: 40.908848}
2014-10-29 17:46:41,018 - DEBUG - count : 9999
2014-10-29 17:46:41,018 - DEBUG - error_count : 12
2014-10-29 17:46:41,018 - DEBUG - excluded_count : 509
2014-10-29 17:50:41,496 - DEBUG - count : 9999
2014-10-29 17:50:41,496 - DEBUG - error_count : 0
2014-10-29 17:50:41,496 - DEBUG - excluded_count : 0
2014-10-29 17:50:41,497 - DEBUG - Derived mean 3.35660166017
2014-10-29 17:50:41,497 - DEBUG - Derived std 3.69761448338
2014-10-29 17:50:42,108 - DEBUG - count : 9999
2014-10-29 17:50:42,108 - DEBUG - error_count : 12
2014-10-29 17:50:42,109 - DEBUG - excluded_count : 509
2014-10-29 17:50:42,109 - DEBUG - scale values min {4: -74.168175, 5: 40.59893, 6: -74.18412, 7: 40.570938}
2014-10-29 17:50:42,109 - DEBUG - scale values max {4: -73.741234, 5: 40.875977, 6: -73.715225, 7: 40.908848}
2014-10-29 17:50:42,753 - DEBUG - count : 9999
2014-10-29 17:50:42,753 - DEBUG - error_count : 12
2014-10-29 17:50:42,753 - DEBUG - excluded_count : 509
2014-10-29 17:54:13,181 - DEBUG - count : 9999
2014-10-29 17:54:13,182 - DEBUG - error_count : 0
2014-10-29 17:54:13,182 - DEBUG - excluded_count : 0
2014-10-29 17:54:13,183 - DEBUG - Derived mean 3.35660166017
2014-10-29 17:54:13,183 - DEBUG - Derived std 3.69761448338
2014-10-29 17:54:13,796 - DEBUG - count : 9999
2014-10-29 17:54:13,796 - DEBUG - error_count : 12
2014-10-29 17:54:13,796 - DEBUG - excluded_count : 509
2014-10-29 17:54:13,796 - DEBUG - scale values min {4: -74.168175, 5: 40.59893, 6: -74.18412, 7: 40.570938}
2014-10-29 17:54:13,796 - DEBUG - scale values max {4: -73.741234, 5: 40.875977, 6: -73.715225, 7: 40.908848}
2014-10-29 17:54:14,449 - DEBUG - count : 9999
2014-10-29 17:54:14,449 - DEBUG - error_count : 12
2014-10-29 17:54:14,449 - DEBUG - excluded_count : 509
2014-10-29 17:57:19,111 - DEBUG - count : 9999
2014-10-29 17:57:19,111 - DEBUG - error_count : 0
2014-10-29 17:57:19,111 - DEBUG - excluded_count : 0
2014-10-29 17:57:19,112 - DEBUG - Derived mean 3.35660166017
2014-10-29 17:57:19,112 - DEBUG - Derived std 3.69761448338
2014-10-29 17:57:19,723 - DEBUG - count : 9999
2014-10-29 17:57:19,723 - DEBUG - error_count : 12
2014-10-29 17:57:19,723 - DEBUG - excluded_count : 509
2014-10-29 17:57:19,723 - DEBUG - scale values min {4: -74.168175, 5: 40.59893, 6: -74.18412, 7: 40.570938}
2014-10-29 17:57:19,723 - DEBUG - scale values max {4: -73.741234, 5: 40.875977, 6: -73.715225, 7: 40.908848}
2014-10-29 17:57:20,392 - DEBUG - count : 9999
2014-10-29 17:57:20,392 - DEBUG - error_count : 12
2014-10-29 17:57:20,392 - DEBUG - excluded_count : 509
2014-10-29 18:02:17,529 - DEBUG - count : 9999
2014-10-29 18:02:17,529 - DEBUG - error_count : 0
2014-10-29 18:02:17,529 - DEBUG - excluded_count : 0
2014-10-29 18:02:17,530 - DEBUG - Derived mean 3.35660166017
2014-10-29 18:02:17,530 - DEBUG - Derived std 3.69761448338
2014-10-29 18:02:18,142 - DEBUG - count : 9999
2014-10-29 18:02:18,142 - DEBUG - error_count : 12
2014-10-29 18:02:18,142 - DEBUG - excluded_count : 509
2014-10-29 18:02:18,142 - DEBUG - scale values min {4: -74.168175, 5: 40.59893, 6: -74.18412, 7: 40.570938}
2014-10-29 18:02:18,142 - DEBUG - scale values max {4: -73.741234, 5: 40.875977, 6: -73.715225, 7: 40.908848}
2014-10-29 18:02:18,786 - DEBUG - count : 9999
2014-10-29 18:02:18,786 - DEBUG - error_count : 12
2014-10-29 18:02:18,786 - DEBUG - excluded_count : 509
2014-10-29 18:02:56,298 - DEBUG - count : 9999
2014-10-29 18:02:56,298 - DEBUG - error_count : 0
2014-10-29 18:02:56,298 - DEBUG - excluded_count : 0
2014-10-29 18:02:56,299 - DEBUG - Derived mean 3.35660166017
2014-10-29 18:02:56,300 - DEBUG - Derived std 3.69761448338
2014-10-29 18:02:56,900 - DEBUG - count : 9999
2014-10-29 18:02:56,900 - DEBUG - error_count : 12
2014-10-29 18:02:56,900 - DEBUG - excluded_count : 509
2014-10-29 18:02:56,900 - DEBUG - scale values min {4: -74.168175, 5: 40.59893, 6: -74.18412, 7: 40.570938}
2014-10-29 18:02:56,900 - DEBUG - scale values max {4: -73.741234, 5: 40.875977, 6: -73.715225, 7: 40.908848}
2014-10-29 18:02:57,537 - DEBUG - count : 9999
2014-10-29 18:02:57,537 - DEBUG - error_count : 12
2014-10-29 18:02:57,537 - DEBUG - excluded_count : 509
2014-10-29 18:03:21,346 - DEBUG - count : 9999
2014-10-29 18:03:21,346 - DEBUG - error_count : 0
2014-10-29 18:03:21,346 - DEBUG - excluded_count : 0
2014-10-29 18:03:21,348 - DEBUG - Derived mean 3.35660166017
2014-10-29 18:03:21,348 - DEBUG - Derived std 3.69761448338
2014-10-29 18:03:21,954 - DEBUG - count : 9999
2014-10-29 18:03:21,954 - DEBUG - error_count : 12
2014-10-29 18:03:21,954 - DEBUG - excluded_count : 509
2014-10-29 18:03:21,954 - DEBUG - scale values min {4: -74.168175, 5: 40.59893, 6: -74.18412, 7: 40.570938}
2014-10-29 18:03:21,955 - DEBUG - scale values max {4: -73.741234, 5: 40.875977, 6: -73.715225, 7: 40.908848}
2014-10-29 18:03:22,621 - DEBUG - count : 9999
2014-10-29 18:03:22,621 - DEBUG - error_count : 12
2014-10-29 18:03:22,621 - DEBUG - excluded_count : 509
2014-10-29 18:03:48,951 - DEBUG - count : 9999
2014-10-29 18:03:48,951 - DEBUG - error_count : 0
2014-10-29 18:03:48,951 - DEBUG - excluded_count : 0
2014-10-29 18:03:48,953 - DEBUG - Derived mean 3.35660166017
2014-10-29 18:03:48,953 - DEBUG - Derived std 3.69761448338
2014-10-29 18:03:49,564 - DEBUG - count : 9999
2014-10-29 18:03:49,564 - DEBUG - error_count : 12
2014-10-29 18:03:49,564 - DEBUG - excluded_count : 509
2014-10-29 18:03:49,564 - DEBUG - scale values min {4: -74.168175, 5: 40.59893, 6: -74.18412, 7: 40.570938}
2014-10-29 18:03:49,564 - DEBUG - scale values max {4: -73.741234, 5: 40.875977, 6: -73.715225, 7: 40.908848}
2014-10-29 18:03:50,224 - DEBUG - count : 9999
2014-10-29 18:03:50,224 - DEBUG - error_count : 12
2014-10-29 18:03:50,224 - DEBUG - excluded_count : 509
2014-10-29 18:04:48,931 - DEBUG - count : 9999
2014-10-29 18:04:48,931 - DEBUG - error_count : 0
2014-10-29 18:04:48,932 - DEBUG - excluded_count : 0
2014-10-29 18:04:48,933 - DEBUG - Derived mean 3.35660166017
2014-10-29 18:04:48,934 - DEBUG - Derived std 3.69761448338
2014-10-29 18:04:49,542 - DEBUG - count : 9999
2014-10-29 18:04:49,542 - DEBUG - error_count : 12
2014-10-29 18:04:49,542 - DEBUG - excluded_count : 509
2014-10-29 18:04:49,542 - DEBUG - scale values min {4: -74.168175, 5: 40.59893, 6: -74.18412, 7: 40.570938}
2014-10-29 18:04:49,542 - DEBUG - scale values max {4: -73.741234, 5: 40.875977, 6: -73.715225, 7: 40.908848}
2014-10-29 18:04:50,194 - DEBUG - count : 9999
2014-10-29 18:04:50,194 - DEBUG - error_count : 12
2014-10-29 18:04:50,194 - DEBUG - excluded_count : 509
2014-10-29 18:05:34,688 - DEBUG - count : 9999
2014-10-29 18:05:34,688 - DEBUG - error_count : 0
2014-10-29 18:05:34,688 - DEBUG - excluded_count : 0
2014-10-29 18:05:34,690 - DEBUG - Derived mean 3.35660166017
2014-10-29 18:05:34,690 - DEBUG - Derived std 3.69761448338
2014-10-29 18:05:35,293 - DEBUG - count : 9999
2014-10-29 18:05:35,293 - DEBUG - error_count : 12
2014-10-29 18:05:35,293 - DEBUG - excluded_count : 509
2014-10-29 18:05:35,293 - DEBUG - scale values min {4: -74.168175, 5: 40.59893, 6: -74.18412, 7: 40.570938}
2014-10-29 18:05:35,293 - DEBUG - scale values max {4: -73.741234, 5: 40.875977, 6: -73.715225, 7: 40.908848}
2014-10-29 18:05:35,946 - DEBUG - count : 9999
2014-10-29 18:05:35,946 - DEBUG - error_count : 12
2014-10-29 18:05:35,946 - DEBUG - excluded_count : 509
2014-10-29 18:06:12,290 - DEBUG - count : 9999
2014-10-29 18:06:12,290 - DEBUG - error_count : 0
2014-10-29 18:06:12,290 - DEBUG - excluded_count : 0
2014-10-29 18:06:12,291 - DEBUG - Derived mean 3.35660166017
2014-10-29 18:06:12,291 - DEBUG - Derived std 3.69761448338
2014-10-29 18:06:12,886 - DEBUG - count : 9999
2014-10-29 18:06:12,886 - DEBUG - error_count : 12
2014-10-29 18:06:12,886 - DEBUG - excluded_count : 509
2014-10-29 18:06:12,886 - DEBUG - scale values min {4: -74.168175, 5: 40.59893, 6: -74.18412, 7: 40.570938}
2014-10-29 18:06:12,886 - DEBUG - scale values max {4: -73.741234, 5: 40.875977, 6: -73.715225, 7: 40.908848}
2014-10-29 18:06:13,521 - DEBUG - count : 9999
2014-10-29 18:06:13,521 - DEBUG - error_count : 12
2014-10-29 18:06:13,521 - DEBUG - excluded_count : 509
2014-10-29 18:15:12,213 - DEBUG - count : 9999
2014-10-29 18:15:12,213 - DEBUG - error_count : 0
2014-10-29 18:15:12,213 - DEBUG - excluded_count : 0
2014-10-29 18:15:12,216 - DEBUG - Derived mean 3.35660166017
2014-10-29 18:15:12,216 - DEBUG - Derived std 3.69761448338
2014-10-29 18:15:12,824 - DEBUG - count : 9999
2014-10-29 18:15:12,824 - DEBUG - error_count : 12
2014-10-29 18:15:12,824 - DEBUG - excluded_count : 509
2014-10-29 18:15:12,824 - DEBUG - scale values min {4: -74.168175, 5: 40.59893, 6: -74.18412, 7: 40.570938}
2014-10-29 18:15:12,825 - DEBUG - scale values max {4: -73.741234, 5: 40.875977, 6: -73.715225, 7: 40.908848}
2014-10-29 18:15:13,449 - DEBUG - count : 9999
2014-10-29 18:15:13,450 - DEBUG - error_count : 12
2014-10-29 18:15:13,450 - DEBUG - excluded_count : 509
2014-10-29 18:15:23,510 - DEBUG - count : 9999
2014-10-29 18:15:23,510 - DEBUG - error_count : 0
2014-10-29 18:15:23,510 - DEBUG - excluded_count : 0
2014-10-29 18:15:23,512 - DEBUG - Derived mean 3.35660166017
2014-10-29 18:15:23,512 - DEBUG - Derived std 3.69761448338
2014-10-29 18:15:24,141 - DEBUG - count : 9999
2014-10-29 18:15:24,141 - DEBUG - error_count : 12
2014-10-29 18:15:24,141 - DEBUG - excluded_count : 509
2014-10-29 18:15:24,141 - DEBUG - scale values min {4: -74.168175, 5: 40.59893, 6: -74.18412, 7: 40.570938}
2014-10-29 18:15:24,141 - DEBUG - scale values max {4: -73.741234, 5: 40.875977, 6: -73.715225, 7: 40.908848}
2014-10-29 18:15:24,810 - DEBUG - count : 9999
2014-10-29 18:15:24,810 - DEBUG - error_count : 12
2014-10-29 18:15:24,810 - DEBUG - excluded_count : 509
2014-10-29 18:15:48,277 - DEBUG - count : 9999
2014-10-29 18:15:48,277 - DEBUG - error_count : 0
2014-10-29 18:15:48,277 - DEBUG - excluded_count : 0
2014-10-29 18:15:48,279 - DEBUG - Derived mean 3.35660166017
2014-10-29 18:15:48,279 - DEBUG - Derived std 3.69761448338
2014-10-29 18:15:48,856 - DEBUG - count : 9999
2014-10-29 18:15:48,856 - DEBUG - error_count : 12
2014-10-29 18:15:48,856 - DEBUG - excluded_count : 509
2014-10-29 18:15:48,856 - DEBUG - scale values min {4: -74.168175, 5: 40.59893, 6: -74.18412, 7: 40.570938}
2014-10-29 18:15:48,856 - DEBUG - scale values max {4: -73.741234, 5: 40.875977, 6: -73.715225, 7: 40.908848}
2014-10-29 18:15:49,488 - DEBUG - count : 9999
2014-10-29 18:15:49,489 - DEBUG - error_count : 12
2014-10-29 18:15:49,489 - DEBUG - excluded_count : 509
2014-10-29 18:16:10,358 - DEBUG - count : 9999
2014-10-29 18:16:10,359 - DEBUG - error_count : 0
2014-10-29 18:16:10,359 - DEBUG - excluded_count : 0
2014-10-29 18:16:10,360 - DEBUG - Derived mean 3.35660166017
2014-10-29 18:16:10,360 - DEBUG - Derived std 3.69761448338
2014-10-29 18:16:10,963 - DEBUG - count : 9999
2014-10-29 18:16:10,963 - DEBUG - error_count : 12
2014-10-29 18:16:10,963 - DEBUG - excluded_count : 509
2014-10-29 18:16:10,963 - DEBUG - scale values min {4: -74.168175, 5: 40.59893, 6: -74.18412, 7: 40.570938}
2014-10-29 18:16:10,963 - DEBUG - scale values max {4: -73.741234, 5: 40.875977, 6: -73.715225, 7: 40.908848}
2014-10-29 18:16:11,591 - DEBUG - count : 9999
2014-10-29 18:16:11,591 - DEBUG - error_count : 12
2014-10-29 18:16:11,591 - DEBUG - excluded_count : 509
2014-10-29 18:20:24,943 - DEBUG - count : 9999
2014-10-29 18:20:24,943 - DEBUG - error_count : 0
2014-10-29 18:20:24,943 - DEBUG - excluded_count : 0
2014-10-29 18:20:24,944 - DEBUG - Derived mean 3.35660166017
2014-10-29 18:20:24,944 - DEBUG - Derived std 3.69761448338
2014-10-29 18:20:25,538 - DEBUG - count : 9999
2014-10-29 18:20:25,538 - DEBUG - error_count : 12
2014-10-29 18:20:25,538 - DEBUG - excluded_count : 509
2014-10-29 18:20:25,538 - DEBUG - scale values min {4: -74.168175, 5: 40.59893, 6: -74.18412, 7: 40.570938}
2014-10-29 18:20:25,538 - DEBUG - scale values max {4: -73.741234, 5: 40.875977, 6: -73.715225, 7: 40.908848}
2014-10-29 18:20:26,158 - DEBUG - count : 9999
2014-10-29 18:20:26,158 - DEBUG - error_count : 12
2014-10-29 18:20:26,159 - DEBUG - excluded_count : 509
2014-10-29 18:24:43,265 - DEBUG - count : 9999
2014-10-29 18:24:43,265 - DEBUG - error_count : 0
2014-10-29 18:24:43,265 - DEBUG - excluded_count : 0
2014-10-29 18:24:43,266 - DEBUG - Derived mean 3.35660166017
2014-10-29 18:24:43,266 - DEBUG - Derived std 3.69761448338
2014-10-29 18:24:43,864 - DEBUG - count : 9999
2014-10-29 18:24:43,865 - DEBUG - error_count : 12
2014-10-29 18:24:43,865 - DEBUG - excluded_count : 509
2014-10-29 18:24:43,865 - DEBUG - scale values min {4: -74.168175, 5: 40.59893, 6: -74.18412, 7: 40.570938}
2014-10-29 18:24:43,865 - DEBUG - scale values max {4: -73.741234, 5: 40.875977, 6: -73.715225, 7: 40.908848}
2014-10-29 18:24:44,510 - DEBUG - count : 9999
2014-10-29 18:24:44,510 - DEBUG - error_count : 12
2014-10-29 18:24:44,510 - DEBUG - excluded_count : 509
2014-10-29 18:33:19,456 - DEBUG - count : 9999
2014-10-29 18:33:19,456 - DEBUG - error_count : 0
2014-10-29 18:33:19,456 - DEBUG - excluded_count : 0
2014-10-29 18:33:19,457 - DEBUG - Derived mean 3.35660166017
2014-10-29 18:33:19,457 - DEBUG - Derived std 3.69761448338
2014-10-29 18:33:20,078 - DEBUG - count : 9999
2014-10-29 18:33:20,079 - DEBUG - error_count : 12
2014-10-29 18:33:20,079 - DEBUG - excluded_count : 509
2014-10-29 18:33:20,079 - DEBUG - scale values min {4: -74.168175, 5: 40.59893, 6: -74.18412, 7: 40.570938}
2014-10-29 18:33:20,079 - DEBUG - scale values max {4: -73.741234, 5: 40.875977, 6: -73.715225, 7: 40.908848}
2014-10-29 18:33:20,735 - DEBUG - count : 9999
2014-10-29 18:33:20,735 - DEBUG - error_count : 12
2014-10-29 18:33:20,735 - DEBUG - excluded_count : 509
2014-10-29 18:35:00,276 - DEBUG - count : 9999
2014-10-29 18:35:00,276 - DEBUG - error_count : 0
2014-10-29 18:35:00,276 - DEBUG - excluded_count : 0
2014-10-29 18:35:00,278 - DEBUG - Derived mean 3.35660166017
2014-10-29 18:35:00,278 - DEBUG - Derived std 3.69761448338
2014-10-29 18:35:00,914 - DEBUG - count : 9999
2014-10-29 18:35:00,914 - DEBUG - error_count : 12
2014-10-29 18:35:00,914 - DEBUG - excluded_count : 509
2014-10-29 18:35:00,914 - DEBUG - scale values min {4: -74.168175, 5: 40.59893, 6: -74.18412, 7: 40.570938}
2014-10-29 18:35:00,915 - DEBUG - scale values max {4: -73.741234, 5: 40.875977, 6: -73.715225, 7: 40.908848}
2014-10-29 18:35:01,574 - DEBUG - count : 9999
2014-10-29 18:35:01,574 - DEBUG - error_count : 12
2014-10-29 18:35:01,574 - DEBUG - excluded_count : 509
2014-10-29 18:48:27,694 - DEBUG - count : 9999
2014-10-29 18:48:27,694 - DEBUG - error_count : 0
2014-10-29 18:48:27,695 - DEBUG - excluded_count : 0
2014-10-29 18:48:27,696 - DEBUG - Derived mean 3.35660166017
2014-10-29 18:48:27,696 - DEBUG - Derived std 3.69761448338
2014-10-29 18:48:28,293 - DEBUG - count : 9999
2014-10-29 18:48:28,293 - DEBUG - error_count : 12
2014-10-29 18:48:28,293 - DEBUG - excluded_count : 509
2014-10-29 18:48:28,294 - DEBUG - scale values min {4: -74.168175, 5: 40.59893, 6: -74.18412, 7: 40.570938}
2014-10-29 18:48:28,294 - DEBUG - scale values max {4: -73.741234, 5: 40.875977, 6: -73.715225, 7: 40.908848}
2014-10-29 18:48:28,957 - DEBUG - count : 9999
2014-10-29 18:48:28,957 - DEBUG - error_count : 12
2014-10-29 18:48:28,957 - DEBUG - excluded_count : 509
2014-10-29 18:50:11,879 - DEBUG - count : 9999
2014-10-29 18:50:11,879 - DEBUG - error_count : 0
2014-10-29 18:50:11,879 - DEBUG - excluded_count : 0
2014-10-29 18:50:11,880 - DEBUG - Derived mean 3.35660166017
2014-10-29 18:50:11,880 - DEBUG - Derived std 3.69761448338
2014-10-29 18:50:12,462 - DEBUG - count : 9999
2014-10-29 18:50:12,462 - DEBUG - error_count : 12
2014-10-29 18:50:12,462 - DEBUG - excluded_count : 509
2014-10-29 18:50:12,462 - DEBUG - scale values min {4: -74.168175, 5: 40.59893, 6: -74.18412, 7: 40.570938}
2014-10-29 18:50:12,462 - DEBUG - scale values max {4: -73.741234, 5: 40.875977, 6: -73.715225, 7: 40.908848}
2014-10-29 18:50:13,090 - DEBUG - count : 9999
2014-10-29 18:50:13,090 - DEBUG - error_count : 12
2014-10-29 18:50:13,090 - DEBUG - excluded_count : 509
2014-10-29 18:51:08,189 - DEBUG - count : 9999
2014-10-29 18:51:08,189 - DEBUG - error_count : 0
2014-10-29 18:51:08,189 - DEBUG - excluded_count : 0
2014-10-29 18:51:08,190 - DEBUG - Derived mean 3.35660166017
2014-10-29 18:51:08,190 - DEBUG - Derived std 3.69761448338
2014-10-29 18:51:08,795 - DEBUG - count : 9999
2014-10-29 18:51:08,795 - DEBUG - error_count : 12
2014-10-29 18:51:08,796 - DEBUG - excluded_count : 509
2014-10-29 18:51:08,796 - DEBUG - scale values min {4: -74.168175, 5: 40.59893, 6: -74.18412, 7: 40.570938}
2014-10-29 18:51:08,796 - DEBUG - scale values max {4: -73.741234, 5: 40.875977, 6: -73.715225, 7: 40.908848}
2014-10-29 18:51:09,415 - DEBUG - count : 9999
2014-10-29 18:51:09,415 - DEBUG - error_count : 12
2014-10-29 18:51:09,416 - DEBUG - excluded_count : 509
2014-10-29 18:52:58,522 - DEBUG - count : 466339
2014-10-29 18:52:58,522 - DEBUG - error_count : 4
2014-10-29 18:52:58,522 - DEBUG - excluded_count : 0
2014-10-29 18:52:58,578 - DEBUG - Derived mean 2.73924170393
2014-10-29 18:52:58,578 - DEBUG - Derived std 3.20131608498
2014-10-29 18:53:18,115 - DEBUG - count : 466339
2014-10-29 18:53:18,115 - DEBUG - error_count : 4
2014-10-29 18:53:18,115 - DEBUG - excluded_count : 0
2014-10-29 18:53:18,170 - DEBUG - Derived mean 2.73924170393
2014-10-29 18:53:18,170 - DEBUG - Derived std 3.20131608498
2014-10-29 18:53:49,022 - DEBUG - count : 466339
2014-10-29 18:53:49,022 - DEBUG - error_count : 268
2014-10-29 18:53:49,022 - DEBUG - excluded_count : 22979
2014-10-29 18:53:49,022 - DEBUG - scale values min {4: -75.183334, 5: 32.752827, 6: -75.666664, 7: 32.157597}
2014-10-29 18:53:49,023 - DEBUG - scale values max {4: -71.128899, 5: 41.516666, 6: -71.293228, 7: 41.453693}
2014-10-29 18:54:22,404 - DEBUG - count : 466339
2014-10-29 18:54:22,404 - DEBUG - error_count : 268
2014-10-29 18:54:22,404 - DEBUG - excluded_count : 22979
2014-10-29 19:05:32,862 - DEBUG - count : 9999
2014-10-29 19:05:32,863 - DEBUG - error_count : 0
2014-10-29 19:05:32,863 - DEBUG - excluded_count : 0
2014-10-29 19:05:32,865 - DEBUG - Derived mean 3.35660166017
2014-10-29 19:05:32,865 - DEBUG - Derived std 3.69761448338
2014-10-29 19:05:33,442 - DEBUG - count : 9999
2014-10-29 19:05:33,442 - DEBUG - error_count : 12
2014-10-29 19:05:33,442 - DEBUG - excluded_count : 509
2014-10-29 19:05:33,442 - DEBUG - scale values min {4: -74.168175, 5: 40.59893, 6: -74.18412, 7: 40.570938}
2014-10-29 19:05:33,442 - DEBUG - scale values max {4: -73.741234, 5: 40.875977, 6: -73.715225, 7: 40.908848}
2014-10-29 19:05:34,193 - DEBUG - count : 9999
2014-10-29 19:05:34,194 - DEBUG - error_count : 12
2014-10-29 19:05:34,194 - DEBUG - excluded_count : 509
2014-10-29 19:06:34,998 - DEBUG - count : 466339
2014-10-29 19:06:34,998 - DEBUG - error_count : 4
2014-10-29 19:06:34,998 - DEBUG - excluded_count : 0
2014-10-29 19:06:35,051 - DEBUG - Derived mean 2.73924170393
2014-10-29 19:06:35,052 - DEBUG - Derived std 3.20131608498
2014-10-29 19:07:04,727 - DEBUG - count : 466339
2014-10-29 19:07:04,727 - DEBUG - error_count : 268
2014-10-29 19:07:04,728 - DEBUG - excluded_count : 22979
2014-10-29 19:07:04,728 - DEBUG - scale values min {4: -75.183334, 5: 32.752827, 6: -75.666664, 7: 32.157597}
2014-10-29 19:07:04,728 - DEBUG - scale values max {4: -71.128899, 5: 41.516666, 6: -71.293228, 7: 41.453693}
2014-10-29 19:07:34,087 - DEBUG - count : 466339
2014-10-29 19:07:34,087 - DEBUG - error_count : 268
2014-10-29 19:07:34,087 - DEBUG - excluded_count : 22979
2014-10-29 19:13:33,876 - DEBUG - count : 9999
2014-10-29 19:13:33,876 - DEBUG - error_count : 0
2014-10-29 19:13:33,876 - DEBUG - excluded_count : 0
2014-10-29 19:13:33,878 - DEBUG - Derived mean 3.35660166017
2014-10-29 19:13:33,878 - DEBUG - Derived std 3.69761448338
2014-10-29 19:13:34,024 - DEBUG - count : 9999
2014-10-29 19:13:34,024 - DEBUG - error_count : 12
2014-10-29 19:13:34,025 - DEBUG - excluded_count : 509
2014-10-29 19:13:34,025 - DEBUG - scale values min {6: -74.18412, 7: 40.570938}
2014-10-29 19:13:34,025 - DEBUG - scale values max {6: -73.715225, 7: 40.908848}
2014-10-29 19:13:34,330 - DEBUG - count : 9999
2014-10-29 19:13:34,330 - DEBUG - error_count : 12
2014-10-29 19:13:34,330 - DEBUG - excluded_count : 509
2014-10-29 19:14:10,141 - DEBUG - count : 466339
2014-10-29 19:14:10,142 - DEBUG - error_count : 4
2014-10-29 19:14:10,142 - DEBUG - excluded_count : 0
2014-10-29 19:14:10,200 - DEBUG - Derived mean 2.73924170393
2014-10-29 19:14:10,200 - DEBUG - Derived std 3.20131608498
2014-10-29 19:14:18,378 - DEBUG - count : 466339
2014-10-29 19:14:18,378 - DEBUG - error_count : 268
2014-10-29 19:14:18,378 - DEBUG - excluded_count : 22979
2014-10-29 19:14:18,378 - DEBUG - scale values min {6: -75.666664, 7: 32.157597}
2014-10-29 19:14:18,378 - DEBUG - scale values max {6: -71.293228, 7: 41.453693}
2014-10-29 19:14:27,114 - DEBUG - count : 466339
2014-10-29 19:14:27,114 - DEBUG - error_count : 268
2014-10-29 19:14:27,114 - DEBUG - excluded_count : 22979
2014-10-29 19:19:23,506 - DEBUG - count : 466339
2014-10-29 19:19:23,506 - DEBUG - error_count : 4
2014-10-29 19:19:23,506 - DEBUG - excluded_count : 0
2014-10-29 19:19:23,560 - DEBUG - Derived mean 2.73924170393
2014-10-29 19:19:23,561 - DEBUG - Derived std 3.20131608498
2014-10-29 19:19:30,628 - DEBUG - count : 466339
2014-10-29 19:19:30,628 - DEBUG - error_count : 268
2014-10-29 19:19:30,628 - DEBUG - excluded_count : 22979
2014-10-29 19:19:30,629 - DEBUG - scale values min {6: -75.666664, 7: 32.157597}
2014-10-29 19:19:30,629 - DEBUG - scale values max {6: -71.293228, 7: 41.453693}
2014-10-29 19:20:00,193 - DEBUG - count : 466339
2014-10-29 19:20:00,194 - DEBUG - error_count : 454128
2014-10-29 19:20:00,194 - DEBUG - excluded_count : 11211
2014-10-29 19:21:21,072 - DEBUG - count : 466339
2014-10-29 19:21:21,072 - DEBUG - error_count : 4
2014-10-29 19:21:21,072 - DEBUG - excluded_count : 0
2014-10-29 19:21:21,125 - DEBUG - Derived mean 2.73924170393
2014-10-29 19:21:21,125 - DEBUG - Derived std 3.20131608498
2014-10-29 19:21:28,179 - DEBUG - count : 466339
2014-10-29 19:21:28,179 - DEBUG - error_count : 268
2014-10-29 19:21:28,179 - DEBUG - excluded_count : 22979
2014-10-29 19:21:28,179 - DEBUG - scale values min {6: -75.666664, 7: 32.157597}
2014-10-29 19:21:28,179 - DEBUG - scale values max {6: -71.293228, 7: 41.453693}
2014-10-29 19:22:04,813 - DEBUG - count : 466339
2014-10-29 19:22:04,814 - DEBUG - error_count : 4
2014-10-29 19:22:04,814 - DEBUG - excluded_count : 0
2014-10-29 19:22:04,868 - DEBUG - Derived mean 2.73924170393
2014-10-29 19:22:04,868 - DEBUG - Derived std 3.20131608498
2014-10-29 19:22:11,837 - DEBUG - count : 466339
2014-10-29 19:22:11,838 - DEBUG - error_count : 268
2014-10-29 19:22:11,838 - DEBUG - excluded_count : 22979
2014-10-29 19:22:11,838 - DEBUG - scale values min {6: -75.666664, 7: 32.157597}
2014-10-29 19:22:11,838 - DEBUG - scale values max {6: -71.293228, 7: 41.453693}
2014-10-29 19:22:19,605 - DEBUG - count : 466339
2014-10-29 19:22:19,606 - DEBUG - error_count : 268
2014-10-29 19:22:19,606 - DEBUG - excluded_count : 22979
2014-10-29 19:22:49,202 - DEBUG - count : 9999
2014-10-29 19:22:49,202 - DEBUG - error_count : 0
2014-10-29 19:22:49,202 - DEBUG - excluded_count : 0
2014-10-29 19:22:49,204 - DEBUG - Derived mean 3.35660166017
2014-10-29 19:22:49,204 - DEBUG - Derived std 3.69761448338
2014-10-29 19:22:49,351 - DEBUG - count : 9999
2014-10-29 19:22:49,351 - DEBUG - error_count : 12
2014-10-29 19:22:49,352 - DEBUG - excluded_count : 509
2014-10-29 19:22:49,352 - DEBUG - scale values min {6: -74.18412, 7: 40.570938}
2014-10-29 19:22:49,352 - DEBUG - scale values max {6: -73.715225, 7: 40.908848}
2014-10-29 19:22:49,515 - DEBUG - count : 9999
2014-10-29 19:22:49,515 - DEBUG - error_count : 12
2014-10-29 19:22:49,515 - DEBUG - excluded_count : 509
2014-10-29 19:23:16,254 - DEBUG - count : 466339
2014-10-29 19:23:16,254 - DEBUG - error_count : 4
2014-10-29 19:23:16,254 - DEBUG - excluded_count : 0
2014-10-29 19:23:16,307 - DEBUG - Derived mean 2.73924170393
2014-10-29 19:23:16,307 - DEBUG - Derived std 3.20131608498
2014-10-29 19:23:23,695 - DEBUG - count : 466339
2014-10-29 19:23:23,695 - DEBUG - error_count : 268
2014-10-29 19:23:23,695 - DEBUG - excluded_count : 22979
2014-10-29 19:23:23,695 - DEBUG - scale values min {6: -75.666664, 7: 32.157597}
2014-10-29 19:23:23,695 - DEBUG - scale values max {6: -71.293228, 7: 41.453693}
2014-10-29 19:23:31,585 - DEBUG - count : 466339
2014-10-29 19:23:31,585 - DEBUG - error_count : 268
2014-10-29 19:23:31,585 - DEBUG - excluded_count : 22979
2014-10-29 19:26:05,829 - DEBUG - count : 466339
2014-10-29 19:26:05,829 - DEBUG - error_count : 4
2014-10-29 19:26:05,829 - DEBUG - excluded_count : 0
2014-10-29 19:26:05,885 - DEBUG - Derived mean 2.73924170393
2014-10-29 19:26:05,885 - DEBUG - Derived std 3.20131608498
2014-10-29 19:26:12,985 - DEBUG - count : 466339
2014-10-29 19:26:12,985 - DEBUG - error_count : 268
2014-10-29 19:26:12,985 - DEBUG - excluded_count : 22979
2014-10-29 19:26:12,985 - DEBUG - scale values min {6: -75.666664, 7: 32.157597}
2014-10-29 19:26:12,985 - DEBUG - scale values max {6: -71.293228, 7: 41.453693}
2014-10-29 19:26:21,162 - DEBUG - count : 466339
2014-10-29 19:26:21,162 - DEBUG - error_count : 268
2014-10-29 19:26:21,162 - DEBUG - excluded_count : 22979
2014-10-29 19:26:29,275 - DEBUG - count : 466339
2014-10-29 19:26:29,275 - DEBUG - error_count : 268
2014-10-29 19:26:29,275 - DEBUG - excluded_count : 22979
2014-10-29 19:28:03,204 - DEBUG - count : 466339
2014-10-29 19:28:03,204 - DEBUG - error_count : 4
2014-10-29 19:28:03,204 - DEBUG - excluded_count : 0
2014-10-29 19:28:03,258 - DEBUG - Derived mean 2.73924170393
2014-10-29 19:28:03,258 - DEBUG - Derived std 3.20131608498
2014-10-29 19:28:10,446 - DEBUG - count : 466339
2014-10-29 19:28:10,446 - DEBUG - error_count : 268
2014-10-29 19:28:10,446 - DEBUG - excluded_count : 22979
2014-10-29 19:28:10,446 - DEBUG - scale values min {6: -75.666664, 7: 32.157597}
2014-10-29 19:28:10,446 - DEBUG - scale values max {6: -71.293228, 7: 41.453693}
2014-10-29 19:28:18,694 - DEBUG - count : 466339
2014-10-29 19:28:18,694 - DEBUG - error_count : 268
2014-10-29 19:28:18,694 - DEBUG - excluded_count : 22979
2014-10-29 19:29:47,218 - DEBUG - count : 466339
2014-10-29 19:29:47,218 - DEBUG - error_count : 4
2014-10-29 19:29:47,218 - DEBUG - excluded_count : 0
2014-10-29 19:29:47,273 - DEBUG - Derived mean 2.73924170393
2014-10-29 19:29:47,273 - DEBUG - Derived std 3.20131608498
2014-10-29 19:29:54,472 - DEBUG - count : 466339
2014-10-29 19:29:54,472 - DEBUG - error_count : 268
2014-10-29 19:29:54,472 - DEBUG - excluded_count : 22979
2014-10-29 19:30:02,444 - DEBUG - count : 466339
2014-10-29 19:30:02,444 - DEBUG - error_count : 268
2014-10-29 19:30:02,444 - DEBUG - excluded_count : 22979
2014-10-29 19:31:20,543 - DEBUG - count : 466339
2014-10-29 19:31:20,543 - DEBUG - error_count : 4
2014-10-29 19:31:20,543 - DEBUG - excluded_count : 0
2014-10-29 19:31:20,605 - DEBUG - Derived mean 2.73924170393
2014-10-29 19:31:20,606 - DEBUG - Derived std 3.20131608498
2014-10-29 19:31:27,924 - DEBUG - count : 466339
2014-10-29 19:31:27,924 - DEBUG - error_count : 268
2014-10-29 19:31:27,924 - DEBUG - excluded_count : 22979
2014-10-29 19:31:44,048 - DEBUG - count : 466339
2014-10-29 19:31:44,048 - DEBUG - error_count : 269
2014-10-29 19:31:44,048 - DEBUG - excluded_count : 22979
2014-10-29 19:40:00,329 - DEBUG - count : 466339
2014-10-29 19:40:00,350 - DEBUG - error_count : 4
2014-10-29 19:40:00,350 - DEBUG - excluded_count : 0
2014-10-29 19:40:00,407 - DEBUG - Derived mean 2.73924170393
2014-10-29 19:40:00,408 - DEBUG - Derived std 3.20131608498
2014-10-29 19:40:07,758 - DEBUG - count : 466339
2014-10-29 19:40:07,758 - DEBUG - error_count : 268
2014-10-29 19:40:07,758 - DEBUG - excluded_count : 22979
2014-10-29 19:40:25,350 - DEBUG - count : 466339
2014-10-29 19:40:25,350 - DEBUG - error_count : 269
2014-10-29 19:40:25,350 - DEBUG - excluded_count : 22979
2014-10-29 19:40:50,425 - DEBUG - count : 9999
2014-10-29 19:40:50,425 - DEBUG - error_count : 0
2014-10-29 19:40:50,425 - DEBUG - excluded_count : 0
2014-10-29 19:40:50,426 - DEBUG - Derived mean 3.35660166017
2014-10-29 19:40:50,426 - DEBUG - Derived std 3.69761448338
2014-10-29 19:40:50,582 - DEBUG - count : 9999
2014-10-29 19:40:50,582 - DEBUG - error_count : 12
2014-10-29 19:40:50,582 - DEBUG - excluded_count : 509
2014-10-29 19:40:50,942 - DEBUG - count : 9999
2014-10-29 19:40:50,943 - DEBUG - error_count : 12
2014-10-29 19:40:50,943 - DEBUG - excluded_count : 509
2014-10-29 19:42:45,729 - DEBUG - count : 466339
2014-10-29 19:42:45,729 - DEBUG - error_count : 4
2014-10-29 19:42:45,729 - DEBUG - excluded_count : 0
2014-10-29 19:42:45,783 - DEBUG - Derived mean 2.73924170393
2014-10-29 19:42:45,783 - DEBUG - Derived std 3.20131608498
2014-10-29 19:42:52,912 - DEBUG - count : 466339
2014-10-29 19:42:52,913 - DEBUG - error_count : 268
2014-10-29 19:42:52,913 - DEBUG - excluded_count : 22979
2014-10-29 19:42:56,495 - ERROR - Scaling error
Traceback (most recent call last):
  File "A.py", line 68, in custom_transform
    print (row[index] - min_values[index]) / (max_values[index]-min_values[index])
KeyboardInterrupt
2014-10-29 19:42:57,731 - ERROR - Scaling error
Traceback (most recent call last):
  File "A.py", line 68, in custom_transform
    print (row[index] - min_values[index]) / (max_values[index]-min_values[index])
KeyboardInterrupt
2014-10-29 19:42:58,888 - ERROR - Scaling error
Traceback (most recent call last):
  File "A.py", line 69, in custom_transform
    row[index] = int(round(div_size * (row[index] - min_values[index]) / (max_values[index]-min_values[index]),0))
KeyboardInterrupt
2014-10-29 19:43:00,026 - ERROR - Scaling error
Traceback (most recent call last):
  File "A.py", line 69, in custom_transform
    row[index] = int(round(div_size * (row[index] - min_values[index]) / (max_values[index]-min_values[index]),0))
KeyboardInterrupt
2014-10-29 19:43:02,169 - ERROR - Scaling error
Traceback (most recent call last):
  File "A.py", line 68, in custom_transform
    print (row[index] - min_values[index]) / (max_values[index]-min_values[index])
KeyboardInterrupt
2014-10-29 19:43:02,524 - ERROR - Scaling error
Traceback (most recent call last):
  File "A.py", line 68, in custom_transform
    print (row[index] - min_values[index]) / (max_values[index]-min_values[index])
KeyboardInterrupt
2014-10-29 19:43:03,394 - ERROR - Scaling error
Traceback (most recent call last):
  File "A.py", line 68, in custom_transform
    print (row[index] - min_values[index]) / (max_values[index]-min_values[index])
KeyboardInterrupt
2014-10-29 19:43:03,696 - ERROR - Scaling error
Traceback (most recent call last):
  File "A.py", line 69, in custom_transform
    row[index] = int(round(div_size * (row[index] - min_values[index]) / (max_values[index]-min_values[index]),0))
KeyboardInterrupt
2014-10-29 19:43:04,473 - ERROR - Scaling error
Traceback (most recent call last):
  File "A.py", line 68, in custom_transform
    print (row[index] - min_values[index]) / (max_values[index]-min_values[index])
KeyboardInterrupt
2014-10-29 19:43:04,585 - ERROR - Scaling error
Traceback (most recent call last):
  File "A.py", line 69, in custom_transform
    row[index] = int(round(div_size * (row[index] - min_values[index]) / (max_values[index]-min_values[index]),0))
KeyboardInterrupt
2014-10-29 19:43:04,697 - ERROR - Scaling error
Traceback (most recent call last):
  File "A.py", line 68, in custom_transform
    print (row[index] - min_values[index]) / (max_values[index]-min_values[index])
KeyboardInterrupt
2014-10-29 19:43:05,099 - ERROR - Scaling error
Traceback (most recent call last):
  File "A.py", line 69, in custom_transform
    row[index] = int(round(div_size * (row[index] - min_values[index]) / (max_values[index]-min_values[index]),0))
KeyboardInterrupt
2014-10-29 19:43:07,036 - ERROR - Scaling error
Traceback (most recent call last):
  File "A.py", line 69, in custom_transform
    row[index] = int(round(div_size * (row[index] - min_values[index]) / (max_values[index]-min_values[index]),0))
KeyboardInterrupt
2014-10-29 19:43:09,859 - ERROR - Scaling error
Traceback (most recent call last):
  File "A.py", line 68, in custom_transform
    print (row[index] - min_values[index]) / (max_values[index]-min_values[index])
KeyboardInterrupt
2014-10-29 19:46:50,910 - DEBUG - count : 466339
2014-10-29 19:46:50,911 - DEBUG - error_count : 4
2014-10-29 19:46:50,911 - DEBUG - excluded_count : 0
2014-10-29 19:46:50,965 - DEBUG - Derived mean 2.73924170393
2014-10-29 19:46:50,965 - DEBUG - Derived std 3.20131608498
2014-10-29 19:47:00,444 - DEBUG - count : 466339
2014-10-29 19:47:00,444 - DEBUG - error_count : 268
2014-10-29 19:47:00,444 - DEBUG - excluded_count : 22979
2014-10-29 19:47:10,457 - DEBUG - count : 466339
2014-10-29 19:47:10,457 - DEBUG - error_count : 268
2014-10-29 19:47:10,457 - DEBUG - excluded_count : 22979
2014-10-29 19:48:42,152 - DEBUG - count : 466339
2014-10-29 19:48:42,152 - DEBUG - error_count : 4
2014-10-29 19:48:42,153 - DEBUG - excluded_count : 0
2014-10-29 19:48:42,207 - DEBUG - Derived mean 2.73924170393
2014-10-29 19:48:42,207 - DEBUG - Derived std 3.20131608498
2014-10-29 19:48:51,671 - DEBUG - count : 466339
2014-10-29 19:48:51,671 - DEBUG - error_count : 268
2014-10-29 19:48:51,671 - DEBUG - excluded_count : 22979
2014-10-29 19:49:01,735 - DEBUG - count : 466339
2014-10-29 19:49:01,735 - DEBUG - error_count : 268
2014-10-29 19:49:01,735 - DEBUG - excluded_count : 22979
2014-10-29 19:57:39,907 - DEBUG - count : 466339
2014-10-29 19:57:39,907 - DEBUG - error_count : 4
2014-10-29 19:57:39,907 - DEBUG - excluded_count : 0
2014-10-29 19:57:39,960 - DEBUG - Derived mean 2.73924170393
2014-10-29 19:57:39,960 - DEBUG - Derived std 3.20131608498
2014-10-29 19:57:47,267 - DEBUG - count : 466339
2014-10-29 19:57:47,267 - DEBUG - error_count : 268
2014-10-29 19:57:47,267 - DEBUG - excluded_count : 22979
2014-10-29 19:57:49,114 - ERROR - Scaling error
Traceback (most recent call last):
  File "A.py", line 68, in custom_transform
    print row[index], min_values[index], max_values[index]
KeyboardInterrupt
2014-10-29 19:57:49,528 - ERROR - Scaling error
Traceback (most recent call last):
  File "A.py", line 68, in custom_transform
    print row[index], min_values[index], max_values[index]
KeyboardInterrupt
2014-10-29 19:57:49,880 - ERROR - Scaling error
Traceback (most recent call last):
  File "A.py", line 68, in custom_transform
    print row[index], min_values[index], max_values[index]
KeyboardInterrupt
2014-10-29 19:57:50,033 - ERROR - Scaling error
Traceback (most recent call last):
  File "A.py", line 69, in custom_transform
    row[index] = int(round(div_size * (row[index] - min_values[index]) / (max_values[index]-min_values[index]),0))
KeyboardInterrupt
2014-10-29 19:57:50,146 - ERROR - Scaling error
Traceback (most recent call last):
  File "A.py", line 69, in custom_transform
    row[index] = int(round(div_size * (row[index] - min_values[index]) / (max_values[index]-min_values[index]),0))
KeyboardInterrupt
2014-10-29 19:57:50,271 - ERROR - Scaling error
Traceback (most recent call last):
  File "A.py", line 68, in custom_transform
    print row[index], min_values[index], max_values[index]
KeyboardInterrupt
2014-10-29 19:57:50,410 - ERROR - Scaling error
Traceback (most recent call last):
  File "A.py", line 67, in custom_transform
    for index in indexes[-2:]:
KeyboardInterrupt
2014-10-29 19:57:51,488 - ERROR - Scaling error
Traceback (most recent call last):
  File "A.py", line 68, in custom_transform
    print row[index], min_values[index], max_values[index]
KeyboardInterrupt
2014-10-29 19:57:51,638 - ERROR - Scaling error
Traceback (most recent call last):
  File "A.py", line 68, in custom_transform
    print row[index], min_values[index], max_values[index]
KeyboardInterrupt
2014-10-29 19:57:51,802 - ERROR - Scaling error
Traceback (most recent call last):
  File "A.py", line 68, in custom_transform
    print row[index], min_values[index], max_values[index]
KeyboardInterrupt
2014-10-29 19:57:51,946 - ERROR - Scaling error
Traceback (most recent call last):
  File "A.py", line 68, in custom_transform
    print row[index], min_values[index], max_values[index]
KeyboardInterrupt
2014-10-29 19:57:52,081 - ERROR - Scaling error
Traceback (most recent call last):
  File "A.py", line 68, in custom_transform
    print row[index], min_values[index], max_values[index]
KeyboardInterrupt
2014-10-29 19:57:52,214 - ERROR - Scaling error
Traceback (most recent call last):
  File "A.py", line 68, in custom_transform
    print row[index], min_values[index], max_values[index]
KeyboardInterrupt
2014-10-29 19:57:52,334 - ERROR - Scaling error
Traceback (most recent call last):
  File "A.py", line 67, in custom_transform
    for index in indexes[-2:]:
KeyboardInterrupt
2014-10-29 19:57:52,450 - ERROR - Scaling error
Traceback (most recent call last):
  File "A.py", line 69, in custom_transform
    row[index] = int(round(div_size * (row[index] - min_values[index]) / (max_values[index]-min_values[index]),0))
KeyboardInterrupt
2014-10-29 19:57:52,673 - ERROR - Scaling error
Traceback (most recent call last):
  File "A.py", line 68, in custom_transform
    print row[index], min_values[index], max_values[index]
KeyboardInterrupt
2014-10-29 19:57:52,793 - ERROR - Scaling error
Traceback (most recent call last):
  File "A.py", line 69, in custom_transform
    row[index] = int(round(div_size * (row[index] - min_values[index]) / (max_values[index]-min_values[index]),0))
KeyboardInterrupt
2014-10-29 19:57:52,898 - ERROR - Scaling error
Traceback (most recent call last):
  File "A.py", line 68, in custom_transform
    print row[index], min_values[index], max_values[index]
KeyboardInterrupt
2014-10-29 19:57:53,791 - ERROR - Scaling error
Traceback (most recent call last):
  File "A.py", line 68, in custom_transform
    print row[index], min_values[index], max_values[index]
KeyboardInterrupt
2014-10-29 19:57:53,943 - ERROR - Scaling error
Traceback (most recent call last):
  File "A.py", line 68, in custom_transform
    print row[index], min_values[index], max_values[index]
KeyboardInterrupt
2014-10-29 19:57:55,303 - ERROR - Scaling error
Traceback (most recent call last):
  File "A.py", line 68, in custom_transform
    print row[index], min_values[index], max_values[index]
KeyboardInterrupt
2014-10-29 19:57:55,586 - ERROR - Scaling error
Traceback (most recent call last):
  File "A.py", line 68, in custom_transform
    print row[index], min_values[index], max_values[index]
KeyboardInterrupt
2014-10-29 19:57:55,729 - ERROR - Scaling error
Traceback (most recent call last):
  File "A.py", line 68, in custom_transform
    print row[index], min_values[index], max_values[index]
KeyboardInterrupt
2014-10-29 19:57:56,031 - ERROR - Scaling error
Traceback (most recent call last):
  File "A.py", line 69, in custom_transform
    row[index] = int(round(div_size * (row[index] - min_values[index]) / (max_values[index]-min_values[index]),0))
KeyboardInterrupt
2014-10-29 19:57:56,175 - ERROR - Scaling error
Traceback (most recent call last):
  File "A.py", line 69, in custom_transform
    row[index] = int(round(div_size * (row[index] - min_values[index]) / (max_values[index]-min_values[index]),0))
KeyboardInterrupt
2014-10-29 19:57:56,551 - ERROR - Scaling error
Traceback (most recent call last):
  File "A.py", line 69, in custom_transform
    row[index] = int(round(div_size * (row[index] - min_values[index]) / (max_values[index]-min_values[index]),0))
KeyboardInterrupt
2014-10-29 19:57:56,682 - ERROR - Scaling error
Traceback (most recent call last):
  File "A.py", line 68, in custom_transform
    print row[index], min_values[index], max_values[index]
KeyboardInterrupt
2014-10-29 19:57:57,746 - ERROR - Scaling error
Traceback (most recent call last):
  File "A.py", line 68, in custom_transform
    print row[index], min_values[index], max_values[index]
KeyboardInterrupt
2014-10-29 19:57:58,330 - ERROR - Scaling error
Traceback (most recent call last):
  File "A.py", line 68, in custom_transform
    print row[index], min_values[index], max_values[index]
KeyboardInterrupt
2014-10-29 19:57:58,412 - ERROR - Scaling error
Traceback (most recent call last):
  File "A.py", line 69, in custom_transform
    row[index] = int(round(div_size * (row[index] - min_values[index]) / (max_values[index]-min_values[index]),0))
KeyboardInterrupt
2014-10-29 19:57:58,497 - ERROR - Scaling error
Traceback (most recent call last):
  File "A.py", line 68, in custom_transform
    print row[index], min_values[index], max_values[index]
KeyboardInterrupt
2014-10-29 19:57:58,577 - ERROR - Scaling error
Traceback (most recent call last):
  File "A.py", line 68, in custom_transform
    print row[index], min_values[index], max_values[index]
KeyboardInterrupt
2014-10-29 19:57:58,746 - ERROR - Scaling error
Traceback (most recent call last):
  File "A.py", line 69, in custom_transform
    row[index] = int(round(div_size * (row[index] - min_values[index]) / (max_values[index]-min_values[index]),0))
KeyboardInterrupt
2014-10-29 19:57:58,830 - ERROR - Scaling error
Traceback (most recent call last):
  File "A.py", line 68, in custom_transform
    print row[index], min_values[index], max_values[index]
KeyboardInterrupt
2014-10-29 19:57:59,166 - ERROR - Scaling error
Traceback (most recent call last):
  File "A.py", line 68, in custom_transform
    print row[index], min_values[index], max_values[index]
KeyboardInterrupt
2014-10-29 19:57:59,246 - ERROR - Scaling error
Traceback (most recent call last):
  File "A.py", line 68, in custom_transform
    print row[index], min_values[index], max_values[index]
KeyboardInterrupt
2014-10-29 19:58:00,466 - ERROR - Scaling error
Traceback (most recent call last):
  File "A.py", line 68, in custom_transform
    print row[index], min_values[index], max_values[index]
KeyboardInterrupt
2014-10-29 19:58:00,658 - ERROR - Scaling error
Traceback (most recent call last):
  File "A.py", line 68, in custom_transform
    print row[index], min_values[index], max_values[index]
KeyboardInterrupt
2014-10-29 19:58:01,163 - ERROR - Scaling error
Traceback (most recent call last):
  File "A.py", line 68, in custom_transform
    print row[index], min_values[index], max_values[index]
KeyboardInterrupt
2014-10-29 19:58:01,346 - ERROR - Scaling error
Traceback (most recent call last):
  File "A.py", line 68, in custom_transform
    print row[index], min_values[index], max_values[index]
KeyboardInterrupt
2014-10-29 19:58:01,668 - ERROR - Scaling error
Traceback (most recent call last):
  File "A.py", line 68, in custom_transform
    print row[index], min_values[index], max_values[index]
KeyboardInterrupt
2014-10-29 19:58:01,944 - ERROR - Scaling error
Traceback (most recent call last):
  File "A.py", line 68, in custom_transform
    print row[index], min_values[index], max_values[index]
KeyboardInterrupt
2014-10-29 19:58:02,200 - ERROR - Scaling error
Traceback (most recent call last):
  File "A.py", line 68, in custom_transform
    print row[index], min_values[index], max_values[index]
KeyboardInterrupt
2014-10-29 19:58:02,474 - ERROR - Scaling error
Traceback (most recent call last):
  File "A.py", line 68, in custom_transform
    print row[index], min_values[index], max_values[index]
KeyboardInterrupt
2014-10-29 19:58:02,635 - ERROR - Scaling error
Traceback (most recent call last):
  File "A.py", line 68, in custom_transform
    print row[index], min_values[index], max_values[index]
KeyboardInterrupt
2014-10-29 19:58:03,068 - ERROR - Scaling error
Traceback (most recent call last):
  File "A.py", line 68, in custom_transform
    print row[index], min_values[index], max_values[index]
KeyboardInterrupt
2014-10-29 19:58:03,221 - ERROR - Scaling error
Traceback (most recent call last):
  File "A.py", line 68, in custom_transform
    print row[index], min_values[index], max_values[index]
KeyboardInterrupt
2014-10-29 20:04:34,094 - DEBUG - count : 9999
2014-10-29 20:04:34,113 - DEBUG - error_count : 0
2014-10-29 20:04:34,113 - DEBUG - excluded_count : 0
2014-10-29 20:04:34,126 - DEBUG - Derived mean 3.35660166017
2014-10-29 20:04:34,126 - DEBUG - Derived std 3.69761448338
2014-10-29 20:04:34,294 - DEBUG - count : 9999
2014-10-29 20:04:34,294 - DEBUG - error_count : 12
2014-10-29 20:04:34,294 - DEBUG - excluded_count : 509
2014-10-29 20:04:34,470 - DEBUG - count : 9999
2014-10-29 20:04:34,471 - DEBUG - error_count : 12
2014-10-29 20:04:34,471 - DEBUG - excluded_count : 509
2014-10-29 20:08:26,141 - DEBUG - count : 9999
2014-10-29 20:08:26,157 - DEBUG - error_count : 0
2014-10-29 20:08:26,157 - DEBUG - excluded_count : 0
2014-10-29 20:08:26,160 - DEBUG - Derived mean 3.35660166017
2014-10-29 20:08:26,161 - DEBUG - Derived std 3.69761448338
2014-10-29 20:08:26,329 - DEBUG - count : 9999
2014-10-29 20:08:26,329 - DEBUG - error_count : 12
2014-10-29 20:08:26,329 - DEBUG - excluded_count : 509
2014-10-29 20:08:26,528 - DEBUG - count : 9999
2014-10-29 20:08:26,528 - DEBUG - error_count : 12
2014-10-29 20:08:26,528 - DEBUG - excluded_count : 509
2014-10-29 20:10:55,332 - DEBUG - count : 9999
2014-10-29 20:10:55,332 - DEBUG - error_count : 0
2014-10-29 20:10:55,332 - DEBUG - excluded_count : 0
2014-10-29 20:10:55,333 - DEBUG - Derived mean 3.35660166017
2014-10-29 20:10:55,333 - DEBUG - Derived std 3.69761448338
2014-10-29 20:10:55,413 - DEBUG - count : 9999
2014-10-29 20:10:55,413 - DEBUG - error_count : 0
2014-10-29 20:10:55,413 - DEBUG - excluded_count : 9999
2014-10-29 20:10:55,492 - DEBUG - count : 9999
2014-10-29 20:10:55,493 - DEBUG - error_count : 0
2014-10-29 20:10:55,493 - DEBUG - excluded_count : 9999
2014-10-29 20:11:49,617 - DEBUG - count : 9999
2014-10-29 20:11:49,617 - DEBUG - error_count : 0
2014-10-29 20:11:49,617 - DEBUG - excluded_count : 0
2014-10-29 20:11:49,618 - DEBUG - Derived mean 3.35660166017
2014-10-29 20:11:49,618 - DEBUG - Derived std 3.69761448338
2014-10-29 20:11:49,694 - DEBUG - count : 9999
2014-10-29 20:11:49,694 - DEBUG - error_count : 0
2014-10-29 20:11:49,694 - DEBUG - excluded_count : 9999
2014-10-29 20:11:49,782 - DEBUG - count : 9999
2014-10-29 20:11:49,782 - DEBUG - error_count : 0
2014-10-29 20:11:49,782 - DEBUG - excluded_count : 9999
2014-10-29 20:12:20,266 - DEBUG - count : 9999
2014-10-29 20:12:20,266 - DEBUG - error_count : 0
2014-10-29 20:12:20,266 - DEBUG - excluded_count : 0
2014-10-29 20:12:20,267 - DEBUG - Derived mean 3.35660166017
2014-10-29 20:12:20,267 - DEBUG - Derived std 3.69761448338
2014-10-29 20:12:20,414 - DEBUG - count : 9999
2014-10-29 20:12:20,414 - DEBUG - error_count : 12
2014-10-29 20:12:20,414 - DEBUG - excluded_count : 509
2014-10-29 20:12:20,580 - DEBUG - count : 9999
2014-10-29 20:12:20,580 - DEBUG - error_count : 12
2014-10-29 20:12:20,580 - DEBUG - excluded_count : 509
2014-10-29 20:12:52,527 - DEBUG - count : 466339
2014-10-29 20:12:52,527 - DEBUG - error_count : 4
2014-10-29 20:12:52,527 - DEBUG - excluded_count : 0
2014-10-29 20:12:52,582 - DEBUG - Derived mean 2.73924170393
2014-10-29 20:12:52,582 - DEBUG - Derived std 3.20131608498
2014-10-29 20:12:59,699 - DEBUG - count : 466339
2014-10-29 20:12:59,699 - DEBUG - error_count : 268
2014-10-29 20:12:59,699 - DEBUG - excluded_count : 22985
2014-10-29 20:13:07,644 - DEBUG - count : 466339
2014-10-29 20:13:07,644 - DEBUG - error_count : 268
2014-10-29 20:13:07,644 - DEBUG - excluded_count : 22985
2014-10-29 20:18:05,214 - DEBUG - count : 466339
2014-10-29 20:18:05,214 - DEBUG - error_count : 4
2014-10-29 20:18:05,214 - DEBUG - excluded_count : 0
2014-10-29 20:18:05,268 - DEBUG - Derived mean 2.73924170393
2014-10-29 20:18:05,269 - DEBUG - Derived std 3.20131608498
2014-10-29 20:18:09,467 - DEBUG - count : 466339
2014-10-29 20:18:09,467 - DEBUG - error_count : 27
2014-10-29 20:18:09,467 - DEBUG - excluded_count : 408074
2014-10-29 20:18:13,731 - DEBUG - count : 466339
2014-10-29 20:18:13,731 - DEBUG - error_count : 27
2014-10-29 20:18:13,731 - DEBUG - excluded_count : 408074
2014-10-29 20:19:03,689 - DEBUG - count : 466339
2014-10-29 20:19:03,689 - DEBUG - error_count : 4
2014-10-29 20:19:03,689 - DEBUG - excluded_count : 0
2014-10-29 20:19:03,743 - DEBUG - Derived mean 2.73924170393
2014-10-29 20:19:03,744 - DEBUG - Derived std 3.20131608498
2014-10-29 20:19:10,978 - DEBUG - count : 466339
2014-10-29 20:19:10,978 - DEBUG - error_count : 268
2014-10-29 20:19:10,978 - DEBUG - excluded_count : 22985
2014-10-29 20:19:18,829 - DEBUG - count : 466339
2014-10-29 20:19:18,829 - DEBUG - error_count : 268
2014-10-29 20:19:18,829 - DEBUG - excluded_count : 22985
2014-10-29 20:23:29,548 - DEBUG - count : 466339
2014-10-29 20:23:29,549 - DEBUG - error_count : 4
2014-10-29 20:23:29,549 - DEBUG - excluded_count : 0
2014-10-29 20:23:29,610 - DEBUG - Derived mean 2.73924170393
2014-10-29 20:23:29,611 - DEBUG - Derived std 3.20131608498
2014-10-29 20:23:36,561 - DEBUG - count : 466339
2014-10-29 20:23:36,561 - DEBUG - error_count : 267
2014-10-29 20:23:36,561 - DEBUG - excluded_count : 23070
2014-10-29 20:23:44,373 - DEBUG - count : 466339
2014-10-29 20:23:44,373 - DEBUG - error_count : 267
2014-10-29 20:23:44,373 - DEBUG - excluded_count : 23070
