2014-10-26 17:53:37,807 - DEBUG - count : 466339
2014-10-26 17:53:37,807 - DEBUG - error_count : 4
2014-10-26 17:53:37,807 - DEBUG - excluded_count : 0
2014-10-26 17:53:37,860 - DEBUG - Derived mean 2.73924170393
2014-10-26 17:53:37,860 - DEBUG - Derived std 3.20131608498
2014-10-26 17:53:44,230 - DEBUG - count : 466339
2014-10-26 17:53:44,242 - DEBUG - error_count : 268
2014-10-26 17:53:44,242 - DEBUG - excluded_count : 22979
2014-10-26 17:53:44,242 - DEBUG - inspection for transformation [['2013-02-05 23:12:00', 5.0, 1260.0, 5.54, -73.986069, 40.760612, -73.985176, 40.695995], ['2013-02-08 14:40:00', 2.0, 720.0, 1.56, -73.97744, 40.764156, -73.977371, 40.749435], ['2013-02-05 22:59:00', 1.0, 240.0, 0.89, -73.977875, 40.753948, -73.986946, 40.754776]]
2014-10-26 17:54:32,968 - DEBUG - count : 466339
2014-10-26 17:54:32,969 - DEBUG - error_count : 4
2014-10-26 17:54:32,969 - DEBUG - excluded_count : 0
2014-10-26 17:54:33,028 - DEBUG - Derived mean 2.73924170393
2014-10-26 17:54:33,029 - DEBUG - Derived std 3.20131608498
2014-10-26 17:54:39,311 - DEBUG - count : 466339
2014-10-26 17:54:39,311 - DEBUG - error_count : 268
2014-10-26 17:54:39,311 - DEBUG - excluded_count : 22979
2014-10-26 17:54:39,311 - DEBUG - inspection for transformation [['2013-02-05 23:12:00', 5.0, 1260.0, 5.54, -73.986069, 40.760612, -73.985176, 40.695995], ['2013-02-08 14:40:00', 2.0, 720.0, 1.56, -73.97744, 40.764156, -73.977371, 40.749435], ['2013-02-05 22:59:00', 1.0, 240.0, 0.89, -73.977875, 40.753948, -73.986946, 40.754776]]
2014-10-26 17:56:33,294 - DEBUG - count : 9999
2014-10-26 17:56:33,294 - DEBUG - error_count : 0
2014-10-26 17:56:33,295 - DEBUG - excluded_count : 0
2014-10-26 17:56:33,296 - DEBUG - Derived mean 3.35660166017
2014-10-26 17:56:33,296 - DEBUG - Derived std 3.69761448338
2014-10-26 17:56:33,455 - DEBUG - count : 9999
2014-10-26 17:56:33,455 - DEBUG - error_count : 12
2014-10-26 17:56:33,455 - DEBUG - excluded_count : 509
2014-10-26 17:56:33,455 - DEBUG - inspection for transformation [['2013-01-13 11:23:00', 1.0, 120.0, 0.63, -74.00309, 40.739082, -73.998634, 40.745052], ['2013-01-13 11:09:00', 1.0, 960.0, 4.73, -73.973434, 40.748325, -73.961327, 40.798691], ['2013-01-13 11:18:00', 1.0, 420.0, 1.22, -73.986732, 40.760368, -73.998756, 40.760391]]
2014-10-26 17:57:07,849 - DEBUG - count : 9999
2014-10-26 17:57:07,849 - DEBUG - error_count : 12
2014-10-26 17:57:07,849 - DEBUG - excluded_count : 509
2014-10-26 17:57:51,891 - DEBUG - count : 9999
2014-10-26 17:57:51,891 - DEBUG - error_count : 0
2014-10-26 17:57:51,892 - DEBUG - excluded_count : 0
2014-10-26 17:57:51,893 - DEBUG - Derived mean 3.35660166017
2014-10-26 17:57:51,893 - DEBUG - Derived std 3.69761448338
2014-10-26 17:57:52,021 - DEBUG - count : 9999
2014-10-26 17:57:52,021 - DEBUG - error_count : 12
2014-10-26 17:57:52,021 - DEBUG - excluded_count : 509
2014-10-26 17:57:52,021 - DEBUG - inspection for transformation [['2013-01-13 11:23:00', 1.0, 120.0, 0.63, -74.00309, 40.739082, -73.998634, 40.745052], ['2013-01-13 11:09:00', 1.0, 960.0, 4.73, -73.973434, 40.748325, -73.961327, 40.798691], ['2013-01-13 11:18:00', 1.0, 420.0, 1.22, -73.986732, 40.760368, -73.998756, 40.760391]]
2014-10-26 17:58:25,766 - DEBUG - count : 9999
2014-10-26 17:58:25,766 - DEBUG - error_count : 12
2014-10-26 17:58:25,766 - DEBUG - excluded_count : 509
2014-10-26 18:04:28,244 - DEBUG - count : 9999
2014-10-26 18:04:28,244 - DEBUG - error_count : 0
2014-10-26 18:04:28,244 - DEBUG - excluded_count : 0
2014-10-26 18:04:28,245 - DEBUG - Derived mean 3.35660166017
2014-10-26 18:04:28,245 - DEBUG - Derived std 3.69761448338
2014-10-26 18:04:28,384 - DEBUG - count : 9999
2014-10-26 18:04:28,384 - DEBUG - error_count : 12
2014-10-26 18:04:28,384 - DEBUG - excluded_count : 509
2014-10-26 18:04:28,384 - DEBUG - inspection for transformation [['2013-01-13 11:23:00', 1.0, 120.0, 0.63, -74.00309, 40.739082, -73.998634, 40.745052], ['2013-01-13 11:09:00', 1.0, 960.0, 4.73, -73.973434, 40.748325, -73.961327, 40.798691], ['2013-01-13 11:18:00', 1.0, 420.0, 1.22, -73.986732, 40.760368, -73.998756, 40.760391]]
2014-10-26 18:05:02,842 - DEBUG - count : 9999
2014-10-26 18:05:02,842 - DEBUG - error_count : 12
2014-10-26 18:05:02,842 - DEBUG - excluded_count : 509
2014-10-26 18:08:12,772 - DEBUG - count : 9999
2014-10-26 18:08:12,772 - DEBUG - error_count : 0
2014-10-26 18:08:12,772 - DEBUG - excluded_count : 0
2014-10-26 18:08:12,773 - DEBUG - Derived mean 3.35660166017
2014-10-26 18:08:12,773 - DEBUG - Derived std 3.69761448338
2014-10-26 18:08:12,909 - DEBUG - count : 9999
2014-10-26 18:08:12,909 - DEBUG - error_count : 12
2014-10-26 18:08:12,909 - DEBUG - excluded_count : 509
2014-10-26 18:08:12,909 - DEBUG - inspection for transformation [['2013-01-13 11:23:00', 1.0, 120.0, 0.63, -74.00309, 40.739082, -73.998634, 40.745052], ['2013-01-13 11:09:00', 1.0, 960.0, 4.73, -73.973434, 40.748325, -73.961327, 40.798691], ['2013-01-13 11:18:00', 1.0, 420.0, 1.22, -73.986732, 40.760368, -73.998756, 40.760391]]
2014-10-26 18:08:46,986 - DEBUG - count : 9999
2014-10-26 18:08:46,986 - DEBUG - error_count : 12
2014-10-26 18:08:46,986 - DEBUG - excluded_count : 509
2014-10-26 18:10:50,309 - DEBUG - count : 9999
2014-10-26 18:10:50,309 - DEBUG - error_count : 0
2014-10-26 18:10:50,309 - DEBUG - excluded_count : 0
2014-10-26 18:10:50,310 - DEBUG - Derived mean 3.35660166017
2014-10-26 18:10:50,310 - DEBUG - Derived std 3.69761448338
2014-10-26 18:10:50,448 - DEBUG - count : 9999
2014-10-26 18:10:50,448 - DEBUG - error_count : 12
2014-10-26 18:10:50,448 - DEBUG - excluded_count : 509
2014-10-26 18:10:50,449 - DEBUG - inspection for transformation [['2013-01-13 11:23:00', 1.0, 120.0, 0.63, -74.00309, 40.739082, -73.998634, 40.745052], ['2013-01-13 11:09:00', 1.0, 960.0, 4.73, -73.973434, 40.748325, -73.961327, 40.798691], ['2013-01-13 11:18:00', 1.0, 420.0, 1.22, -73.986732, 40.760368, -73.998756, 40.760391]]
2014-10-26 18:10:55,683 - DEBUG - count : 9999
2014-10-26 18:10:55,683 - DEBUG - error_count : 8326
2014-10-26 18:10:55,683 - DEBUG - excluded_count : 318
2014-10-26 18:15:01,165 - DEBUG - count : 9999
2014-10-26 18:15:01,165 - DEBUG - error_count : 0
2014-10-26 18:15:01,165 - DEBUG - excluded_count : 0
2014-10-26 18:15:01,166 - DEBUG - Derived mean 3.35660166017
2014-10-26 18:15:01,166 - DEBUG - Derived std 3.69761448338
2014-10-26 18:15:01,294 - DEBUG - count : 9999
2014-10-26 18:15:01,294 - DEBUG - error_count : 12
2014-10-26 18:15:01,294 - DEBUG - excluded_count : 509
2014-10-26 18:15:01,294 - DEBUG - inspection for transformation [['2013-01-13 11:23:00', 1.0, 120.0, 0.63, -74.00309, 40.739082, -73.998634, 40.745052], ['2013-01-13 11:09:00', 1.0, 960.0, 4.73, -73.973434, 40.748325, -73.961327, 40.798691], ['2013-01-13 11:18:00', 1.0, 420.0, 1.22, -73.986732, 40.760368, -73.998756, 40.760391]]
2014-10-26 18:15:02,023 - DEBUG - count : 9999
2014-10-26 18:15:02,024 - DEBUG - error_count : 12
2014-10-26 18:15:02,024 - DEBUG - excluded_count : 509
2014-10-26 18:15:50,062 - DEBUG - count : 9999
2014-10-26 18:15:50,062 - DEBUG - error_count : 0
2014-10-26 18:15:50,062 - DEBUG - excluded_count : 0
2014-10-26 18:15:50,063 - DEBUG - Derived mean 3.35660166017
2014-10-26 18:15:50,064 - DEBUG - Derived std 3.69761448338
2014-10-26 18:15:50,192 - DEBUG - count : 9999
2014-10-26 18:15:50,192 - DEBUG - error_count : 12
2014-10-26 18:15:50,192 - DEBUG - excluded_count : 509
2014-10-26 18:15:50,192 - DEBUG - inspection for transformation [['2013-01-13 11:23:00', 1.0, 120.0, 0.63, -74.00309, 40.739082, -73.998634, 40.745052], ['2013-01-13 11:09:00', 1.0, 960.0, 4.73, -73.973434, 40.748325, -73.961327, 40.798691], ['2013-01-13 11:18:00', 1.0, 420.0, 1.22, -73.986732, 40.760368, -73.998756, 40.760391]]
2014-10-26 18:15:51,027 - DEBUG - count : 9999
2014-10-26 18:15:51,027 - DEBUG - error_count : 12
2014-10-26 18:15:51,027 - DEBUG - excluded_count : 509
2014-10-26 18:17:02,376 - DEBUG - count : 9999
2014-10-26 18:17:02,376 - DEBUG - error_count : 0
2014-10-26 18:17:02,376 - DEBUG - excluded_count : 0
2014-10-26 18:17:02,378 - DEBUG - Derived mean 3.35660166017
2014-10-26 18:17:02,378 - DEBUG - Derived std 3.69761448338
2014-10-26 18:17:02,512 - DEBUG - count : 9999
2014-10-26 18:17:02,512 - DEBUG - error_count : 12
2014-10-26 18:17:02,512 - DEBUG - excluded_count : 509
2014-10-26 18:17:02,512 - DEBUG - inspection for transformation [['2013-01-13 11:23:00', 1.0, 120.0, 0.63, -74.00309, 40.739082, -73.998634, 40.745052], ['2013-01-13 11:09:00', 1.0, 960.0, 4.73, -73.973434, 40.748325, -73.961327, 40.798691], ['2013-01-13 11:18:00', 1.0, 420.0, 1.22, -73.986732, 40.760368, -73.998756, 40.760391]]
2014-10-26 18:17:14,817 - DEBUG - count : 466339
2014-10-26 18:17:14,817 - DEBUG - error_count : 353106
2014-10-26 18:17:14,817 - DEBUG - excluded_count : 13233
2014-10-26 18:20:21,018 - DEBUG - count : 466339
2014-10-26 18:20:21,018 - DEBUG - error_count : 4
2014-10-26 18:20:21,018 - DEBUG - excluded_count : 0
2014-10-26 18:20:21,070 - DEBUG - Derived mean 2.73924170393
2014-10-26 18:20:21,070 - DEBUG - Derived std 3.20131608498
2014-10-26 18:20:27,326 - DEBUG - count : 466339
2014-10-26 18:20:27,326 - DEBUG - error_count : 268
2014-10-26 18:20:27,326 - DEBUG - excluded_count : 22979
2014-10-26 18:20:27,327 - DEBUG - inspection for transformation [['2013-02-05 23:12:00', 5.0, 1260.0, 5.54, -73.986069, 40.760612, -73.985176, 40.695995], ['2013-02-08 14:40:00', 2.0, 720.0, 1.56, -73.97744, 40.764156, -73.977371, 40.749435], ['2013-02-05 22:59:00', 1.0, 240.0, 0.89, -73.977875, 40.753948, -73.986946, 40.754776]]
2014-10-26 18:24:57,441 - DEBUG - Loaded 1000000
2014-10-26 18:24:57,453 - DEBUG - error_count : 873447
2014-10-26 18:24:57,453 - DEBUG - excluded_count : 26553
2014-10-26 18:25:07,791 - DEBUG - Loaded 2000000
2014-10-26 18:25:07,791 - DEBUG - error_count : 1852033
2014-10-26 18:25:07,792 - DEBUG - excluded_count : 47967
2014-10-26 18:25:17,989 - DEBUG - Loaded 3000000
2014-10-26 18:25:17,990 - DEBUG - error_count : 2828485
2014-10-26 18:25:17,990 - DEBUG - excluded_count : 71515
2014-10-26 18:25:28,230 - DEBUG - Loaded 4000000
2014-10-26 18:25:28,231 - DEBUG - error_count : 3805683
2014-10-26 18:25:28,231 - DEBUG - excluded_count : 94317
2014-10-26 18:25:38,346 - DEBUG - Loaded 5000000
2014-10-26 18:25:38,346 - DEBUG - error_count : 4781597
2014-10-26 18:25:38,347 - DEBUG - excluded_count : 118403
2014-10-26 18:25:56,151 - DEBUG - count : 466339
2014-10-26 18:25:56,151 - DEBUG - error_count : 4
2014-10-26 18:25:56,151 - DEBUG - excluded_count : 0
2014-10-26 18:25:56,203 - DEBUG - Derived mean 2.73924170393
2014-10-26 18:25:56,204 - DEBUG - Derived std 3.20131608498
2014-10-26 18:26:02,492 - DEBUG - count : 466339
2014-10-26 18:26:02,588 - DEBUG - error_count : 268
2014-10-26 18:26:02,588 - DEBUG - excluded_count : 22979
2014-10-26 18:26:02,589 - DEBUG - inspection for transformation [['2013-02-05 23:12:00', 5.0, 1260.0, 5.54, -73.986069, 40.760612, -73.985176, 40.695995], ['2013-02-08 14:40:00', 2.0, 720.0, 1.56, -73.97744, 40.764156, -73.977371, 40.749435], ['2013-02-05 22:59:00', 1.0, 240.0, 0.89, -73.977875, 40.753948, -73.986946, 40.754776]]
2014-10-26 18:30:39,451 - DEBUG - Loaded 1000000
2014-10-26 18:30:39,461 - DEBUG - error_count : 873446
2014-10-26 18:30:39,461 - DEBUG - excluded_count : 26553
2014-10-26 18:30:49,622 - DEBUG - Loaded 2000000
2014-10-26 18:30:49,623 - DEBUG - error_count : 1852032
2014-10-26 18:30:49,623 - DEBUG - excluded_count : 47967
2014-10-26 18:30:59,667 - DEBUG - Loaded 3000000
2014-10-26 18:30:59,668 - DEBUG - error_count : 2828484
2014-10-26 18:30:59,668 - DEBUG - excluded_count : 71515
2014-10-26 18:31:09,629 - DEBUG - Loaded 4000000
2014-10-26 18:31:09,630 - DEBUG - error_count : 3805682
2014-10-26 18:31:09,630 - DEBUG - excluded_count : 94317
2014-10-26 18:31:19,818 - DEBUG - Loaded 5000000
2014-10-26 18:31:19,818 - DEBUG - error_count : 4781596
2014-10-26 18:31:19,818 - DEBUG - excluded_count : 118403
2014-10-26 18:31:30,244 - DEBUG - Loaded 6000000
2014-10-26 18:31:30,260 - DEBUG - error_count : 5759738
2014-10-26 18:31:30,260 - DEBUG - excluded_count : 140261
2014-10-26 18:31:40,215 - DEBUG - Loaded 7000000
2014-10-26 18:31:40,215 - DEBUG - error_count : 6731895
2014-10-26 18:31:40,215 - DEBUG - excluded_count : 168104
2014-10-26 18:31:50,322 - DEBUG - Loaded 8000000
2014-10-26 18:31:50,323 - DEBUG - error_count : 7703486
2014-10-26 18:31:50,323 - DEBUG - excluded_count : 196513
2014-10-26 18:32:00,941 - DEBUG - Loaded 9000000
2014-10-26 18:32:00,956 - DEBUG - error_count : 8681514
2014-10-26 18:32:00,956 - DEBUG - excluded_count : 218485
2014-10-26 18:32:11,448 - DEBUG - Loaded 10000000
2014-10-26 18:32:11,481 - DEBUG - error_count : 9660352
2014-10-26 18:32:11,481 - DEBUG - excluded_count : 239647
2014-10-26 18:32:21,426 - DEBUG - Loaded 11000000
2014-10-26 18:32:21,437 - DEBUG - error_count : 10638097
2014-10-26 18:32:21,437 - DEBUG - excluded_count : 261902
2014-10-26 18:40:54,192 - DEBUG - count : 466339
2014-10-26 18:40:54,215 - DEBUG - error_count : 4
2014-10-26 18:40:54,215 - DEBUG - excluded_count : 0
2014-10-26 18:40:54,308 - DEBUG - Derived mean 2.73924170393
2014-10-26 18:40:54,308 - DEBUG - Derived std 3.20131608498
2014-10-26 18:41:00,956 - DEBUG - count : 466339
2014-10-26 18:41:00,956 - DEBUG - error_count : 268
2014-10-26 18:41:00,957 - DEBUG - excluded_count : 22979
2014-10-26 18:41:00,957 - DEBUG - inspection for transformation [['2013-02-05 23:12:00', 5.0, 1260.0, 5.54, -73.986069, 40.760612, -73.985176, 40.695995], ['2013-02-08 14:40:00', 2.0, 720.0, 1.56, -73.97744, 40.764156, -73.977371, 40.749435], ['2013-02-05 22:59:00', 1.0, 240.0, 0.89, -73.977875, 40.753948, -73.986946, 40.754776]]
2014-10-26 18:45:31,728 - DEBUG - Loaded 1000000
2014-10-26 18:45:31,728 - DEBUG - error_count : 873446
2014-10-26 18:45:31,728 - DEBUG - excluded_count : 26553
2014-10-26 18:45:41,781 - DEBUG - Loaded 2000000
2014-10-26 18:45:41,781 - DEBUG - error_count : 1852032
2014-10-26 18:45:41,781 - DEBUG - excluded_count : 47967
2014-10-26 18:45:51,839 - DEBUG - Loaded 3000000
2014-10-26 18:45:51,839 - DEBUG - error_count : 2828484
2014-10-26 18:45:51,839 - DEBUG - excluded_count : 71515
2014-10-26 18:46:01,904 - DEBUG - Loaded 4000000
2014-10-26 18:46:01,905 - DEBUG - error_count : 3805682
2014-10-26 18:46:01,905 - DEBUG - excluded_count : 94317
2014-10-26 18:46:11,699 - DEBUG - Loaded 5000000
2014-10-26 18:46:11,723 - DEBUG - error_count : 4781596
2014-10-26 18:46:11,724 - DEBUG - excluded_count : 118403
2014-10-26 18:46:21,790 - DEBUG - Loaded 6000000
2014-10-26 18:46:21,790 - DEBUG - error_count : 5759738
2014-10-26 18:46:21,790 - DEBUG - excluded_count : 140261
2014-10-26 18:46:32,356 - DEBUG - Loaded 7000000
2014-10-26 18:46:32,357 - DEBUG - error_count : 6731895
2014-10-26 18:46:32,357 - DEBUG - excluded_count : 168104
2014-10-26 18:46:42,114 - DEBUG - Loaded 8000000
2014-10-26 18:46:42,121 - DEBUG - error_count : 7703486
2014-10-26 18:46:42,121 - DEBUG - excluded_count : 196513
2014-10-26 22:04:04,328 - DEBUG - count : 466339
2014-10-26 22:04:04,344 - DEBUG - error_count : 4
2014-10-26 22:04:04,344 - DEBUG - excluded_count : 0
2014-10-26 22:04:04,412 - DEBUG - Derived mean 2.73924170393
2014-10-26 22:04:04,413 - DEBUG - Derived std 3.20131608498
2014-10-26 22:04:11,288 - DEBUG - count : 466339
2014-10-26 22:04:11,288 - DEBUG - error_count : 268
2014-10-26 22:04:11,288 - DEBUG - excluded_count : 22979
2014-10-26 22:09:06,095 - DEBUG - Loaded 1000000
2014-10-26 22:09:06,103 - DEBUG - error_count : 873446
2014-10-26 22:09:06,104 - DEBUG - excluded_count : 26553
2014-10-26 22:09:18,513 - DEBUG - Loaded 2000000
2014-10-26 22:09:18,528 - DEBUG - error_count : 1852032
2014-10-26 22:09:18,529 - DEBUG - excluded_count : 47967
2014-10-26 22:09:30,745 - DEBUG - Loaded 3000000
2014-10-26 22:09:30,746 - DEBUG - error_count : 2828484
2014-10-26 22:09:30,746 - DEBUG - excluded_count : 71515
2014-10-26 22:09:42,162 - DEBUG - Loaded 4000000
2014-10-26 22:09:42,163 - DEBUG - error_count : 3805682
2014-10-26 22:09:42,163 - DEBUG - excluded_count : 94317
2014-10-26 22:09:52,739 - DEBUG - Loaded 5000000
2014-10-26 22:09:52,739 - DEBUG - error_count : 4781596
2014-10-26 22:09:52,739 - DEBUG - excluded_count : 118403
2014-10-26 22:10:03,535 - DEBUG - Loaded 6000000
2014-10-26 22:10:03,536 - DEBUG - error_count : 5759738
2014-10-26 22:10:03,536 - DEBUG - excluded_count : 140261
2014-10-26 22:10:14,183 - DEBUG - Loaded 7000000
2014-10-26 22:10:14,183 - DEBUG - error_count : 6731895
2014-10-26 22:10:14,183 - DEBUG - excluded_count : 168104
2014-10-26 22:10:24,676 - DEBUG - Loaded 8000000
2014-10-26 22:10:24,689 - DEBUG - error_count : 7703486
2014-10-26 22:10:24,689 - DEBUG - excluded_count : 196513
2014-10-27 00:50:43,844 - DEBUG - count : 466339
2014-10-27 00:50:43,844 - DEBUG - error_count : 4
2014-10-27 00:50:43,844 - DEBUG - excluded_count : 0
2014-10-27 00:50:43,900 - DEBUG - Derived mean 2.73924170393
2014-10-27 00:50:43,900 - DEBUG - Derived std 3.20131608498
2014-10-27 00:50:50,461 - DEBUG - count : 466339
2014-10-27 00:50:50,462 - DEBUG - error_count : 268
2014-10-27 00:50:50,462 - DEBUG - excluded_count : 22979
2014-10-27 00:55:37,500 - DEBUG - Loaded 1000000
2014-10-27 00:55:37,517 - DEBUG - error_count : 873446
2014-10-27 00:55:37,517 - DEBUG - excluded_count : 26553
2014-10-27 00:55:48,335 - DEBUG - Loaded 2000000
2014-10-27 00:55:48,342 - DEBUG - error_count : 1852032
2014-10-27 00:55:48,342 - DEBUG - excluded_count : 47967
2014-10-27 00:55:59,360 - DEBUG - Loaded 3000000
2014-10-27 00:55:59,361 - DEBUG - error_count : 2828484
2014-10-27 00:55:59,361 - DEBUG - excluded_count : 71515
2014-10-27 00:56:09,948 - DEBUG - Loaded 4000000
2014-10-27 00:56:09,948 - DEBUG - error_count : 3805682
2014-10-27 00:56:09,949 - DEBUG - excluded_count : 94317
2014-10-27 00:56:20,795 - DEBUG - Loaded 5000000
2014-10-27 00:56:20,806 - DEBUG - error_count : 4781596
2014-10-27 00:56:20,806 - DEBUG - excluded_count : 118403
2014-10-27 00:56:31,265 - DEBUG - Loaded 6000000
2014-10-27 00:56:31,265 - DEBUG - error_count : 5759738
2014-10-27 00:56:31,266 - DEBUG - excluded_count : 140261
2014-10-27 00:56:41,799 - DEBUG - Loaded 7000000
2014-10-27 00:56:41,799 - DEBUG - error_count : 6731895
2014-10-27 00:56:41,799 - DEBUG - excluded_count : 168104
2014-10-27 00:56:53,038 - DEBUG - Loaded 8000000
2014-10-27 00:56:53,058 - DEBUG - error_count : 7703486
2014-10-27 00:56:53,058 - DEBUG - excluded_count : 196513
2014-10-27 00:57:03,680 - DEBUG - Loaded 9000000
2014-10-27 00:57:03,705 - DEBUG - error_count : 8681514
2014-10-27 00:57:03,705 - DEBUG - excluded_count : 218485
2014-10-27 00:57:14,456 - DEBUG - Loaded 10000000
2014-10-27 00:57:14,507 - DEBUG - error_count : 9660352
2014-10-27 00:57:14,507 - DEBUG - excluded_count : 239647
2014-10-27 00:57:25,048 - DEBUG - Loaded 11000000
2014-10-27 00:57:25,132 - DEBUG - error_count : 10638097
2014-10-27 00:57:25,132 - DEBUG - excluded_count : 261902
2014-10-27 00:57:35,556 - DEBUG - Loaded 12000000
2014-10-27 00:57:35,557 - DEBUG - error_count : 11611177
2014-10-27 00:57:35,557 - DEBUG - excluded_count : 288822
2014-10-27 00:57:45,968 - DEBUG - Loaded 13000000
2014-10-27 00:57:45,969 - DEBUG - error_count : 12587504
2014-10-27 00:57:45,969 - DEBUG - excluded_count : 312495
2014-10-27 00:57:56,403 - DEBUG - Loaded 14000000
2014-10-27 00:57:56,404 - DEBUG - error_count : 13564954
2014-10-27 00:57:56,404 - DEBUG - excluded_count : 335045
2014-10-27 00:58:04,568 - DEBUG - count : 14776615
2014-10-27 00:58:04,582 - DEBUG - error_count : 14321349
2014-10-27 00:58:04,582 - DEBUG - excluded_count : 355266
2014-10-28 20:18:08,677 - DEBUG - count : 9999
2014-10-28 20:18:08,745 - DEBUG - error_count : 0
2014-10-28 20:18:08,746 - DEBUG - excluded_count : 0
2014-10-28 20:18:08,822 - DEBUG - Derived mean 3.35660166017
2014-10-28 20:18:08,823 - DEBUG - Derived std 3.69761448338
2014-10-28 20:18:08,959 - DEBUG - count : 9999
2014-10-28 20:18:08,959 - DEBUG - error_count : 12
2014-10-28 20:18:08,959 - DEBUG - excluded_count : 509
2014-10-28 20:18:13,726 - DEBUG - count : 466339
2014-10-28 20:18:13,726 - DEBUG - error_count : 455170
2014-10-28 20:18:13,726 - DEBUG - excluded_count : 11169
2014-10-28 20:18:35,959 - DEBUG - count : 9999
2014-10-28 20:18:35,974 - DEBUG - error_count : 0
2014-10-28 20:18:35,974 - DEBUG - excluded_count : 0
2014-10-28 20:18:35,977 - DEBUG - Derived mean 3.35660166017
2014-10-28 20:18:35,977 - DEBUG - Derived std 3.69761448338
2014-10-28 20:18:36,108 - DEBUG - count : 9999
2014-10-28 20:18:36,108 - DEBUG - error_count : 12
2014-10-28 20:18:36,108 - DEBUG - excluded_count : 509
2014-10-28 20:18:42,430 - DEBUG - count : 466339
2014-10-28 20:18:42,453 - DEBUG - error_count : 455170
2014-10-28 20:18:42,454 - DEBUG - excluded_count : 11169
2014-10-28 20:18:51,353 - DEBUG - count : 9999
2014-10-28 20:18:51,353 - DEBUG - error_count : 0
2014-10-28 20:18:51,353 - DEBUG - excluded_count : 0
2014-10-28 20:18:51,354 - DEBUG - Derived mean 3.35660166017
2014-10-28 20:18:51,355 - DEBUG - Derived std 3.69761448338
2014-10-28 20:18:51,482 - DEBUG - count : 9999
2014-10-28 20:18:51,482 - DEBUG - error_count : 12
2014-10-28 20:18:51,482 - DEBUG - excluded_count : 509
2014-10-28 20:18:58,092 - DEBUG - count : 466339
2014-10-28 20:18:58,092 - DEBUG - error_count : 353106
2014-10-28 20:18:58,092 - DEBUG - excluded_count : 13233
2014-10-28 20:32:05,685 - DEBUG - count : 9999
2014-10-28 20:32:05,701 - DEBUG - error_count : 0
2014-10-28 20:32:05,701 - DEBUG - excluded_count : 0
2014-10-28 20:32:05,704 - DEBUG - Derived mean 3.35660166017
2014-10-28 20:32:05,704 - DEBUG - Derived std 3.69761448338
2014-10-28 20:32:05,843 - DEBUG - count : 9999
2014-10-28 20:32:05,843 - DEBUG - error_count : 12
2014-10-28 20:32:05,843 - DEBUG - excluded_count : 509
2014-10-28 20:32:11,175 - DEBUG - count : 466339
2014-10-28 20:32:11,176 - DEBUG - error_count : 353106
2014-10-28 20:32:11,176 - DEBUG - excluded_count : 13233
2014-10-28 20:39:06,958 - DEBUG - count : 9999
2014-10-28 20:39:06,968 - DEBUG - error_count : 0
2014-10-28 20:39:06,968 - DEBUG - excluded_count : 0
2014-10-28 20:39:06,970 - DEBUG - Derived mean 3.35660166017
2014-10-28 20:39:06,970 - DEBUG - Derived std 3.69761448338
2014-10-28 20:39:07,096 - DEBUG - count : 9999
2014-10-28 20:39:07,096 - DEBUG - error_count : 12
2014-10-28 20:39:07,097 - DEBUG - excluded_count : 509
2014-10-28 20:39:12,565 - DEBUG - count : 466339
2014-10-28 20:39:12,566 - DEBUG - error_count : 353106
2014-10-28 20:39:12,566 - DEBUG - excluded_count : 13233
2014-10-28 20:39:59,377 - DEBUG - count : 9999
2014-10-28 20:39:59,391 - DEBUG - error_count : 0
2014-10-28 20:39:59,392 - DEBUG - excluded_count : 0
2014-10-28 20:39:59,395 - DEBUG - Derived mean 3.35660166017
2014-10-28 20:39:59,395 - DEBUG - Derived std 3.69761448338
2014-10-28 20:39:59,522 - DEBUG - count : 9999
2014-10-28 20:39:59,522 - DEBUG - error_count : 12
2014-10-28 20:39:59,522 - DEBUG - excluded_count : 509
2014-10-28 20:40:04,954 - DEBUG - count : 466339
2014-10-28 20:40:04,954 - DEBUG - error_count : 353106
2014-10-28 20:40:04,954 - DEBUG - excluded_count : 13233
2014-10-28 20:40:39,163 - DEBUG - count : 9999
2014-10-28 20:40:39,163 - DEBUG - error_count : 0
2014-10-28 20:40:39,163 - DEBUG - excluded_count : 0
2014-10-28 20:40:39,164 - DEBUG - Derived mean 3.35660166017
2014-10-28 20:40:39,164 - DEBUG - Derived std 3.69761448338
2014-10-28 20:40:39,290 - DEBUG - count : 9999
2014-10-28 20:40:39,290 - DEBUG - error_count : 12
2014-10-28 20:40:39,290 - DEBUG - excluded_count : 509
2014-10-28 20:40:46,194 - DEBUG - count : 466339
2014-10-28 20:40:46,195 - DEBUG - error_count : 353106
2014-10-28 20:40:46,195 - DEBUG - excluded_count : 13233
2014-10-28 20:41:28,185 - DEBUG - count : 9999
2014-10-28 20:41:28,185 - DEBUG - error_count : 0
2014-10-28 20:41:28,185 - DEBUG - excluded_count : 0
2014-10-28 20:41:28,186 - DEBUG - Derived mean 3.35660166017
2014-10-28 20:41:28,186 - DEBUG - Derived std 3.69761448338
2014-10-28 20:41:28,313 - DEBUG - count : 9999
2014-10-28 20:41:28,313 - DEBUG - error_count : 12
2014-10-28 20:41:28,313 - DEBUG - excluded_count : 509
2014-10-28 20:41:35,371 - DEBUG - count : 466339
2014-10-28 20:41:35,372 - DEBUG - error_count : 353106
2014-10-28 20:41:35,372 - DEBUG - excluded_count : 13233
2014-10-28 20:45:34,201 - DEBUG - count : 9999
2014-10-28 20:45:34,227 - DEBUG - error_count : 0
2014-10-28 20:45:34,227 - DEBUG - excluded_count : 0
2014-10-28 20:45:34,230 - DEBUG - Derived mean 3.35660166017
2014-10-28 20:45:34,230 - DEBUG - Derived std 3.69761448338
2014-10-28 20:45:34,358 - DEBUG - count : 9999
2014-10-28 20:45:34,358 - DEBUG - error_count : 12
2014-10-28 20:45:34,358 - DEBUG - excluded_count : 509
2014-10-28 20:45:43,425 - DEBUG - count : 466339
2014-10-28 20:45:43,426 - DEBUG - error_count : 353106
2014-10-28 20:45:43,426 - DEBUG - excluded_count : 13233
2014-10-28 20:47:21,305 - DEBUG - count : 9999
2014-10-28 20:47:21,319 - DEBUG - error_count : 0
2014-10-28 20:47:21,320 - DEBUG - excluded_count : 0
2014-10-28 20:47:21,322 - DEBUG - Derived mean 3.35660166017
2014-10-28 20:47:21,322 - DEBUG - Derived std 3.69761448338
2014-10-28 20:47:21,449 - DEBUG - count : 9999
2014-10-28 20:47:21,449 - DEBUG - error_count : 12
2014-10-28 20:47:21,449 - DEBUG - excluded_count : 509
2014-10-28 20:47:28,962 - DEBUG - count : 466339
2014-10-28 20:47:28,962 - DEBUG - error_count : 353106
2014-10-28 20:47:28,962 - DEBUG - excluded_count : 13233
2014-10-28 20:49:31,996 - DEBUG - count : 9999
2014-10-28 20:49:32,006 - DEBUG - error_count : 0
2014-10-28 20:49:32,007 - DEBUG - excluded_count : 0
2014-10-28 20:49:32,009 - DEBUG - Derived mean 3.35660166017
2014-10-28 20:49:32,010 - DEBUG - Derived std 3.69761448338
2014-10-28 20:49:32,138 - DEBUG - count : 9999
2014-10-28 20:49:32,138 - DEBUG - error_count : 12
2014-10-28 20:49:32,138 - DEBUG - excluded_count : 509
2014-10-28 20:49:39,457 - DEBUG - count : 466339
2014-10-28 20:49:39,457 - DEBUG - error_count : 353106
2014-10-28 20:49:39,457 - DEBUG - excluded_count : 13233
2014-10-28 20:52:56,235 - DEBUG - count : 9999
2014-10-28 20:52:56,235 - DEBUG - error_count : 0
2014-10-28 20:52:56,235 - DEBUG - excluded_count : 0
2014-10-28 20:52:56,236 - DEBUG - Derived mean 3.35660166017
2014-10-28 20:52:56,236 - DEBUG - Derived std 3.69761448338
2014-10-28 20:52:56,368 - DEBUG - count : 9999
2014-10-28 20:52:56,368 - DEBUG - error_count : 12
2014-10-28 20:52:56,368 - DEBUG - excluded_count : 509
2014-10-28 20:53:03,068 - DEBUG - count : 466339
2014-10-28 20:53:03,068 - DEBUG - error_count : 353106
2014-10-28 20:53:03,068 - DEBUG - excluded_count : 13233
2014-10-28 20:54:22,449 - DEBUG - count : 9999
2014-10-28 20:54:22,449 - DEBUG - error_count : 0
2014-10-28 20:54:22,449 - DEBUG - excluded_count : 0
2014-10-28 20:54:22,451 - DEBUG - Derived mean 3.35660166017
2014-10-28 20:54:22,451 - DEBUG - Derived std 3.69761448338
2014-10-28 20:54:22,705 - DEBUG - count : 9999
2014-10-28 20:54:22,705 - DEBUG - error_count : 12
2014-10-28 20:54:22,705 - DEBUG - excluded_count : 509
2014-10-28 20:54:32,240 - DEBUG - count : 466339
2014-10-28 20:54:32,241 - DEBUG - error_count : 353106
2014-10-28 20:54:32,241 - DEBUG - excluded_count : 13233
2014-10-28 20:55:08,282 - DEBUG - count : 9999
2014-10-28 20:55:08,282 - DEBUG - error_count : 0
2014-10-28 20:55:08,282 - DEBUG - excluded_count : 0
2014-10-28 20:55:08,284 - DEBUG - Derived mean 3.35660166017
2014-10-28 20:55:08,284 - DEBUG - Derived std 3.69761448338
2014-10-28 20:55:08,422 - DEBUG - count : 9999
2014-10-28 20:55:08,422 - DEBUG - error_count : 12
2014-10-28 20:55:08,422 - DEBUG - excluded_count : 509
2014-10-28 20:55:37,739 - DEBUG - count : 466339
2014-10-28 20:55:37,739 - DEBUG - error_count : 353106
2014-10-28 20:55:37,739 - DEBUG - excluded_count : 13233
2014-10-28 20:56:37,440 - DEBUG - count : 9999
2014-10-28 20:56:37,440 - DEBUG - error_count : 0
2014-10-28 20:56:37,440 - DEBUG - excluded_count : 0
2014-10-28 20:56:37,442 - DEBUG - Derived mean 3.35660166017
2014-10-28 20:56:37,442 - DEBUG - Derived std 3.69761448338
2014-10-28 20:56:37,666 - DEBUG - count : 9999
2014-10-28 20:56:37,667 - DEBUG - error_count : 12
2014-10-28 20:56:37,667 - DEBUG - excluded_count : 509
2014-10-28 20:57:05,578 - DEBUG - count : 466339
2014-10-28 20:57:05,578 - DEBUG - error_count : 353106
2014-10-28 20:57:05,578 - DEBUG - excluded_count : 13233
2014-10-28 20:58:40,722 - DEBUG - count : 9999
2014-10-28 20:58:40,722 - DEBUG - error_count : 0
2014-10-28 20:58:40,722 - DEBUG - excluded_count : 0
2014-10-28 20:58:40,723 - DEBUG - Derived mean 3.35660166017
2014-10-28 20:58:40,723 - DEBUG - Derived std 3.69761448338
2014-10-28 20:58:40,896 - DEBUG - count : 9999
2014-10-28 20:58:40,897 - DEBUG - error_count : 12
2014-10-28 20:58:40,897 - DEBUG - excluded_count : 509
2014-10-28 20:58:50,401 - DEBUG - count : 466339
2014-10-28 20:58:50,401 - DEBUG - error_count : 353106
2014-10-28 20:58:50,401 - DEBUG - excluded_count : 13233
2014-10-28 21:00:07,261 - DEBUG - count : 9999
2014-10-28 21:00:07,261 - DEBUG - error_count : 0
2014-10-28 21:00:07,261 - DEBUG - excluded_count : 0
2014-10-28 21:00:07,262 - DEBUG - Derived mean 3.35660166017
2014-10-28 21:00:07,263 - DEBUG - Derived std 3.69761448338
2014-10-28 21:00:07,390 - DEBUG - count : 9999
2014-10-28 21:00:07,390 - DEBUG - error_count : 12
2014-10-28 21:00:07,390 - DEBUG - excluded_count : 509
2014-10-28 21:00:14,447 - DEBUG - count : 466339
2014-10-28 21:00:14,447 - DEBUG - error_count : 353106
2014-10-28 21:00:14,447 - DEBUG - excluded_count : 13233
2014-10-28 21:09:54,491 - DEBUG - count : 9999
2014-10-28 21:09:54,510 - DEBUG - error_count : 0
2014-10-28 21:09:54,511 - DEBUG - excluded_count : 0
2014-10-28 21:09:54,532 - DEBUG - Derived mean 3.35660166017
2014-10-28 21:09:54,532 - DEBUG - Derived std 3.69761448338
2014-10-28 21:09:54,662 - DEBUG - count : 9999
2014-10-28 21:09:54,662 - DEBUG - error_count : 12
2014-10-28 21:09:54,662 - DEBUG - excluded_count : 509
2014-10-28 21:16:55,513 - DEBUG - count : 9999
2014-10-28 21:16:55,513 - DEBUG - error_count : 0
2014-10-28 21:16:55,513 - DEBUG - excluded_count : 0
2014-10-28 21:16:55,516 - DEBUG - Derived mean 3.35660166017
2014-10-28 21:16:55,516 - DEBUG - Derived std 3.69761448338
2014-10-28 21:16:55,650 - DEBUG - count : 9999
2014-10-28 21:16:55,650 - DEBUG - error_count : 12
2014-10-28 21:16:55,650 - DEBUG - excluded_count : 509
2014-10-28 21:30:21,430 - DEBUG - count : 9999
2014-10-28 21:30:21,431 - DEBUG - error_count : 0
2014-10-28 21:30:21,431 - DEBUG - excluded_count : 0
2014-10-28 21:30:21,432 - DEBUG - Derived mean 3.35660166017
2014-10-28 21:30:21,432 - DEBUG - Derived std 3.69761448338
2014-10-28 21:30:21,559 - DEBUG - count : 9999
2014-10-28 21:30:21,559 - DEBUG - error_count : 12
2014-10-28 21:30:21,559 - DEBUG - excluded_count : 509
2014-10-28 21:42:16,471 - DEBUG - count : 9999
2014-10-28 21:42:16,472 - DEBUG - error_count : 0
2014-10-28 21:42:16,472 - DEBUG - excluded_count : 0
2014-10-28 21:42:16,473 - DEBUG - Derived mean 3.35660166017
2014-10-28 21:42:16,473 - DEBUG - Derived std 3.69761448338
2014-10-28 21:42:16,600 - DEBUG - count : 9999
2014-10-28 21:42:16,600 - DEBUG - error_count : 12
2014-10-28 21:42:16,600 - DEBUG - excluded_count : 509
2014-10-28 21:42:22,375 - DEBUG - count : 466339
2014-10-28 21:42:22,375 - DEBUG - error_count : 353106
2014-10-28 21:42:22,375 - DEBUG - excluded_count : 13233
2014-10-28 21:42:52,034 - DEBUG - count : 9999
2014-10-28 21:42:52,034 - DEBUG - error_count : 0
2014-10-28 21:42:52,034 - DEBUG - excluded_count : 0
2014-10-28 21:42:52,036 - DEBUG - Derived mean 3.35660166017
2014-10-28 21:42:52,037 - DEBUG - Derived std 3.69761448338
2014-10-28 21:42:52,200 - DEBUG - count : 9999
2014-10-28 21:42:52,200 - DEBUG - error_count : 12
2014-10-28 21:42:52,200 - DEBUG - excluded_count : 509
2014-10-28 21:42:58,317 - DEBUG - count : 466339
2014-10-28 21:42:58,317 - DEBUG - error_count : 372458
2014-10-28 21:42:58,317 - DEBUG - excluded_count : 12798
2014-10-28 21:45:39,754 - DEBUG - count : 9999
2014-10-28 21:45:39,754 - DEBUG - error_count : 0
2014-10-28 21:45:39,754 - DEBUG - excluded_count : 0
2014-10-28 21:45:39,755 - DEBUG - Derived mean 3.35660166017
2014-10-28 21:45:39,755 - DEBUG - Derived std 3.69761448338
2014-10-28 21:45:39,968 - DEBUG - count : 9999
2014-10-28 21:45:39,969 - DEBUG - error_count : 12
2014-10-28 21:45:39,969 - DEBUG - excluded_count : 509
2014-10-28 21:45:48,110 - DEBUG - count : 466339
2014-10-28 21:45:48,111 - DEBUG - error_count : 382505
2014-10-28 21:45:48,111 - DEBUG - excluded_count : 12593
2014-10-28 21:47:14,979 - DEBUG - count : 9999
2014-10-28 21:47:14,979 - DEBUG - error_count : 0
2014-10-28 21:47:14,980 - DEBUG - excluded_count : 0
2014-10-28 21:47:14,982 - DEBUG - Derived mean 3.35660166017
2014-10-28 21:47:14,982 - DEBUG - Derived std 3.69761448338
2014-10-28 21:47:15,199 - DEBUG - count : 9999
2014-10-28 21:47:15,199 - DEBUG - error_count : 12
2014-10-28 21:47:15,199 - DEBUG - excluded_count : 509
2014-10-28 21:47:25,029 - DEBUG - count : 466339
2014-10-28 21:47:25,030 - DEBUG - error_count : 353106
2014-10-28 21:47:25,030 - DEBUG - excluded_count : 13233
2014-10-28 21:48:40,101 - DEBUG - count : 9999
2014-10-28 21:48:40,102 - DEBUG - error_count : 0
2014-10-28 21:48:40,102 - DEBUG - excluded_count : 0
2014-10-28 21:48:40,103 - DEBUG - Derived mean 3.35660166017
2014-10-28 21:48:40,103 - DEBUG - Derived std 3.69761448338
2014-10-28 21:48:40,270 - DEBUG - count : 9999
2014-10-28 21:48:40,270 - DEBUG - error_count : 12
2014-10-28 21:48:40,270 - DEBUG - excluded_count : 509
2014-10-28 21:48:40,603 - DEBUG - count : 9999
2014-10-28 21:48:40,603 - DEBUG - error_count : 12
2014-10-28 21:48:40,603 - DEBUG - excluded_count : 509
2014-10-28 21:48:52,184 - DEBUG - count : 9999
2014-10-28 21:48:52,184 - DEBUG - error_count : 0
2014-10-28 21:48:52,184 - DEBUG - excluded_count : 0
2014-10-28 21:48:52,185 - DEBUG - Derived mean 3.35660166017
2014-10-28 21:48:52,185 - DEBUG - Derived std 3.69761448338
2014-10-28 21:48:52,312 - DEBUG - count : 9999
2014-10-28 21:48:52,312 - DEBUG - error_count : 12
2014-10-28 21:48:52,312 - DEBUG - excluded_count : 509
2014-10-28 21:48:52,589 - DEBUG - count : 9999
2014-10-28 21:48:52,590 - DEBUG - error_count : 12
2014-10-28 21:48:52,590 - DEBUG - excluded_count : 509
2014-10-28 21:49:00,439 - DEBUG - count : 9999
2014-10-28 21:49:00,439 - DEBUG - error_count : 0
2014-10-28 21:49:00,439 - DEBUG - excluded_count : 0
2014-10-28 21:49:00,441 - DEBUG - Derived mean 3.35660166017
2014-10-28 21:49:00,442 - DEBUG - Derived std 3.69761448338
2014-10-28 21:49:00,626 - DEBUG - count : 9999
2014-10-28 21:49:00,626 - DEBUG - error_count : 12
2014-10-28 21:49:00,626 - DEBUG - excluded_count : 509
2014-10-28 21:49:01,009 - DEBUG - count : 9999
2014-10-28 21:49:01,009 - DEBUG - error_count : 12
2014-10-28 21:49:01,009 - DEBUG - excluded_count : 509
2014-10-28 21:54:35,585 - DEBUG - count : 9999
2014-10-28 21:54:35,599 - DEBUG - error_count : 0
2014-10-28 21:54:35,599 - DEBUG - excluded_count : 0
2014-10-28 21:54:35,602 - DEBUG - Derived mean 3.35660166017
2014-10-28 21:54:35,602 - DEBUG - Derived std 3.69761448338
2014-10-28 21:54:35,730 - DEBUG - count : 9999
2014-10-28 21:54:35,730 - DEBUG - error_count : 12
2014-10-28 21:54:35,731 - DEBUG - excluded_count : 509
2014-10-28 21:54:36,008 - DEBUG - count : 9999
2014-10-28 21:54:36,008 - DEBUG - error_count : 12
2014-10-28 21:54:36,009 - DEBUG - excluded_count : 509
2014-10-28 21:55:53,866 - DEBUG - count : 9999
2014-10-28 21:55:53,907 - DEBUG - error_count : 0
2014-10-28 21:55:53,907 - DEBUG - excluded_count : 0
2014-10-28 21:55:53,910 - DEBUG - Derived mean 3.35660166017
2014-10-28 21:55:53,910 - DEBUG - Derived std 3.69761448338
2014-10-28 21:55:54,038 - DEBUG - count : 9999
2014-10-28 21:55:54,038 - DEBUG - error_count : 12
2014-10-28 21:55:54,038 - DEBUG - excluded_count : 509
2014-10-28 21:55:54,357 - DEBUG - count : 9999
2014-10-28 21:55:54,357 - DEBUG - error_count : 12
2014-10-28 21:55:54,357 - DEBUG - excluded_count : 509
2014-10-28 22:03:01,425 - DEBUG - count : 9999
2014-10-28 22:03:01,425 - DEBUG - error_count : 0
2014-10-28 22:03:01,425 - DEBUG - excluded_count : 0
2014-10-28 22:03:01,427 - DEBUG - Derived mean 3.35660166017
2014-10-28 22:03:01,427 - DEBUG - Derived std 3.69761448338
2014-10-28 22:03:01,553 - DEBUG - count : 9999
2014-10-28 22:03:01,553 - DEBUG - error_count : 12
2014-10-28 22:03:01,553 - DEBUG - excluded_count : 509
2014-10-28 22:03:01,831 - DEBUG - count : 9999
2014-10-28 22:03:01,831 - DEBUG - error_count : 12
2014-10-28 22:03:01,831 - DEBUG - excluded_count : 509
2014-10-28 22:03:47,360 - DEBUG - count : 9999
2014-10-28 22:03:47,360 - DEBUG - error_count : 0
2014-10-28 22:03:47,360 - DEBUG - excluded_count : 0
2014-10-28 22:03:47,361 - DEBUG - Derived mean 3.35660166017
2014-10-28 22:03:47,361 - DEBUG - Derived std 3.69761448338
2014-10-28 22:03:47,492 - DEBUG - count : 9999
2014-10-28 22:03:47,492 - DEBUG - error_count : 12
2014-10-28 22:03:47,492 - DEBUG - excluded_count : 509
2014-10-28 22:03:47,770 - DEBUG - count : 9999
2014-10-28 22:03:47,770 - DEBUG - error_count : 12
2014-10-28 22:03:47,770 - DEBUG - excluded_count : 509
2014-10-28 22:07:04,380 - DEBUG - count : 9999
2014-10-28 22:07:04,380 - DEBUG - error_count : 0
2014-10-28 22:07:04,380 - DEBUG - excluded_count : 0
2014-10-28 22:07:04,381 - DEBUG - Derived mean 3.35660166017
2014-10-28 22:07:04,381 - DEBUG - Derived std 3.69761448338
2014-10-28 22:07:04,507 - DEBUG - count : 9999
2014-10-28 22:07:04,507 - DEBUG - error_count : 12
2014-10-28 22:07:04,507 - DEBUG - excluded_count : 509
2014-10-28 22:07:04,779 - DEBUG - count : 9999
2014-10-28 22:07:04,779 - DEBUG - error_count : 12
2014-10-28 22:07:04,779 - DEBUG - excluded_count : 509
2014-10-28 22:07:24,045 - DEBUG - count : 9999
2014-10-28 22:07:24,045 - DEBUG - error_count : 0
2014-10-28 22:07:24,045 - DEBUG - excluded_count : 0
2014-10-28 22:07:24,046 - DEBUG - Derived mean 3.35660166017
2014-10-28 22:07:24,046 - DEBUG - Derived std 3.69761448338
2014-10-28 22:07:24,193 - DEBUG - count : 9999
2014-10-28 22:07:24,193 - DEBUG - error_count : 12
2014-10-28 22:07:24,193 - DEBUG - excluded_count : 509
2014-10-28 22:07:43,777 - DEBUG - count : 466339
2014-10-28 22:07:43,777 - DEBUG - error_count : 353106
2014-10-28 22:07:43,777 - DEBUG - excluded_count : 13233
2014-10-28 22:09:50,948 - DEBUG - count : 466339
2014-10-28 22:09:50,948 - DEBUG - error_count : 4
2014-10-28 22:09:50,948 - DEBUG - excluded_count : 0
2014-10-28 22:09:51,007 - DEBUG - Derived mean 2.73924170393
2014-10-28 22:09:51,007 - DEBUG - Derived std 3.20131608498
2014-10-28 22:09:57,473 - DEBUG - count : 466339
2014-10-28 22:09:57,473 - DEBUG - error_count : 268
2014-10-28 22:09:57,473 - DEBUG - excluded_count : 22979
2014-10-28 22:10:32,639 - DEBUG - Loaded 1000000
2014-10-28 22:10:32,639 - DEBUG - error_count : 873446
2014-10-28 22:10:32,639 - DEBUG - excluded_count : 26553
2014-10-28 22:10:42,807 - DEBUG - Loaded 2000000
2014-10-28 22:10:42,808 - DEBUG - error_count : 1852032
2014-10-28 22:10:42,808 - DEBUG - excluded_count : 47967
2014-10-28 22:10:52,733 - DEBUG - Loaded 3000000
2014-10-28 22:10:52,734 - DEBUG - error_count : 2828484
2014-10-28 22:10:52,734 - DEBUG - excluded_count : 71515
2014-10-28 22:11:03,170 - DEBUG - Loaded 4000000
2014-10-28 22:11:03,170 - DEBUG - error_count : 3805682
2014-10-28 22:11:03,170 - DEBUG - excluded_count : 94317
2014-10-28 22:11:13,114 - DEBUG - Loaded 5000000
2014-10-28 22:11:13,114 - DEBUG - error_count : 4781596
2014-10-28 22:11:13,114 - DEBUG - excluded_count : 118403
2014-10-28 22:11:23,135 - DEBUG - Loaded 6000000
2014-10-28 22:11:23,135 - DEBUG - error_count : 5759738
2014-10-28 22:11:23,135 - DEBUG - excluded_count : 140261
2014-10-28 22:11:34,211 - DEBUG - Loaded 7000000
2014-10-28 22:11:34,211 - DEBUG - error_count : 6731895
2014-10-28 22:11:34,212 - DEBUG - excluded_count : 168104
2014-10-28 22:11:44,360 - DEBUG - Loaded 8000000
2014-10-28 22:11:44,360 - DEBUG - error_count : 7703486
2014-10-28 22:11:44,360 - DEBUG - excluded_count : 196513
2014-10-28 22:11:54,502 - DEBUG - Loaded 9000000
2014-10-28 22:11:54,502 - DEBUG - error_count : 8681514
2014-10-28 22:11:54,502 - DEBUG - excluded_count : 218485
2014-10-28 22:12:04,608 - DEBUG - Loaded 10000000
2014-10-28 22:12:04,608 - DEBUG - error_count : 9660352
2014-10-28 22:12:04,608 - DEBUG - excluded_count : 239647
2014-10-28 22:12:14,850 - DEBUG - Loaded 11000000
2014-10-28 22:12:14,850 - DEBUG - error_count : 10638097
2014-10-28 22:12:14,850 - DEBUG - excluded_count : 261902
2014-10-28 22:12:25,912 - DEBUG - Loaded 12000000
2014-10-28 22:12:25,913 - DEBUG - error_count : 11611177
2014-10-28 22:12:25,913 - DEBUG - excluded_count : 288822
2014-10-28 22:12:37,618 - DEBUG - Loaded 13000000
2014-10-28 22:12:37,618 - DEBUG - error_count : 12587504
2014-10-28 22:12:37,618 - DEBUG - excluded_count : 312495
2014-10-28 22:12:49,291 - DEBUG - Loaded 14000000
2014-10-28 22:12:49,583 - DEBUG - error_count : 13564954
2014-10-28 22:12:49,584 - DEBUG - excluded_count : 335045
2014-10-28 22:12:59,435 - DEBUG - count : 14776615
2014-10-28 22:12:59,597 - DEBUG - error_count : 14321349
2014-10-28 22:12:59,597 - DEBUG - excluded_count : 355266
2014-10-28 22:21:31,510 - DEBUG - count : 9999
2014-10-28 22:21:31,520 - DEBUG - error_count : 0
2014-10-28 22:21:31,520 - DEBUG - excluded_count : 0
2014-10-28 22:21:31,523 - DEBUG - Derived mean 3.35660166017
2014-10-28 22:21:31,523 - DEBUG - Derived std 3.69761448338
2014-10-28 22:21:31,659 - DEBUG - count : 9999
2014-10-28 22:21:31,660 - DEBUG - error_count : 12
2014-10-28 22:21:31,660 - DEBUG - excluded_count : 509
2014-10-28 22:21:51,739 - DEBUG - count : 466339
2014-10-28 22:21:51,739 - DEBUG - error_count : 353106
2014-10-28 22:21:51,740 - DEBUG - excluded_count : 13233
2014-10-28 22:38:15,206 - DEBUG - count : 9999
2014-10-28 22:38:15,216 - DEBUG - error_count : 0
2014-10-28 22:38:15,216 - DEBUG - excluded_count : 0
2014-10-28 22:38:15,219 - DEBUG - Derived mean 3.35660166017
2014-10-28 22:38:15,219 - DEBUG - Derived std 3.69761448338
2014-10-28 22:38:15,349 - DEBUG - count : 9999
2014-10-28 22:38:15,349 - DEBUG - error_count : 12
2014-10-28 22:38:15,349 - DEBUG - excluded_count : 509
2014-10-28 22:38:37,112 - DEBUG - count : 466339
2014-10-28 22:38:37,112 - DEBUG - error_count : 353106
2014-10-28 22:38:37,112 - DEBUG - excluded_count : 13233
