2014-10-27 00:18:06,700 - DEBUG - count : 466339
2014-10-27 00:18:06,700 - DEBUG - error_count : 4
2014-10-27 00:18:06,700 - DEBUG - excluded_count : 0
2014-10-27 00:18:06,772 - DEBUG - Derived mean 2.73924170393
2014-10-27 00:18:06,772 - DEBUG - Derived std 3.20131608498
2014-10-27 00:18:17,504 - DEBUG - count : 466339
2014-10-27 00:18:17,536 - DEBUG - error_count : 268
2014-10-27 00:18:17,536 - DEBUG - excluded_count : 22979
2014-10-27 00:46:08,549 - DEBUG - Loaded 1000000
2014-10-27 00:46:08,570 - DEBUG - error_count : 873446
2014-10-27 00:46:08,570 - DEBUG - excluded_count : 26553
2014-10-27 00:46:19,053 - DEBUG - Loaded 2000000
2014-10-27 00:46:19,054 - DEBUG - error_count : 1852032
2014-10-27 00:46:19,054 - DEBUG - excluded_count : 47967
2014-10-27 00:46:29,488 - DEBUG - Loaded 3000000
2014-10-27 00:46:29,488 - DEBUG - error_count : 2828484
2014-10-27 00:46:29,488 - DEBUG - excluded_count : 71515
2014-10-27 00:46:40,036 - DEBUG - Loaded 4000000
2014-10-27 00:46:40,055 - DEBUG - error_count : 3805682
2014-10-27 00:46:40,056 - DEBUG - excluded_count : 94317
2014-10-27 00:46:50,192 - DEBUG - Loaded 5000000
2014-10-27 00:46:50,192 - DEBUG - error_count : 4781596
2014-10-27 00:46:50,192 - DEBUG - excluded_count : 118403
2014-10-27 00:47:00,474 - DEBUG - Loaded 6000000
2014-10-27 00:47:00,475 - DEBUG - error_count : 5759738
2014-10-27 00:47:00,475 - DEBUG - excluded_count : 140261
2014-10-27 00:47:10,689 - DEBUG - Loaded 7000000
2014-10-27 00:47:10,707 - DEBUG - error_count : 6731895
2014-10-27 00:47:10,707 - DEBUG - excluded_count : 168104
2014-10-27 00:47:20,908 - DEBUG - Loaded 8000000
2014-10-27 00:47:20,908 - DEBUG - error_count : 7703486
2014-10-27 00:47:20,908 - DEBUG - excluded_count : 196513
2014-10-27 00:47:31,187 - DEBUG - Loaded 9000000
2014-10-27 00:47:31,188 - DEBUG - error_count : 8681514
2014-10-27 00:47:31,188 - DEBUG - excluded_count : 218485
2014-10-27 00:47:41,552 - DEBUG - Loaded 10000000
2014-10-27 00:47:41,581 - DEBUG - error_count : 9660352
2014-10-27 00:47:41,581 - DEBUG - excluded_count : 239647
2014-10-27 00:47:51,749 - DEBUG - Loaded 11000000
2014-10-27 00:47:51,773 - DEBUG - error_count : 10638097
2014-10-27 00:47:51,774 - DEBUG - excluded_count : 261902
2014-10-27 00:48:02,179 - DEBUG - Loaded 12000000
2014-10-27 00:48:02,200 - DEBUG - error_count : 11611177
2014-10-27 00:48:02,200 - DEBUG - excluded_count : 288822
2014-10-27 00:48:12,678 - DEBUG - Loaded 13000000
2014-10-27 00:48:12,689 - DEBUG - error_count : 12587504
2014-10-27 00:48:12,689 - DEBUG - excluded_count : 312495
2014-10-27 00:48:24,864 - DEBUG - Loaded 14000000
2014-10-27 00:48:24,892 - DEBUG - error_count : 13564954
2014-10-27 00:48:24,893 - DEBUG - excluded_count : 335045
2014-10-27 00:48:35,409 - DEBUG - count : 14776615
2014-10-27 00:48:35,438 - DEBUG - error_count : 14321349
2014-10-27 00:48:35,439 - DEBUG - excluded_count : 355266
