2014-10-28 23:15:27,170 - DEBUG - count : 9999
2014-10-28 23:15:27,170 - DEBUG - error_count : 0
2014-10-28 23:15:27,170 - DEBUG - excluded_count : 0
2014-10-28 23:15:27,172 - DEBUG - Derived mean 3.35660166017
2014-10-28 23:15:27,172 - DEBUG - Derived std 3.69761448338
2014-10-28 23:15:27,360 - DEBUG - count : 9999
2014-10-28 23:15:27,360 - DEBUG - error_count : 12
2014-10-28 23:15:27,360 - DEBUG - excluded_count : 509
2014-10-28 23:15:27,360 - DEBUG - scale values mean{0: 462.2775902089048, 3: 3.2004072589153707, 4: -73.97617441358906, 5: 40.74929919466127, 6: -73.9698974098969, 7: 40.751410806604696}
2014-10-28 23:15:27,545 - DEBUG - count : 9999
2014-10-28 23:15:27,545 - DEBUG - error_count : 12
2014-10-28 23:15:27,545 - DEBUG - excluded_count : 509
2014-10-28 23:15:27,545 - DEBUG - scale values standard deviation{0: 197.02305462461695, 3: 3.180906615212284, 4: 0.03246456755085551, 5: 0.027973283659375677, 6: 0.03801041040424629, 7: 0.034149894040115265}
2014-10-28 23:15:27,749 - DEBUG - count : 9999
2014-10-28 23:15:27,749 - DEBUG - error_count : 12
2014-10-28 23:15:27,749 - DEBUG - excluded_count : 509
2014-10-28 23:15:27,749 - DEBUG - scale values min {0: 2.0, 3: 0.01, 4: -74.168175, 5: 40.59893, 6: -74.18412, 7: 40.570938}
2014-10-28 23:15:27,749 - DEBUG - scale values max {0: 1439.0, 3: 18.13, 4: -73.741234, 5: 40.875977, 6: -73.715225, 7: 40.908848}
2014-10-28 23:15:27,954 - DEBUG - count : 9999
2014-10-28 23:15:27,955 - DEBUG - error_count : 12
2014-10-28 23:15:27,955 - DEBUG - excluded_count : 509
2014-10-28 23:15:28,315 - DEBUG - count : 9999
2014-10-28 23:15:28,315 - DEBUG - error_count : 12
2014-10-28 23:15:28,315 - DEBUG - excluded_count : 509
2014-10-28 23:17:07,261 - DEBUG - count : 9999
2014-10-28 23:17:07,261 - DEBUG - error_count : 0
2014-10-28 23:17:07,261 - DEBUG - excluded_count : 0
2014-10-28 23:17:07,262 - DEBUG - Derived mean 3.35660166017
2014-10-28 23:17:07,262 - DEBUG - Derived std 3.69761448338
2014-10-28 23:17:07,450 - DEBUG - count : 9999
2014-10-28 23:17:07,450 - DEBUG - error_count : 12
2014-10-28 23:17:07,450 - DEBUG - excluded_count : 509
2014-10-28 23:17:07,450 - DEBUG - scale values mean{0: 462.2775902089048, 3: 3.2004072589153707, 4: -73.97617441358906, 5: 40.74929919466127, 6: -73.9698974098969, 7: 40.751410806604696}
2014-10-28 23:17:07,642 - DEBUG - count : 9999
2014-10-28 23:17:07,642 - DEBUG - error_count : 12
2014-10-28 23:17:07,642 - DEBUG - excluded_count : 509
2014-10-28 23:17:07,643 - DEBUG - scale values standard deviation{0: 197.02305462461695, 3: 3.180906615212284, 4: 0.03246456755085551, 5: 0.027973283659375677, 6: 0.03801041040424629, 7: 0.034149894040115265}
2014-10-28 23:17:07,869 - DEBUG - count : 9999
2014-10-28 23:17:07,869 - DEBUG - error_count : 12
2014-10-28 23:17:07,869 - DEBUG - excluded_count : 509
2014-10-28 23:17:07,869 - DEBUG - scale values min {0: 2.0, 3: 0.01, 4: -74.168175, 5: 40.59893, 6: -74.18412, 7: 40.570938}
2014-10-28 23:17:07,869 - DEBUG - scale values max {0: 1439.0, 3: 18.13, 4: -73.741234, 5: 40.875977, 6: -73.715225, 7: 40.908848}
2014-10-28 23:17:08,049 - DEBUG - count : 9999
2014-10-28 23:17:08,050 - DEBUG - error_count : 12
2014-10-28 23:17:08,050 - DEBUG - excluded_count : 509
2014-10-28 23:17:08,426 - DEBUG - count : 9999
2014-10-28 23:17:08,426 - DEBUG - error_count : 12
2014-10-28 23:17:08,426 - DEBUG - excluded_count : 509
2014-10-28 23:20:22,221 - DEBUG - count : 9999
2014-10-28 23:20:22,221 - DEBUG - error_count : 0
2014-10-28 23:20:22,221 - DEBUG - excluded_count : 0
2014-10-28 23:20:22,222 - DEBUG - Derived mean 3.35660166017
2014-10-28 23:20:22,223 - DEBUG - Derived std 3.69761448338
2014-10-28 23:20:22,389 - DEBUG - count : 9999
2014-10-28 23:20:22,389 - DEBUG - error_count : 12
2014-10-28 23:20:22,389 - DEBUG - excluded_count : 509
2014-10-28 23:20:22,389 - DEBUG - scale values mean{0: 462.2775902089048, 3: 3.2004072589153707, 4: -73.97617441358906, 5: 40.74929919466127, 6: -73.9698974098969, 7: 40.751410806604696}
2014-10-28 23:20:22,570 - DEBUG - count : 9999
2014-10-28 23:20:22,571 - DEBUG - error_count : 12
2014-10-28 23:20:22,571 - DEBUG - excluded_count : 509
2014-10-28 23:20:22,571 - DEBUG - scale values standard deviation{0: 197.02305462461695, 3: 3.180906615212284, 4: 0.03246456755085551, 5: 0.027973283659375677, 6: 0.03801041040424629, 7: 0.034149894040115265}
2014-10-28 23:20:22,780 - DEBUG - count : 9999
2014-10-28 23:20:22,780 - DEBUG - error_count : 12
2014-10-28 23:20:22,780 - DEBUG - excluded_count : 509
2014-10-28 23:20:22,780 - DEBUG - scale values min {0: 2.0, 3: 0.01, 4: -74.168175, 5: 40.59893, 6: -74.18412, 7: 40.570938}
2014-10-28 23:20:22,781 - DEBUG - scale values max {0: 1439.0, 3: 18.13, 4: -73.741234, 5: 40.875977, 6: -73.715225, 7: 40.908848}
2014-10-28 23:20:22,961 - DEBUG - count : 9999
2014-10-28 23:20:22,961 - DEBUG - error_count : 12
2014-10-28 23:20:22,961 - DEBUG - excluded_count : 509
2014-10-28 23:20:23,315 - DEBUG - count : 9999
2014-10-28 23:20:23,315 - DEBUG - error_count : 12
2014-10-28 23:20:23,315 - DEBUG - excluded_count : 509
2014-10-28 23:25:37,797 - DEBUG - count : 9999
2014-10-28 23:25:37,811 - DEBUG - error_count : 0
2014-10-28 23:25:37,811 - DEBUG - excluded_count : 0
2014-10-28 23:25:37,814 - DEBUG - Derived mean 3.35660166017
2014-10-28 23:25:37,814 - DEBUG - Derived std 3.69761448338
2014-10-28 23:25:37,986 - DEBUG - count : 9999
2014-10-28 23:25:37,987 - DEBUG - error_count : 12
2014-10-28 23:25:37,987 - DEBUG - excluded_count : 509
2014-10-28 23:25:37,987 - DEBUG - scale values mean{0: 462.2775902089048, 3: 3.2004072589153707, 4: -73.97617441358906, 5: 40.74929919466127, 6: -73.9698974098969, 7: 40.751410806604696}
2014-10-28 23:25:38,171 - DEBUG - count : 9999
2014-10-28 23:25:38,171 - DEBUG - error_count : 12
2014-10-28 23:25:38,171 - DEBUG - excluded_count : 509
2014-10-28 23:25:38,171 - DEBUG - scale values standard deviation{0: 197.02305462461695, 3: 3.180906615212284, 4: 0.03246456755085551, 5: 0.027973283659375677, 6: 0.03801041040424629, 7: 0.034149894040115265}
2014-10-28 23:25:38,374 - DEBUG - count : 9999
2014-10-28 23:25:38,374 - DEBUG - error_count : 12
2014-10-28 23:25:38,374 - DEBUG - excluded_count : 509
2014-10-28 23:25:38,374 - DEBUG - scale values min {0: 2.0, 3: 0.01, 4: -74.168175, 5: 40.59893, 6: -74.18412, 7: 40.570938}
2014-10-28 23:25:38,374 - DEBUG - scale values max {0: 1439.0, 3: 18.13, 4: -73.741234, 5: 40.875977, 6: -73.715225, 7: 40.908848}
2014-10-28 23:25:38,557 - DEBUG - count : 9999
2014-10-28 23:25:38,557 - DEBUG - error_count : 12
2014-10-28 23:25:38,557 - DEBUG - excluded_count : 509
2014-10-28 23:25:38,942 - DEBUG - count : 9999
2014-10-28 23:25:38,943 - DEBUG - error_count : 12
2014-10-28 23:25:38,943 - DEBUG - excluded_count : 509
2014-10-28 23:26:20,769 - DEBUG - count : 9999
2014-10-28 23:26:20,770 - DEBUG - error_count : 0
2014-10-28 23:26:20,770 - DEBUG - excluded_count : 0
2014-10-28 23:26:20,771 - DEBUG - Derived mean 3.35660166017
2014-10-28 23:26:20,771 - DEBUG - Derived std 3.69761448338
2014-10-28 23:26:20,940 - DEBUG - count : 9999
2014-10-28 23:26:20,940 - DEBUG - error_count : 12
2014-10-28 23:26:20,941 - DEBUG - excluded_count : 509
2014-10-28 23:26:20,941 - DEBUG - scale values mean{0: 462.2775902089048, 3: 3.2004072589153707, 4: -73.97617441358906, 5: 40.74929919466127, 6: -73.9698974098969, 7: 40.751410806604696}
2014-10-28 23:26:21,135 - DEBUG - count : 9999
2014-10-28 23:26:21,135 - DEBUG - error_count : 12
2014-10-28 23:26:21,135 - DEBUG - excluded_count : 509
2014-10-28 23:26:21,135 - DEBUG - scale values standard deviation{0: 197.02305462461695, 3: 3.180906615212284, 4: 0.03246456755085551, 5: 0.027973283659375677, 6: 0.03801041040424629, 7: 0.034149894040115265}
2014-10-28 23:26:21,351 - DEBUG - count : 9999
2014-10-28 23:26:21,351 - DEBUG - error_count : 12
2014-10-28 23:26:21,351 - DEBUG - excluded_count : 509
2014-10-28 23:26:21,351 - DEBUG - scale values min {0: 2.0, 3: 0.01, 4: -74.168175, 5: 40.59893, 6: -74.18412, 7: 40.570938}
2014-10-28 23:26:21,351 - DEBUG - scale values max {0: 1439.0, 3: 18.13, 4: -73.741234, 5: 40.875977, 6: -73.715225, 7: 40.908848}
2014-10-28 23:26:21,533 - DEBUG - count : 9999
2014-10-28 23:26:21,533 - DEBUG - error_count : 12
2014-10-28 23:26:21,533 - DEBUG - excluded_count : 509
2014-10-28 23:26:21,902 - DEBUG - count : 9999
2014-10-28 23:26:21,902 - DEBUG - error_count : 12
2014-10-28 23:26:21,902 - DEBUG - excluded_count : 509
2014-10-28 23:28:20,865 - DEBUG - count : 9999
2014-10-28 23:28:20,865 - DEBUG - error_count : 0
2014-10-28 23:28:20,865 - DEBUG - excluded_count : 0
2014-10-28 23:28:20,866 - DEBUG - Derived mean 3.35660166017
2014-10-28 23:28:20,866 - DEBUG - Derived std 3.69761448338
2014-10-28 23:28:21,037 - DEBUG - count : 9999
2014-10-28 23:28:21,037 - DEBUG - error_count : 12
2014-10-28 23:28:21,037 - DEBUG - excluded_count : 509
2014-10-28 23:28:21,037 - DEBUG - scale values mean{0: 462.2775902089048, 3: 3.2004072589153707, 4: -73.97617441358906, 5: 40.74929919466127, 6: -73.9698974098969, 7: 40.751410806604696}
2014-10-28 23:28:21,220 - DEBUG - count : 9999
2014-10-28 23:28:21,220 - DEBUG - error_count : 12
2014-10-28 23:28:21,220 - DEBUG - excluded_count : 509
2014-10-28 23:28:21,220 - DEBUG - scale values standard deviation{0: 197.02305462461695, 3: 3.180906615212284, 4: 0.03246456755085551, 5: 0.027973283659375677, 6: 0.03801041040424629, 7: 0.034149894040115265}
2014-10-28 23:28:21,420 - DEBUG - count : 9999
2014-10-28 23:28:21,420 - DEBUG - error_count : 12
2014-10-28 23:28:21,420 - DEBUG - excluded_count : 509
2014-10-28 23:28:21,420 - DEBUG - scale values min {0: 2.0, 3: 0.01, 4: -74.168175, 5: 40.59893, 6: -74.18412, 7: 40.570938}
2014-10-28 23:28:21,420 - DEBUG - scale values max {0: 1439.0, 3: 18.13, 4: -73.741234, 5: 40.875977, 6: -73.715225, 7: 40.908848}
2014-10-28 23:28:21,601 - DEBUG - count : 9999
2014-10-28 23:28:21,601 - DEBUG - error_count : 12
2014-10-28 23:28:21,601 - DEBUG - excluded_count : 509
2014-10-28 23:28:21,967 - DEBUG - count : 9999
2014-10-28 23:28:21,967 - DEBUG - error_count : 12
2014-10-28 23:28:21,967 - DEBUG - excluded_count : 509
2014-10-28 23:31:39,479 - DEBUG - count : 9999
2014-10-28 23:31:39,497 - DEBUG - error_count : 0
2014-10-28 23:31:39,498 - DEBUG - excluded_count : 0
2014-10-28 23:31:39,500 - DEBUG - Derived mean 3.35660166017
2014-10-28 23:31:39,501 - DEBUG - Derived std 3.69761448338
2014-10-28 23:31:39,675 - DEBUG - count : 9999
2014-10-28 23:31:39,675 - DEBUG - error_count : 12
2014-10-28 23:31:39,675 - DEBUG - excluded_count : 509
2014-10-28 23:31:39,675 - DEBUG - scale values mean{0: 462.2775902089048, 3: 3.2004072589153707, 4: -73.97617441358906, 5: 40.74929919466127, 6: -73.9698974098969, 7: 40.751410806604696}
2014-10-28 23:31:39,860 - DEBUG - count : 9999
2014-10-28 23:31:39,860 - DEBUG - error_count : 12
2014-10-28 23:31:39,860 - DEBUG - excluded_count : 509
2014-10-28 23:31:39,860 - DEBUG - scale values standard deviation{0: 197.02305462461695, 3: 3.180906615212284, 4: 0.03246456755085551, 5: 0.027973283659375677, 6: 0.03801041040424629, 7: 0.034149894040115265}
2014-10-28 23:31:40,062 - DEBUG - count : 9999
2014-10-28 23:31:40,062 - DEBUG - error_count : 12
2014-10-28 23:31:40,062 - DEBUG - excluded_count : 509
2014-10-28 23:31:40,062 - DEBUG - scale values min {0: 2.0, 3: 0.01, 4: -74.168175, 5: 40.59893, 6: -74.18412, 7: 40.570938}
2014-10-28 23:31:40,062 - DEBUG - scale values max {0: 1439.0, 3: 18.13, 4: -73.741234, 5: 40.875977, 6: -73.715225, 7: 40.908848}
2014-10-28 23:31:40,243 - DEBUG - count : 9999
2014-10-28 23:31:40,243 - DEBUG - error_count : 12
2014-10-28 23:31:40,243 - DEBUG - excluded_count : 509
2014-10-28 23:31:40,600 - DEBUG - count : 9999
2014-10-28 23:31:40,600 - DEBUG - error_count : 12
2014-10-28 23:31:40,600 - DEBUG - excluded_count : 509
2014-10-28 23:31:57,081 - DEBUG - count : 9999
2014-10-28 23:31:57,081 - DEBUG - error_count : 0
2014-10-28 23:31:57,081 - DEBUG - excluded_count : 0
2014-10-28 23:31:57,083 - DEBUG - Derived mean 3.35660166017
2014-10-28 23:31:57,083 - DEBUG - Derived std 3.69761448338
2014-10-28 23:31:57,251 - DEBUG - count : 9999
2014-10-28 23:31:57,251 - DEBUG - error_count : 12
2014-10-28 23:31:57,252 - DEBUG - excluded_count : 509
2014-10-28 23:31:57,252 - DEBUG - scale values mean{0: 462.2775902089048, 3: 3.2004072589153707, 4: -73.97617441358906, 5: 40.74929919466127, 6: -73.9698974098969, 7: 40.751410806604696}
2014-10-28 23:31:57,446 - DEBUG - count : 9999
2014-10-28 23:31:57,446 - DEBUG - error_count : 12
2014-10-28 23:31:57,446 - DEBUG - excluded_count : 509
2014-10-28 23:31:57,446 - DEBUG - scale values standard deviation{0: 197.02305462461695, 3: 3.180906615212284, 4: 0.03246456755085551, 5: 0.027973283659375677, 6: 0.03801041040424629, 7: 0.034149894040115265}
2014-10-28 23:31:57,653 - DEBUG - count : 9999
2014-10-28 23:31:57,653 - DEBUG - error_count : 12
2014-10-28 23:31:57,653 - DEBUG - excluded_count : 509
2014-10-28 23:31:57,653 - DEBUG - scale values min {0: 2.0, 3: 0.01, 4: -74.168175, 5: 40.59893, 6: -74.18412, 7: 40.570938}
2014-10-28 23:31:57,653 - DEBUG - scale values max {0: 1439.0, 3: 18.13, 4: -73.741234, 5: 40.875977, 6: -73.715225, 7: 40.908848}
2014-10-28 23:31:57,834 - DEBUG - count : 9999
2014-10-28 23:31:57,834 - DEBUG - error_count : 12
2014-10-28 23:31:57,834 - DEBUG - excluded_count : 509
2014-10-28 23:31:58,187 - DEBUG - count : 9999
2014-10-28 23:31:58,187 - DEBUG - error_count : 12
2014-10-28 23:31:58,187 - DEBUG - excluded_count : 509
2014-10-28 23:33:17,832 - DEBUG - count : 9999
2014-10-28 23:33:17,832 - DEBUG - error_count : 0
2014-10-28 23:33:17,832 - DEBUG - excluded_count : 0
2014-10-28 23:33:17,833 - DEBUG - Derived mean 3.35660166017
2014-10-28 23:33:17,833 - DEBUG - Derived std 3.69761448338
2014-10-28 23:33:18,015 - DEBUG - count : 9999
2014-10-28 23:33:18,015 - DEBUG - error_count : 12
2014-10-28 23:33:18,015 - DEBUG - excluded_count : 509
2014-10-28 23:33:18,015 - DEBUG - scale values mean{0: 462.2775902089048, 3: 3.2004072589153707, 4: -73.97617441358906, 5: 40.74929919466127, 6: -73.9698974098969, 7: 40.751410806604696}
2014-10-28 23:33:18,206 - DEBUG - count : 9999
2014-10-28 23:33:18,207 - DEBUG - error_count : 12
2014-10-28 23:33:18,207 - DEBUG - excluded_count : 509
2014-10-28 23:33:18,207 - DEBUG - scale values standard deviation{0: 197.02305462461695, 3: 3.180906615212284, 4: 0.03246456755085551, 5: 0.027973283659375677, 6: 0.03801041040424629, 7: 0.034149894040115265}
2014-10-28 23:33:18,408 - DEBUG - count : 9999
2014-10-28 23:33:18,408 - DEBUG - error_count : 12
2014-10-28 23:33:18,408 - DEBUG - excluded_count : 509
2014-10-28 23:33:18,408 - DEBUG - scale values min {0: 2.0, 3: 0.01, 4: -74.168175, 5: 40.59893, 6: -74.18412, 7: 40.570938}
2014-10-28 23:33:18,408 - DEBUG - scale values max {0: 1439.0, 3: 18.13, 4: -73.741234, 5: 40.875977, 6: -73.715225, 7: 40.908848}
2014-10-28 23:33:18,588 - DEBUG - count : 9999
2014-10-28 23:33:18,588 - DEBUG - error_count : 12
2014-10-28 23:33:18,588 - DEBUG - excluded_count : 509
2014-10-28 23:33:18,980 - DEBUG - count : 9999
2014-10-28 23:33:18,981 - DEBUG - error_count : 12
2014-10-28 23:33:18,981 - DEBUG - excluded_count : 509
2014-10-28 23:35:11,852 - DEBUG - count : 9999
2014-10-28 23:35:11,871 - DEBUG - error_count : 0
2014-10-28 23:35:11,871 - DEBUG - excluded_count : 0
2014-10-28 23:35:11,875 - DEBUG - Derived mean 3.35660166017
2014-10-28 23:35:11,875 - DEBUG - Derived std 3.69761448338
2014-10-28 23:35:12,052 - DEBUG - count : 9999
2014-10-28 23:35:12,052 - DEBUG - error_count : 12
2014-10-28 23:35:12,052 - DEBUG - excluded_count : 509
2014-10-28 23:35:12,052 - DEBUG - scale values mean{0: 462.2775902089048, 3: 3.2004072589153707, 4: -73.97617441358906, 5: 40.74929919466127, 6: -73.9698974098969, 7: 40.751410806604696}
2014-10-28 23:35:12,247 - DEBUG - count : 9999
2014-10-28 23:35:12,248 - DEBUG - error_count : 12
2014-10-28 23:35:12,248 - DEBUG - excluded_count : 509
2014-10-28 23:35:12,248 - DEBUG - scale values standard deviation{0: 197.02305462461695, 3: 3.180906615212284, 4: 0.03246456755085551, 5: 0.027973283659375677, 6: 0.03801041040424629, 7: 0.034149894040115265}
2014-10-28 23:35:12,457 - DEBUG - count : 9999
2014-10-28 23:35:12,457 - DEBUG - error_count : 12
2014-10-28 23:35:12,457 - DEBUG - excluded_count : 509
2014-10-28 23:35:12,457 - DEBUG - scale values min {0: 2.0, 3: 0.01, 4: -74.168175, 5: 40.59893, 6: -74.18412, 7: 40.570938}
2014-10-28 23:35:12,457 - DEBUG - scale values max {0: 1439.0, 3: 18.13, 4: -73.741234, 5: 40.875977, 6: -73.715225, 7: 40.908848}
2014-10-28 23:35:12,644 - DEBUG - count : 9999
2014-10-28 23:35:12,644 - DEBUG - error_count : 12
2014-10-28 23:35:12,644 - DEBUG - excluded_count : 509
2014-10-28 23:35:13,005 - DEBUG - count : 9999
2014-10-28 23:35:13,005 - DEBUG - error_count : 12
2014-10-28 23:35:13,005 - DEBUG - excluded_count : 509
2014-10-28 23:35:58,569 - DEBUG - count : 9999
2014-10-28 23:35:58,569 - DEBUG - error_count : 0
2014-10-28 23:35:58,569 - DEBUG - excluded_count : 0
2014-10-28 23:35:58,570 - DEBUG - Derived mean 3.35660166017
2014-10-28 23:35:58,571 - DEBUG - Derived std 3.69761448338
2014-10-28 23:35:58,762 - DEBUG - count : 9999
2014-10-28 23:35:58,762 - DEBUG - error_count : 12
2014-10-28 23:35:58,762 - DEBUG - excluded_count : 509
2014-10-28 23:35:58,762 - DEBUG - scale values mean{0: 462.2775902089048, 3: 3.2004072589153707, 4: -73.97617441358906, 5: 40.74929919466127, 6: -73.9698974098969, 7: 40.751410806604696}
2014-10-28 23:35:58,956 - DEBUG - count : 9999
2014-10-28 23:35:58,956 - DEBUG - error_count : 12
2014-10-28 23:35:58,956 - DEBUG - excluded_count : 509
2014-10-28 23:35:58,956 - DEBUG - scale values standard deviation{0: 197.02305462461695, 3: 3.180906615212284, 4: 0.03246456755085551, 5: 0.027973283659375677, 6: 0.03801041040424629, 7: 0.034149894040115265}
2014-10-28 23:35:59,158 - DEBUG - count : 9999
2014-10-28 23:35:59,158 - DEBUG - error_count : 12
2014-10-28 23:35:59,158 - DEBUG - excluded_count : 509
2014-10-28 23:35:59,158 - DEBUG - scale values min {0: 2.0, 3: 0.01, 4: -74.168175, 5: 40.59893, 6: -74.18412, 7: 40.570938}
2014-10-28 23:35:59,158 - DEBUG - scale values max {0: 1439.0, 3: 18.13, 4: -73.741234, 5: 40.875977, 6: -73.715225, 7: 40.908848}
2014-10-28 23:35:59,343 - DEBUG - count : 9999
2014-10-28 23:35:59,343 - DEBUG - error_count : 12
2014-10-28 23:35:59,343 - DEBUG - excluded_count : 509
2014-10-28 23:35:59,704 - DEBUG - count : 9999
2014-10-28 23:35:59,704 - DEBUG - error_count : 12
2014-10-28 23:35:59,704 - DEBUG - excluded_count : 509
2014-10-28 23:36:23,389 - DEBUG - count : 9999
2014-10-28 23:36:23,389 - DEBUG - error_count : 0
2014-10-28 23:36:23,389 - DEBUG - excluded_count : 0
2014-10-28 23:36:23,390 - DEBUG - Derived mean 3.35660166017
2014-10-28 23:36:23,390 - DEBUG - Derived std 3.69761448338
2014-10-28 23:36:23,559 - DEBUG - count : 9999
2014-10-28 23:36:23,559 - DEBUG - error_count : 12
2014-10-28 23:36:23,559 - DEBUG - excluded_count : 509
2014-10-28 23:36:23,559 - DEBUG - scale values mean{0: 462.2775902089048, 3: 3.2004072589153707, 4: -73.97617441358906, 5: 40.74929919466127, 6: -73.9698974098969, 7: 40.751410806604696}
2014-10-28 23:36:23,751 - DEBUG - count : 9999
2014-10-28 23:36:23,752 - DEBUG - error_count : 12
2014-10-28 23:36:23,752 - DEBUG - excluded_count : 509
2014-10-28 23:36:23,752 - DEBUG - scale values standard deviation{0: 197.02305462461695, 3: 3.180906615212284, 4: 0.03246456755085551, 5: 0.027973283659375677, 6: 0.03801041040424629, 7: 0.034149894040115265}
2014-10-28 23:36:23,961 - DEBUG - count : 9999
2014-10-28 23:36:23,961 - DEBUG - error_count : 12
2014-10-28 23:36:23,961 - DEBUG - excluded_count : 509
2014-10-28 23:36:23,961 - DEBUG - scale values min {0: 2.0, 3: 0.01, 4: -74.168175, 5: 40.59893, 6: -74.18412, 7: 40.570938}
2014-10-28 23:36:23,961 - DEBUG - scale values max {0: 1439.0, 3: 18.13, 4: -73.741234, 5: 40.875977, 6: -73.715225, 7: 40.908848}
2014-10-28 23:36:24,141 - DEBUG - count : 9999
2014-10-28 23:36:24,141 - DEBUG - error_count : 12
2014-10-28 23:36:24,141 - DEBUG - excluded_count : 509
2014-10-28 23:36:24,500 - DEBUG - count : 9999
2014-10-28 23:36:24,501 - DEBUG - error_count : 12
2014-10-28 23:36:24,501 - DEBUG - excluded_count : 509
2014-10-28 23:37:27,009 - DEBUG - count : 9999
2014-10-28 23:37:27,010 - DEBUG - error_count : 0
2014-10-28 23:37:27,010 - DEBUG - excluded_count : 0
2014-10-28 23:37:27,011 - DEBUG - Derived mean 3.35660166017
2014-10-28 23:37:27,011 - DEBUG - Derived std 3.69761448338
2014-10-28 23:37:27,181 - DEBUG - count : 9999
2014-10-28 23:37:27,181 - DEBUG - error_count : 12
2014-10-28 23:37:27,181 - DEBUG - excluded_count : 509
2014-10-28 23:37:27,181 - DEBUG - scale values mean{0: 462.2775902089048, 3: 3.2004072589153707, 4: -73.97617441358906, 5: 40.74929919466127, 6: -73.9698974098969, 7: 40.751410806604696}
2014-10-28 23:37:27,366 - DEBUG - count : 9999
2014-10-28 23:37:27,367 - DEBUG - error_count : 12
2014-10-28 23:37:27,367 - DEBUG - excluded_count : 509
2014-10-28 23:37:27,367 - DEBUG - scale values standard deviation{0: 197.02305462461695, 3: 3.180906615212284, 4: 0.03246456755085551, 5: 0.027973283659375677, 6: 0.03801041040424629, 7: 0.034149894040115265}
2014-10-28 23:37:27,568 - DEBUG - count : 9999
2014-10-28 23:37:27,569 - DEBUG - error_count : 12
2014-10-28 23:37:27,569 - DEBUG - excluded_count : 509
2014-10-28 23:37:27,569 - DEBUG - scale values min {0: 2.0, 3: 0.01, 4: -74.168175, 5: 40.59893, 6: -74.18412, 7: 40.570938}
2014-10-28 23:37:27,569 - DEBUG - scale values max {0: 1439.0, 3: 18.13, 4: -73.741234, 5: 40.875977, 6: -73.715225, 7: 40.908848}
2014-10-28 23:37:27,749 - DEBUG - count : 9999
2014-10-28 23:37:27,749 - DEBUG - error_count : 12
2014-10-28 23:37:27,749 - DEBUG - excluded_count : 509
2014-10-28 23:37:28,134 - DEBUG - count : 9999
2014-10-28 23:37:28,134 - DEBUG - error_count : 12
2014-10-28 23:37:28,134 - DEBUG - excluded_count : 509
2014-10-28 23:38:08,110 - DEBUG - count : 9999
2014-10-28 23:38:08,110 - DEBUG - error_count : 0
2014-10-28 23:38:08,110 - DEBUG - excluded_count : 0
2014-10-28 23:38:08,112 - DEBUG - Derived mean 3.35660166017
2014-10-28 23:38:08,112 - DEBUG - Derived std 3.69761448338
2014-10-28 23:38:08,281 - DEBUG - count : 9999
2014-10-28 23:38:08,281 - DEBUG - error_count : 12
2014-10-28 23:38:08,281 - DEBUG - excluded_count : 509
2014-10-28 23:38:08,281 - DEBUG - scale values mean{0: 462.2775902089048, 3: 3.2004072589153707, 4: -73.97617441358906, 5: 40.74929919466127, 6: -73.9698974098969, 7: 40.751410806604696}
2014-10-28 23:38:08,466 - DEBUG - count : 9999
2014-10-28 23:38:08,466 - DEBUG - error_count : 12
2014-10-28 23:38:08,466 - DEBUG - excluded_count : 509
2014-10-28 23:38:08,466 - DEBUG - scale values standard deviation{0: 197.02305462461695, 3: 3.180906615212284, 4: 0.03246456755085551, 5: 0.027973283659375677, 6: 0.03801041040424629, 7: 0.034149894040115265}
2014-10-28 23:38:08,671 - DEBUG - count : 9999
2014-10-28 23:38:08,671 - DEBUG - error_count : 12
2014-10-28 23:38:08,671 - DEBUG - excluded_count : 509
2014-10-28 23:38:08,671 - DEBUG - scale values min {0: 2.0, 3: 0.01, 4: -74.168175, 5: 40.59893, 6: -74.18412, 7: 40.570938}
2014-10-28 23:38:08,671 - DEBUG - scale values max {0: 1439.0, 3: 18.13, 4: -73.741234, 5: 40.875977, 6: -73.715225, 7: 40.908848}
2014-10-28 23:38:08,872 - DEBUG - count : 9999
2014-10-28 23:38:08,873 - DEBUG - error_count : 12
2014-10-28 23:38:08,873 - DEBUG - excluded_count : 509
2014-10-28 23:38:09,233 - DEBUG - count : 9999
2014-10-28 23:38:09,233 - DEBUG - error_count : 12
2014-10-28 23:38:09,233 - DEBUG - excluded_count : 509
2014-10-28 23:39:12,544 - DEBUG - count : 9999
2014-10-28 23:39:12,544 - DEBUG - error_count : 0
2014-10-28 23:39:12,544 - DEBUG - excluded_count : 0
2014-10-28 23:39:12,546 - DEBUG - Derived mean 3.35660166017
2014-10-28 23:39:12,546 - DEBUG - Derived std 3.69761448338
2014-10-28 23:39:12,718 - DEBUG - count : 9999
2014-10-28 23:39:12,718 - DEBUG - error_count : 12
2014-10-28 23:39:12,718 - DEBUG - excluded_count : 509
2014-10-28 23:39:12,719 - DEBUG - scale values mean{0: 462.2775902089048, 3: 3.2004072589153707, 4: -73.97617441358906, 5: 40.74929919466127, 6: -73.9698974098969, 7: 40.751410806604696}
2014-10-28 23:39:12,916 - DEBUG - count : 9999
2014-10-28 23:39:12,916 - DEBUG - error_count : 12
2014-10-28 23:39:12,916 - DEBUG - excluded_count : 509
2014-10-28 23:39:12,916 - DEBUG - scale values standard deviation{0: 197.02305462461695, 3: 3.180906615212284, 4: 0.03246456755085551, 5: 0.027973283659375677, 6: 0.03801041040424629, 7: 0.034149894040115265}
2014-10-28 23:39:13,206 - DEBUG - count : 9999
2014-10-28 23:39:13,206 - DEBUG - error_count : 12
2014-10-28 23:39:13,206 - DEBUG - excluded_count : 509
2014-10-28 23:39:13,207 - DEBUG - scale values min {0: 2.0, 3: 0.01, 4: -74.168175, 5: 40.59893, 6: -74.18412, 7: 40.570938}
2014-10-28 23:39:13,207 - DEBUG - scale values max {0: 1439.0, 3: 18.13, 4: -73.741234, 5: 40.875977, 6: -73.715225, 7: 40.908848}
2014-10-28 23:39:13,387 - DEBUG - count : 9999
2014-10-28 23:39:13,387 - DEBUG - error_count : 12
2014-10-28 23:39:13,387 - DEBUG - excluded_count : 509
2014-10-28 23:39:13,745 - DEBUG - count : 9999
2014-10-28 23:39:13,745 - DEBUG - error_count : 12
2014-10-28 23:39:13,745 - DEBUG - excluded_count : 509
2014-10-28 23:39:54,649 - DEBUG - count : 9999
2014-10-28 23:39:54,649 - DEBUG - error_count : 0
2014-10-28 23:39:54,649 - DEBUG - excluded_count : 0
2014-10-28 23:39:54,650 - DEBUG - Derived mean 3.35660166017
2014-10-28 23:39:54,651 - DEBUG - Derived std 3.69761448338
2014-10-28 23:39:54,852 - DEBUG - count : 9999
2014-10-28 23:39:54,852 - DEBUG - error_count : 12
2014-10-28 23:39:54,853 - DEBUG - excluded_count : 509
2014-10-28 23:39:54,853 - DEBUG - scale values mean{0: 462.2775902089048, 3: 3.2004072589153707, 4: -73.97617441358906, 5: 40.74929919466127, 6: -73.9698974098969, 7: 40.751410806604696}
2014-10-28 23:39:55,039 - DEBUG - count : 9999
2014-10-28 23:39:55,039 - DEBUG - error_count : 12
2014-10-28 23:39:55,039 - DEBUG - excluded_count : 509
2014-10-28 23:39:55,040 - DEBUG - scale values standard deviation{0: 197.02305462461695, 3: 3.180906615212284, 4: 0.03246456755085551, 5: 0.027973283659375677, 6: 0.03801041040424629, 7: 0.034149894040115265}
2014-10-28 23:39:55,241 - DEBUG - count : 9999
2014-10-28 23:39:55,242 - DEBUG - error_count : 12
2014-10-28 23:39:55,242 - DEBUG - excluded_count : 509
2014-10-28 23:39:55,242 - DEBUG - scale values min {0: 2.0, 3: 0.01, 4: -74.168175, 5: 40.59893, 6: -74.18412, 7: 40.570938}
2014-10-28 23:39:55,242 - DEBUG - scale values max {0: 1439.0, 3: 18.13, 4: -73.741234, 5: 40.875977, 6: -73.715225, 7: 40.908848}
2014-10-28 23:39:55,439 - DEBUG - count : 9999
2014-10-28 23:39:55,439 - DEBUG - error_count : 12
2014-10-28 23:39:55,439 - DEBUG - excluded_count : 509
2014-10-28 23:39:55,816 - DEBUG - count : 9999
2014-10-28 23:39:55,816 - DEBUG - error_count : 12
2014-10-28 23:39:55,816 - DEBUG - excluded_count : 509
2014-10-28 23:41:30,034 - DEBUG - count : 9999
2014-10-28 23:41:30,034 - DEBUG - error_count : 0
2014-10-28 23:41:30,034 - DEBUG - excluded_count : 0
2014-10-28 23:41:30,035 - DEBUG - Derived mean 3.35660166017
2014-10-28 23:41:30,036 - DEBUG - Derived std 3.69761448338
2014-10-28 23:41:30,204 - DEBUG - count : 9999
2014-10-28 23:41:30,204 - DEBUG - error_count : 12
2014-10-28 23:41:30,204 - DEBUG - excluded_count : 509
2014-10-28 23:41:30,204 - DEBUG - scale values mean{0: 462.2775902089048, 3: 3.2004072589153707, 4: -73.97617441358906, 5: 40.74929919466127, 6: -73.9698974098969, 7: 40.751410806604696}
2014-10-28 23:41:30,387 - DEBUG - count : 9999
2014-10-28 23:41:30,387 - DEBUG - error_count : 12
2014-10-28 23:41:30,387 - DEBUG - excluded_count : 509
2014-10-28 23:41:30,387 - DEBUG - scale values standard deviation{0: 197.02305462461695, 3: 3.180906615212284, 4: 0.03246456755085551, 5: 0.027973283659375677, 6: 0.03801041040424629, 7: 0.034149894040115265}
2014-10-28 23:41:30,588 - DEBUG - count : 9999
2014-10-28 23:41:30,588 - DEBUG - error_count : 12
2014-10-28 23:41:30,588 - DEBUG - excluded_count : 509
2014-10-28 23:41:30,588 - DEBUG - scale values min {0: 2.0, 3: 0.01, 4: -74.168175, 5: 40.59893, 6: -74.18412, 7: 40.570938}
2014-10-28 23:41:30,588 - DEBUG - scale values max {0: 1439.0, 3: 18.13, 4: -73.741234, 5: 40.875977, 6: -73.715225, 7: 40.908848}
2014-10-28 23:41:30,769 - DEBUG - count : 9999
2014-10-28 23:41:30,769 - DEBUG - error_count : 12
2014-10-28 23:41:30,769 - DEBUG - excluded_count : 509
2014-10-28 23:41:31,152 - DEBUG - count : 9999
2014-10-28 23:41:31,152 - DEBUG - error_count : 12
2014-10-28 23:41:31,152 - DEBUG - excluded_count : 509
2014-10-28 23:42:28,806 - DEBUG - count : 9999
2014-10-28 23:42:28,806 - DEBUG - error_count : 0
2014-10-28 23:42:28,806 - DEBUG - excluded_count : 0
2014-10-28 23:42:28,809 - DEBUG - Derived mean 3.35660166017
2014-10-28 23:42:28,809 - DEBUG - Derived std 3.69761448338
2014-10-28 23:42:29,003 - DEBUG - count : 9999
2014-10-28 23:42:29,003 - DEBUG - error_count : 12
2014-10-28 23:42:29,003 - DEBUG - excluded_count : 509
2014-10-28 23:42:29,003 - DEBUG - scale values mean{0: 462.2775902089048, 3: 3.2004072589153707, 4: -73.97617441358906, 5: 40.74929919466127, 6: -73.9698974098969, 7: 40.751410806604696}
2014-10-28 23:42:29,191 - DEBUG - count : 9999
2014-10-28 23:42:29,191 - DEBUG - error_count : 12
2014-10-28 23:42:29,191 - DEBUG - excluded_count : 509
2014-10-28 23:42:29,191 - DEBUG - scale values standard deviation{0: 197.02305462461695, 3: 3.180906615212284, 4: 0.03246456755085551, 5: 0.027973283659375677, 6: 0.03801041040424629, 7: 0.034149894040115265}
2014-10-28 23:42:29,395 - DEBUG - count : 9999
2014-10-28 23:42:29,395 - DEBUG - error_count : 12
2014-10-28 23:42:29,395 - DEBUG - excluded_count : 509
2014-10-28 23:42:29,395 - DEBUG - scale values min {0: 2.0, 3: 0.01, 4: -74.168175, 5: 40.59893, 6: -74.18412, 7: 40.570938}
2014-10-28 23:42:29,395 - DEBUG - scale values max {0: 1439.0, 3: 18.13, 4: -73.741234, 5: 40.875977, 6: -73.715225, 7: 40.908848}
2014-10-28 23:42:29,576 - DEBUG - count : 9999
2014-10-28 23:42:29,576 - DEBUG - error_count : 12
2014-10-28 23:42:29,576 - DEBUG - excluded_count : 509
2014-10-28 23:42:29,945 - DEBUG - count : 9999
2014-10-28 23:42:29,945 - DEBUG - error_count : 12
2014-10-28 23:42:29,945 - DEBUG - excluded_count : 509
2014-10-28 23:42:52,201 - DEBUG - count : 9999
2014-10-28 23:42:52,201 - DEBUG - error_count : 0
2014-10-28 23:42:52,201 - DEBUG - excluded_count : 0
2014-10-28 23:42:52,203 - DEBUG - Derived mean 3.35660166017
2014-10-28 23:42:52,203 - DEBUG - Derived std 3.69761448338
2014-10-28 23:42:52,379 - DEBUG - count : 9999
2014-10-28 23:42:52,379 - DEBUG - error_count : 12
2014-10-28 23:42:52,379 - DEBUG - excluded_count : 509
2014-10-28 23:42:52,380 - DEBUG - scale values mean{0: 462.2775902089048, 3: 3.2004072589153707, 4: -73.97617441358906, 5: 40.74929919466127, 6: -73.9698974098969, 7: 40.751410806604696}
2014-10-28 23:42:52,565 - DEBUG - count : 9999
2014-10-28 23:42:52,566 - DEBUG - error_count : 12
2014-10-28 23:42:52,566 - DEBUG - excluded_count : 509
2014-10-28 23:42:52,566 - DEBUG - scale values standard deviation{0: 197.02305462461695, 3: 3.180906615212284, 4: 0.03246456755085551, 5: 0.027973283659375677, 6: 0.03801041040424629, 7: 0.034149894040115265}
2014-10-28 23:42:52,769 - DEBUG - count : 9999
2014-10-28 23:42:52,769 - DEBUG - error_count : 12
2014-10-28 23:42:52,769 - DEBUG - excluded_count : 509
2014-10-28 23:42:52,769 - DEBUG - scale values min {0: 2.0, 3: 0.01, 4: -74.168175, 5: 40.59893, 6: -74.18412, 7: 40.570938}
2014-10-28 23:42:52,769 - DEBUG - scale values max {0: 1439.0, 3: 18.13, 4: -73.741234, 5: 40.875977, 6: -73.715225, 7: 40.908848}
2014-10-28 23:42:52,959 - DEBUG - count : 9999
2014-10-28 23:42:52,959 - DEBUG - error_count : 12
2014-10-28 23:42:52,959 - DEBUG - excluded_count : 509
2014-10-28 23:42:53,323 - DEBUG - count : 9999
2014-10-28 23:42:53,323 - DEBUG - error_count : 12
2014-10-28 23:42:53,323 - DEBUG - excluded_count : 509
2014-10-28 23:43:11,488 - DEBUG - count : 9999
2014-10-28 23:43:11,489 - DEBUG - error_count : 0
2014-10-28 23:43:11,489 - DEBUG - excluded_count : 0
2014-10-28 23:43:11,491 - DEBUG - Derived mean 3.35660166017
2014-10-28 23:43:11,491 - DEBUG - Derived std 3.69761448338
2014-10-28 23:43:11,658 - DEBUG - count : 9999
2014-10-28 23:43:11,658 - DEBUG - error_count : 12
2014-10-28 23:43:11,658 - DEBUG - excluded_count : 509
2014-10-28 23:43:11,658 - DEBUG - scale values mean{0: 462.2775902089048, 3: 3.2004072589153707, 4: -73.97617441358906, 5: 40.74929919466127, 6: -73.9698974098969, 7: 40.751410806604696}
2014-10-28 23:43:11,841 - DEBUG - count : 9999
2014-10-28 23:43:11,841 - DEBUG - error_count : 12
2014-10-28 23:43:11,841 - DEBUG - excluded_count : 509
2014-10-28 23:43:11,841 - DEBUG - scale values standard deviation{0: 197.02305462461695, 3: 3.180906615212284, 4: 0.03246456755085551, 5: 0.027973283659375677, 6: 0.03801041040424629, 7: 0.034149894040115265}
2014-10-28 23:43:12,049 - DEBUG - count : 9999
2014-10-28 23:43:12,049 - DEBUG - error_count : 12
2014-10-28 23:43:12,049 - DEBUG - excluded_count : 509
2014-10-28 23:43:12,049 - DEBUG - scale values min {0: 2.0, 3: 0.01, 4: -74.168175, 5: 40.59893, 6: -74.18412, 7: 40.570938}
2014-10-28 23:43:12,049 - DEBUG - scale values max {0: 1439.0, 3: 18.13, 4: -73.741234, 5: 40.875977, 6: -73.715225, 7: 40.908848}
2014-10-28 23:43:12,230 - DEBUG - count : 9999
2014-10-28 23:43:12,230 - DEBUG - error_count : 12
2014-10-28 23:43:12,230 - DEBUG - excluded_count : 509
2014-10-28 23:43:12,602 - DEBUG - count : 9999
2014-10-28 23:43:12,602 - DEBUG - error_count : 12
2014-10-28 23:43:12,602 - DEBUG - excluded_count : 509
2014-10-28 23:43:30,997 - DEBUG - count : 9999
2014-10-28 23:43:30,997 - DEBUG - error_count : 0
2014-10-28 23:43:30,997 - DEBUG - excluded_count : 0
2014-10-28 23:43:30,998 - DEBUG - Derived mean 3.35660166017
2014-10-28 23:43:30,998 - DEBUG - Derived std 3.69761448338
2014-10-28 23:43:31,170 - DEBUG - count : 9999
2014-10-28 23:43:31,170 - DEBUG - error_count : 12
2014-10-28 23:43:31,170 - DEBUG - excluded_count : 509
2014-10-28 23:43:31,170 - DEBUG - scale values mean{0: 462.2775902089048, 3: 3.2004072589153707, 4: -73.97617441358906, 5: 40.74929919466127, 6: -73.9698974098969, 7: 40.751410806604696}
2014-10-28 23:43:31,350 - DEBUG - count : 9999
2014-10-28 23:43:31,350 - DEBUG - error_count : 12
2014-10-28 23:43:31,350 - DEBUG - excluded_count : 509
2014-10-28 23:43:31,350 - DEBUG - scale values standard deviation{0: 197.02305462461695, 3: 3.180906615212284, 4: 0.03246456755085551, 5: 0.027973283659375677, 6: 0.03801041040424629, 7: 0.034149894040115265}
2014-10-28 23:43:31,556 - DEBUG - count : 9999
2014-10-28 23:43:31,556 - DEBUG - error_count : 12
2014-10-28 23:43:31,556 - DEBUG - excluded_count : 509
2014-10-28 23:43:31,556 - DEBUG - scale values min {0: 2.0, 3: 0.01, 4: -74.168175, 5: 40.59893, 6: -74.18412, 7: 40.570938}
2014-10-28 23:43:31,556 - DEBUG - scale values max {0: 1439.0, 3: 18.13, 4: -73.741234, 5: 40.875977, 6: -73.715225, 7: 40.908848}
2014-10-28 23:43:31,742 - DEBUG - count : 9999
2014-10-28 23:43:31,743 - DEBUG - error_count : 12
2014-10-28 23:43:31,743 - DEBUG - excluded_count : 509
2014-10-28 23:43:32,099 - DEBUG - count : 9999
2014-10-28 23:43:32,099 - DEBUG - error_count : 12
2014-10-28 23:43:32,100 - DEBUG - excluded_count : 509
2014-10-28 23:43:42,367 - DEBUG - count : 9999
2014-10-28 23:43:42,367 - DEBUG - error_count : 0
2014-10-28 23:43:42,367 - DEBUG - excluded_count : 0
2014-10-28 23:43:42,368 - DEBUG - Derived mean 3.35660166017
2014-10-28 23:43:42,368 - DEBUG - Derived std 3.69761448338
2014-10-28 23:43:42,546 - DEBUG - count : 9999
2014-10-28 23:43:42,546 - DEBUG - error_count : 12
2014-10-28 23:43:42,546 - DEBUG - excluded_count : 509
2014-10-28 23:43:42,546 - DEBUG - scale values mean{0: 462.2775902089048, 3: 3.2004072589153707, 4: -73.97617441358906, 5: 40.74929919466127, 6: -73.9698974098969, 7: 40.751410806604696}
2014-10-28 23:43:42,728 - DEBUG - count : 9999
2014-10-28 23:43:42,728 - DEBUG - error_count : 12
2014-10-28 23:43:42,728 - DEBUG - excluded_count : 509
2014-10-28 23:43:42,728 - DEBUG - scale values standard deviation{0: 197.02305462461695, 3: 3.180906615212284, 4: 0.03246456755085551, 5: 0.027973283659375677, 6: 0.03801041040424629, 7: 0.034149894040115265}
2014-10-28 23:43:42,939 - DEBUG - count : 9999
2014-10-28 23:43:42,939 - DEBUG - error_count : 12
2014-10-28 23:43:42,939 - DEBUG - excluded_count : 509
2014-10-28 23:43:42,939 - DEBUG - scale values min {0: 2.0, 3: 0.01, 4: -74.168175, 5: 40.59893, 6: -74.18412, 7: 40.570938}
2014-10-28 23:43:42,939 - DEBUG - scale values max {0: 1439.0, 3: 18.13, 4: -73.741234, 5: 40.875977, 6: -73.715225, 7: 40.908848}
2014-10-28 23:43:43,118 - DEBUG - count : 9999
2014-10-28 23:43:43,118 - DEBUG - error_count : 12
2014-10-28 23:43:43,119 - DEBUG - excluded_count : 509
2014-10-28 23:43:43,470 - DEBUG - count : 9999
2014-10-28 23:43:43,470 - DEBUG - error_count : 12
2014-10-28 23:43:43,470 - DEBUG - excluded_count : 509
2014-10-28 23:43:57,032 - DEBUG - count : 9999
2014-10-28 23:43:57,032 - DEBUG - error_count : 0
2014-10-28 23:43:57,033 - DEBUG - excluded_count : 0
2014-10-28 23:43:57,034 - DEBUG - Derived mean 3.35660166017
2014-10-28 23:43:57,034 - DEBUG - Derived std 3.69761448338
2014-10-28 23:43:57,203 - DEBUG - count : 9999
2014-10-28 23:43:57,203 - DEBUG - error_count : 12
2014-10-28 23:43:57,203 - DEBUG - excluded_count : 509
2014-10-28 23:43:57,203 - DEBUG - scale values mean{0: 462.2775902089048, 3: 3.2004072589153707, 4: -73.97617441358906, 5: 40.74929919466127, 6: -73.9698974098969, 7: 40.751410806604696}
2014-10-28 23:43:57,387 - DEBUG - count : 9999
2014-10-28 23:43:57,387 - DEBUG - error_count : 12
2014-10-28 23:43:57,387 - DEBUG - excluded_count : 509
2014-10-28 23:43:57,387 - DEBUG - scale values standard deviation{0: 197.02305462461695, 3: 3.180906615212284, 4: 0.03246456755085551, 5: 0.027973283659375677, 6: 0.03801041040424629, 7: 0.034149894040115265}
2014-10-28 23:43:57,605 - DEBUG - count : 9999
2014-10-28 23:43:57,605 - DEBUG - error_count : 12
2014-10-28 23:43:57,605 - DEBUG - excluded_count : 509
2014-10-28 23:43:57,605 - DEBUG - scale values min {0: 2.0, 3: 0.01, 4: -74.168175, 5: 40.59893, 6: -74.18412, 7: 40.570938}
2014-10-28 23:43:57,605 - DEBUG - scale values max {0: 1439.0, 3: 18.13, 4: -73.741234, 5: 40.875977, 6: -73.715225, 7: 40.908848}
2014-10-28 23:43:57,787 - DEBUG - count : 9999
2014-10-28 23:43:57,787 - DEBUG - error_count : 12
2014-10-28 23:43:57,787 - DEBUG - excluded_count : 509
2014-10-28 23:43:58,146 - DEBUG - count : 9999
2014-10-28 23:43:58,146 - DEBUG - error_count : 12
2014-10-28 23:43:58,146 - DEBUG - excluded_count : 509
2014-10-28 23:44:20,026 - DEBUG - count : 9999
2014-10-28 23:44:20,026 - DEBUG - error_count : 0
2014-10-28 23:44:20,026 - DEBUG - excluded_count : 0
2014-10-28 23:44:20,027 - DEBUG - Derived mean 3.35660166017
2014-10-28 23:44:20,027 - DEBUG - Derived std 3.69761448338
2014-10-28 23:44:20,198 - DEBUG - count : 9999
2014-10-28 23:44:20,198 - DEBUG - error_count : 12
2014-10-28 23:44:20,198 - DEBUG - excluded_count : 509
2014-10-28 23:44:20,198 - DEBUG - scale values mean{0: 462.2775902089048, 3: 3.2004072589153707, 4: -73.97617441358906, 5: 40.74929919466127, 6: -73.9698974098969, 7: 40.751410806604696}
2014-10-28 23:44:20,382 - DEBUG - count : 9999
2014-10-28 23:44:20,382 - DEBUG - error_count : 12
2014-10-28 23:44:20,382 - DEBUG - excluded_count : 509
2014-10-28 23:44:20,382 - DEBUG - scale values standard deviation{0: 197.02305462461695, 3: 3.180906615212284, 4: 0.03246456755085551, 5: 0.027973283659375677, 6: 0.03801041040424629, 7: 0.034149894040115265}
2014-10-28 23:44:20,595 - DEBUG - count : 9999
2014-10-28 23:44:20,595 - DEBUG - error_count : 12
2014-10-28 23:44:20,595 - DEBUG - excluded_count : 509
2014-10-28 23:44:20,595 - DEBUG - scale values min {0: 2.0, 3: 0.01, 4: -74.168175, 5: 40.59893, 6: -74.18412, 7: 40.570938}
2014-10-28 23:44:20,595 - DEBUG - scale values max {0: 1439.0, 3: 18.13, 4: -73.741234, 5: 40.875977, 6: -73.715225, 7: 40.908848}
2014-10-28 23:44:20,783 - DEBUG - count : 9999
2014-10-28 23:44:20,783 - DEBUG - error_count : 12
2014-10-28 23:44:20,783 - DEBUG - excluded_count : 509
2014-10-28 23:44:21,155 - DEBUG - count : 9999
2014-10-28 23:44:21,155 - DEBUG - error_count : 12
2014-10-28 23:44:21,156 - DEBUG - excluded_count : 509
2014-10-28 23:45:24,065 - DEBUG - count : 9999
2014-10-28 23:45:24,073 - DEBUG - error_count : 0
2014-10-28 23:45:24,073 - DEBUG - excluded_count : 0
2014-10-28 23:45:24,074 - DEBUG - Derived mean 3.35660166017
2014-10-28 23:45:24,074 - DEBUG - Derived std 3.69761448338
2014-10-28 23:45:24,269 - DEBUG - count : 9999
2014-10-28 23:45:24,269 - DEBUG - error_count : 12
2014-10-28 23:45:24,269 - DEBUG - excluded_count : 509
2014-10-28 23:45:24,269 - DEBUG - scale values mean{0: 462.2775902089048, 3: 3.2004072589153707, 4: -73.97617441358906, 5: 40.74929919466127, 6: -73.9698974098969, 7: 40.751410806604696}
2014-10-28 23:45:24,540 - DEBUG - count : 9999
2014-10-28 23:45:24,540 - DEBUG - error_count : 12
2014-10-28 23:45:24,540 - DEBUG - excluded_count : 509
2014-10-28 23:45:24,540 - DEBUG - scale values standard deviation{0: 197.02305462461695, 3: 3.180906615212284, 4: 0.03246456755085551, 5: 0.027973283659375677, 6: 0.03801041040424629, 7: 0.034149894040115265}
2014-10-28 23:45:24,745 - DEBUG - count : 9999
2014-10-28 23:45:24,745 - DEBUG - error_count : 12
2014-10-28 23:45:24,745 - DEBUG - excluded_count : 509
2014-10-28 23:45:24,746 - DEBUG - scale values min {0: 2.0, 3: 0.01, 4: -74.168175, 5: 40.59893, 6: -74.18412, 7: 40.570938}
2014-10-28 23:45:24,746 - DEBUG - scale values max {0: 1439.0, 3: 18.13, 4: -73.741234, 5: 40.875977, 6: -73.715225, 7: 40.908848}
2014-10-28 23:45:24,930 - DEBUG - count : 9999
2014-10-28 23:45:24,930 - DEBUG - error_count : 12
2014-10-28 23:45:24,931 - DEBUG - excluded_count : 509
2014-10-28 23:45:25,289 - DEBUG - count : 9999
2014-10-28 23:45:25,289 - DEBUG - error_count : 12
2014-10-28 23:45:25,289 - DEBUG - excluded_count : 509
2014-10-28 23:45:42,719 - DEBUG - count : 9999
2014-10-28 23:45:42,719 - DEBUG - error_count : 0
2014-10-28 23:45:42,720 - DEBUG - excluded_count : 0
2014-10-28 23:45:42,721 - DEBUG - Derived mean 3.35660166017
2014-10-28 23:45:42,721 - DEBUG - Derived std 3.69761448338
2014-10-28 23:45:42,905 - DEBUG - count : 9999
2014-10-28 23:45:42,905 - DEBUG - error_count : 12
2014-10-28 23:45:42,905 - DEBUG - excluded_count : 509
2014-10-28 23:45:42,905 - DEBUG - scale values mean{0: 462.2775902089048, 3: 3.2004072589153707, 4: -73.97617441358906, 5: 40.74929919466127, 6: -73.9698974098969, 7: 40.751410806604696}
2014-10-28 23:45:43,095 - DEBUG - count : 9999
2014-10-28 23:45:43,095 - DEBUG - error_count : 12
2014-10-28 23:45:43,095 - DEBUG - excluded_count : 509
2014-10-28 23:45:43,095 - DEBUG - scale values standard deviation{0: 197.02305462461695, 3: 3.180906615212284, 4: 0.03246456755085551, 5: 0.027973283659375677, 6: 0.03801041040424629, 7: 0.034149894040115265}
2014-10-28 23:45:43,296 - DEBUG - count : 9999
2014-10-28 23:45:43,296 - DEBUG - error_count : 12
2014-10-28 23:45:43,296 - DEBUG - excluded_count : 509
2014-10-28 23:45:43,296 - DEBUG - scale values min {0: 2.0, 3: 0.01, 4: -74.168175, 5: 40.59893, 6: -74.18412, 7: 40.570938}
2014-10-28 23:45:43,296 - DEBUG - scale values max {0: 1439.0, 3: 18.13, 4: -73.741234, 5: 40.875977, 6: -73.715225, 7: 40.908848}
2014-10-28 23:45:43,477 - DEBUG - count : 9999
2014-10-28 23:45:43,477 - DEBUG - error_count : 12
2014-10-28 23:45:43,477 - DEBUG - excluded_count : 509
2014-10-28 23:45:43,839 - DEBUG - count : 9999
2014-10-28 23:45:43,839 - DEBUG - error_count : 12
2014-10-28 23:45:43,839 - DEBUG - excluded_count : 509
2014-10-28 23:46:52,816 - DEBUG - count : 9999
2014-10-28 23:46:52,816 - DEBUG - error_count : 0
2014-10-28 23:46:52,816 - DEBUG - excluded_count : 0
2014-10-28 23:46:52,817 - DEBUG - Derived mean 3.35660166017
2014-10-28 23:46:52,817 - DEBUG - Derived std 3.69761448338
2014-10-28 23:46:53,013 - DEBUG - count : 9999
2014-10-28 23:46:53,014 - DEBUG - error_count : 12
2014-10-28 23:46:53,014 - DEBUG - excluded_count : 509
2014-10-28 23:46:53,014 - DEBUG - scale values mean{0: 462.2775902089048, 3: 3.2004072589153707, 4: -73.97617441358906, 5: 40.74929919466127, 6: -73.9698974098969, 7: 40.751410806604696}
2014-10-28 23:46:53,196 - DEBUG - count : 9999
2014-10-28 23:46:53,196 - DEBUG - error_count : 12
2014-10-28 23:46:53,197 - DEBUG - excluded_count : 509
2014-10-28 23:46:53,197 - DEBUG - scale values standard deviation{0: 197.02305462461695, 3: 3.180906615212284, 4: 0.03246456755085551, 5: 0.027973283659375677, 6: 0.03801041040424629, 7: 0.034149894040115265}
2014-10-28 23:46:53,403 - DEBUG - count : 9999
2014-10-28 23:46:53,403 - DEBUG - error_count : 12
2014-10-28 23:46:53,404 - DEBUG - excluded_count : 509
2014-10-28 23:46:53,404 - DEBUG - scale values min {0: 2.0, 3: 0.01, 4: -74.168175, 5: 40.59893, 6: -74.18412, 7: 40.570938}
2014-10-28 23:46:53,404 - DEBUG - scale values max {0: 1439.0, 3: 18.13, 4: -73.741234, 5: 40.875977, 6: -73.715225, 7: 40.908848}
2014-10-28 23:46:53,603 - DEBUG - count : 9999
2014-10-28 23:46:53,603 - DEBUG - error_count : 12
2014-10-28 23:46:53,603 - DEBUG - excluded_count : 509
2014-10-28 23:46:53,972 - DEBUG - count : 9999
2014-10-28 23:46:53,972 - DEBUG - error_count : 12
2014-10-28 23:46:53,972 - DEBUG - excluded_count : 509
2014-10-28 23:47:33,677 - DEBUG - count : 9999
2014-10-28 23:47:33,677 - DEBUG - error_count : 0
2014-10-28 23:47:33,677 - DEBUG - excluded_count : 0
2014-10-28 23:47:33,678 - DEBUG - Derived mean 3.35660166017
2014-10-28 23:47:33,678 - DEBUG - Derived std 3.69761448338
2014-10-28 23:47:33,869 - DEBUG - count : 9999
2014-10-28 23:47:33,869 - DEBUG - error_count : 12
2014-10-28 23:47:33,869 - DEBUG - excluded_count : 509
2014-10-28 23:47:33,869 - DEBUG - scale values mean{0: 462.2775902089048, 3: 3.2004072589153707, 4: -73.97617441358906, 5: 40.74929919466127, 6: -73.9698974098969, 7: 40.751410806604696}
2014-10-28 23:47:34,053 - DEBUG - count : 9999
2014-10-28 23:47:34,053 - DEBUG - error_count : 12
2014-10-28 23:47:34,053 - DEBUG - excluded_count : 509
2014-10-28 23:47:34,053 - DEBUG - scale values standard deviation{0: 197.02305462461695, 3: 3.180906615212284, 4: 0.03246456755085551, 5: 0.027973283659375677, 6: 0.03801041040424629, 7: 0.034149894040115265}
2014-10-28 23:47:34,255 - DEBUG - count : 9999
2014-10-28 23:47:34,255 - DEBUG - error_count : 12
2014-10-28 23:47:34,255 - DEBUG - excluded_count : 509
2014-10-28 23:47:34,255 - DEBUG - scale values min {0: 2.0, 3: 0.01, 4: -74.168175, 5: 40.59893, 6: -74.18412, 7: 40.570938}
2014-10-28 23:47:34,255 - DEBUG - scale values max {0: 1439.0, 3: 18.13, 4: -73.741234, 5: 40.875977, 6: -73.715225, 7: 40.908848}
2014-10-28 23:47:34,435 - DEBUG - count : 9999
2014-10-28 23:47:34,435 - DEBUG - error_count : 12
2014-10-28 23:47:34,435 - DEBUG - excluded_count : 509
2014-10-28 23:47:34,788 - DEBUG - count : 9999
2014-10-28 23:47:34,788 - DEBUG - error_count : 12
2014-10-28 23:47:34,788 - DEBUG - excluded_count : 509
2014-10-28 23:48:04,145 - DEBUG - count : 9999
2014-10-28 23:48:04,145 - DEBUG - error_count : 0
2014-10-28 23:48:04,145 - DEBUG - excluded_count : 0
2014-10-28 23:48:04,146 - DEBUG - Derived mean 3.35660166017
2014-10-28 23:48:04,147 - DEBUG - Derived std 3.69761448338
2014-10-28 23:48:04,317 - DEBUG - count : 9999
2014-10-28 23:48:04,317 - DEBUG - error_count : 12
2014-10-28 23:48:04,317 - DEBUG - excluded_count : 509
2014-10-28 23:48:04,318 - DEBUG - scale values mean{0: 462.2775902089048, 3: 3.2004072589153707, 4: -73.97617441358906, 5: 40.74929919466127, 6: -73.9698974098969, 7: 40.751410806604696}
2014-10-28 23:48:04,501 - DEBUG - count : 9999
2014-10-28 23:48:04,502 - DEBUG - error_count : 12
2014-10-28 23:48:04,502 - DEBUG - excluded_count : 509
2014-10-28 23:48:04,502 - DEBUG - scale values standard deviation{0: 197.02305462461695, 3: 3.180906615212284, 4: 0.03246456755085551, 5: 0.027973283659375677, 6: 0.03801041040424629, 7: 0.034149894040115265}
2014-10-28 23:48:04,704 - DEBUG - count : 9999
2014-10-28 23:48:04,705 - DEBUG - error_count : 12
2014-10-28 23:48:04,705 - DEBUG - excluded_count : 509
2014-10-28 23:48:04,705 - DEBUG - scale values min {0: 2.0, 3: 0.01, 4: -74.168175, 5: 40.59893, 6: -74.18412, 7: 40.570938}
2014-10-28 23:48:04,705 - DEBUG - scale values max {0: 1439.0, 3: 18.13, 4: -73.741234, 5: 40.875977, 6: -73.715225, 7: 40.908848}
2014-10-28 23:48:04,888 - DEBUG - count : 9999
2014-10-28 23:48:04,888 - DEBUG - error_count : 12
2014-10-28 23:48:04,888 - DEBUG - excluded_count : 509
2014-10-28 23:48:05,246 - DEBUG - count : 9999
2014-10-28 23:48:05,247 - DEBUG - error_count : 12
2014-10-28 23:48:05,247 - DEBUG - excluded_count : 509
2014-10-29 00:05:12,851 - DEBUG - count : 9999
2014-10-29 00:05:12,868 - DEBUG - error_count : 0
2014-10-29 00:05:12,868 - DEBUG - excluded_count : 0
2014-10-29 00:05:12,871 - DEBUG - Derived mean 3.35660166017
2014-10-29 00:05:12,871 - DEBUG - Derived std 3.69761448338
2014-10-29 00:05:13,044 - DEBUG - count : 9999
2014-10-29 00:05:13,044 - DEBUG - error_count : 12
2014-10-29 00:05:13,044 - DEBUG - excluded_count : 509
2014-10-29 00:05:13,044 - DEBUG - scale values mean{0: 462.2775902089048, 3: 3.2004072589153707, 4: -73.97617441358906, 5: 40.74929919466127, 6: -73.9698974098969, 7: 40.751410806604696}
2014-10-29 00:05:13,252 - DEBUG - count : 9999
2014-10-29 00:05:13,253 - DEBUG - error_count : 12
2014-10-29 00:05:13,253 - DEBUG - excluded_count : 509
2014-10-29 00:05:13,253 - DEBUG - scale values standard deviation{0: 197.02305462461695, 3: 3.180906615212284, 4: 0.03246456755085551, 5: 0.027973283659375677, 6: 0.03801041040424629, 7: 0.034149894040115265}
2014-10-29 00:05:13,452 - DEBUG - count : 9999
2014-10-29 00:05:13,453 - DEBUG - error_count : 12
2014-10-29 00:05:13,453 - DEBUG - excluded_count : 509
2014-10-29 00:05:13,453 - DEBUG - scale values min {0: 2.0, 3: 0.01, 4: -74.168175, 5: 40.59893, 6: -74.18412, 7: 40.570938}
2014-10-29 00:05:13,453 - DEBUG - scale values max {0: 1439.0, 3: 18.13, 4: -73.741234, 5: 40.875977, 6: -73.715225, 7: 40.908848}
2014-10-29 00:05:13,642 - DEBUG - count : 9999
2014-10-29 00:05:13,642 - DEBUG - error_count : 12
2014-10-29 00:05:13,642 - DEBUG - excluded_count : 509
2014-10-29 00:05:14,097 - DEBUG - count : 9999
2014-10-29 00:05:14,097 - DEBUG - error_count : 12
2014-10-29 00:05:14,097 - DEBUG - excluded_count : 509
2014-10-29 00:10:29,132 - DEBUG - count : 9999
2014-10-29 00:10:29,132 - DEBUG - error_count : 0
2014-10-29 00:10:29,132 - DEBUG - excluded_count : 0
2014-10-29 00:10:29,133 - DEBUG - Derived mean 3.35660166017
2014-10-29 00:10:29,133 - DEBUG - Derived std 3.69761448338
2014-10-29 00:10:29,308 - DEBUG - count : 9999
2014-10-29 00:10:29,308 - DEBUG - error_count : 12
2014-10-29 00:10:29,308 - DEBUG - excluded_count : 509
2014-10-29 00:10:29,308 - DEBUG - scale values mean{0: 462.2775902089048, 3: 3.2004072589153707, 4: -73.97617441358906, 5: 40.74929919466127, 6: -73.9698974098969, 7: 40.751410806604696}
2014-10-29 00:10:29,494 - DEBUG - count : 9999
2014-10-29 00:10:29,494 - DEBUG - error_count : 12
2014-10-29 00:10:29,495 - DEBUG - excluded_count : 509
2014-10-29 00:10:29,495 - DEBUG - scale values standard deviation{0: 197.02305462461695, 3: 3.180906615212284, 4: 0.03246456755085551, 5: 0.027973283659375677, 6: 0.03801041040424629, 7: 0.034149894040115265}
2014-10-29 00:10:29,697 - DEBUG - count : 9999
2014-10-29 00:10:29,697 - DEBUG - error_count : 12
2014-10-29 00:10:29,697 - DEBUG - excluded_count : 509
2014-10-29 00:10:29,697 - DEBUG - scale values min {0: 2.0, 3: 0.01, 4: -74.168175, 5: 40.59893, 6: -74.18412, 7: 40.570938}
2014-10-29 00:10:29,697 - DEBUG - scale values max {0: 1439.0, 3: 18.13, 4: -73.741234, 5: 40.875977, 6: -73.715225, 7: 40.908848}
2014-10-29 00:10:29,886 - DEBUG - count : 9999
2014-10-29 00:10:29,886 - DEBUG - error_count : 12
2014-10-29 00:10:29,886 - DEBUG - excluded_count : 509
2014-10-29 00:10:30,243 - DEBUG - count : 9999
2014-10-29 00:10:30,244 - DEBUG - error_count : 12
2014-10-29 00:10:30,244 - DEBUG - excluded_count : 509
2014-10-29 00:10:45,669 - DEBUG - count : 9999
2014-10-29 00:10:45,669 - DEBUG - error_count : 0
2014-10-29 00:10:45,670 - DEBUG - excluded_count : 0
2014-10-29 00:10:45,671 - DEBUG - Derived mean 3.35660166017
2014-10-29 00:10:45,671 - DEBUG - Derived std 3.69761448338
2014-10-29 00:10:45,842 - DEBUG - count : 9999
2014-10-29 00:10:45,842 - DEBUG - error_count : 12
2014-10-29 00:10:45,842 - DEBUG - excluded_count : 509
2014-10-29 00:10:45,842 - DEBUG - scale values mean{0: 462.2775902089048, 3: 3.2004072589153707, 4: -73.97617441358906, 5: 40.74929919466127, 6: -73.9698974098969, 7: 40.751410806604696}
2014-10-29 00:10:46,026 - DEBUG - count : 9999
2014-10-29 00:10:46,026 - DEBUG - error_count : 12
2014-10-29 00:10:46,026 - DEBUG - excluded_count : 509
2014-10-29 00:10:46,026 - DEBUG - scale values standard deviation{0: 197.02305462461695, 3: 3.180906615212284, 4: 0.03246456755085551, 5: 0.027973283659375677, 6: 0.03801041040424629, 7: 0.034149894040115265}
2014-10-29 00:10:46,228 - DEBUG - count : 9999
2014-10-29 00:10:46,228 - DEBUG - error_count : 12
2014-10-29 00:10:46,228 - DEBUG - excluded_count : 509
2014-10-29 00:10:46,229 - DEBUG - scale values min {0: 2.0, 3: 0.01, 4: -74.168175, 5: 40.59893, 6: -74.18412, 7: 40.570938}
2014-10-29 00:10:46,229 - DEBUG - scale values max {0: 1439.0, 3: 18.13, 4: -73.741234, 5: 40.875977, 6: -73.715225, 7: 40.908848}
2014-10-29 00:10:46,413 - DEBUG - count : 9999
2014-10-29 00:10:46,413 - DEBUG - error_count : 12
2014-10-29 00:10:46,413 - DEBUG - excluded_count : 509
2014-10-29 00:10:46,770 - DEBUG - count : 9999
2014-10-29 00:10:46,770 - DEBUG - error_count : 12
2014-10-29 00:10:46,770 - DEBUG - excluded_count : 509
2014-10-29 00:19:36,729 - DEBUG - count : 9999
2014-10-29 00:19:36,743 - DEBUG - error_count : 0
2014-10-29 00:19:36,743 - DEBUG - excluded_count : 0
2014-10-29 00:19:36,746 - DEBUG - Derived mean 3.35660166017
2014-10-29 00:19:36,746 - DEBUG - Derived std 3.69761448338
2014-10-29 00:19:36,923 - DEBUG - count : 9999
2014-10-29 00:19:36,923 - DEBUG - error_count : 12
2014-10-29 00:19:36,923 - DEBUG - excluded_count : 509
2014-10-29 00:19:36,923 - DEBUG - scale values mean{0: 462.2775902089048, 3: 3.2004072589153707, 4: -73.97617441358906, 5: 40.74929919466127, 6: -73.9698974098969, 7: 40.751410806604696}
2014-10-29 00:19:37,106 - DEBUG - count : 9999
2014-10-29 00:19:37,106 - DEBUG - error_count : 12
2014-10-29 00:19:37,106 - DEBUG - excluded_count : 509
2014-10-29 00:19:37,106 - DEBUG - scale values standard deviation{0: 197.02305462461695, 3: 3.180906615212284, 4: 0.03246456755085551, 5: 0.027973283659375677, 6: 0.03801041040424629, 7: 0.034149894040115265}
2014-10-29 00:19:37,320 - DEBUG - count : 9999
2014-10-29 00:19:37,320 - DEBUG - error_count : 12
2014-10-29 00:19:37,320 - DEBUG - excluded_count : 509
2014-10-29 00:19:37,320 - DEBUG - scale values min {0: 2.0, 3: 0.01, 4: -74.168175, 5: 40.59893, 6: -74.18412, 7: 40.570938}
2014-10-29 00:19:37,320 - DEBUG - scale values max {0: 1439.0, 3: 18.13, 4: -73.741234, 5: 40.875977, 6: -73.715225, 7: 40.908848}
2014-10-29 00:19:37,516 - DEBUG - count : 9999
2014-10-29 00:19:37,517 - DEBUG - error_count : 12
2014-10-29 00:19:37,517 - DEBUG - excluded_count : 509
2014-10-29 00:19:37,878 - DEBUG - count : 9999
2014-10-29 00:19:37,878 - DEBUG - error_count : 12
2014-10-29 00:19:37,878 - DEBUG - excluded_count : 509
2014-10-29 00:20:41,680 - DEBUG - count : 9999
2014-10-29 00:20:41,681 - DEBUG - error_count : 0
2014-10-29 00:20:41,681 - DEBUG - excluded_count : 0
2014-10-29 00:20:41,682 - DEBUG - Derived mean 3.35660166017
2014-10-29 00:20:41,682 - DEBUG - Derived std 3.69761448338
2014-10-29 00:20:41,855 - DEBUG - count : 9999
2014-10-29 00:20:41,855 - DEBUG - error_count : 12
2014-10-29 00:20:41,855 - DEBUG - excluded_count : 509
2014-10-29 00:20:41,855 - DEBUG - scale values mean{0: 462.2775902089048, 3: 3.2004072589153707, 4: -73.97617441358906, 5: 40.74929919466127, 6: -73.9698974098969, 7: 40.751410806604696}
2014-10-29 00:20:42,043 - DEBUG - count : 9999
2014-10-29 00:20:42,043 - DEBUG - error_count : 12
2014-10-29 00:20:42,043 - DEBUG - excluded_count : 509
2014-10-29 00:20:42,044 - DEBUG - scale values standard deviation{0: 197.02305462461695, 3: 3.180906615212284, 4: 0.03246456755085551, 5: 0.027973283659375677, 6: 0.03801041040424629, 7: 0.034149894040115265}
2014-10-29 00:20:42,250 - DEBUG - count : 9999
2014-10-29 00:20:42,250 - DEBUG - error_count : 12
2014-10-29 00:20:42,251 - DEBUG - excluded_count : 509
2014-10-29 00:20:42,251 - DEBUG - scale values min {0: 2.0, 3: 0.01, 4: -74.168175, 5: 40.59893, 6: -74.18412, 7: 40.570938}
2014-10-29 00:20:42,251 - DEBUG - scale values max {0: 1439.0, 3: 18.13, 4: -73.741234, 5: 40.875977, 6: -73.715225, 7: 40.908848}
2014-10-29 00:20:42,440 - DEBUG - count : 9999
2014-10-29 00:20:42,440 - DEBUG - error_count : 12
2014-10-29 00:20:42,440 - DEBUG - excluded_count : 509
2014-10-29 00:20:42,818 - DEBUG - count : 9999
2014-10-29 00:20:42,819 - DEBUG - error_count : 12
2014-10-29 00:20:42,819 - DEBUG - excluded_count : 509
2014-10-29 00:21:25,460 - DEBUG - count : 9999
2014-10-29 00:21:25,460 - DEBUG - error_count : 0
2014-10-29 00:21:25,460 - DEBUG - excluded_count : 0
2014-10-29 00:21:25,462 - DEBUG - Derived mean 3.35660166017
2014-10-29 00:21:25,462 - DEBUG - Derived std 3.69761448338
2014-10-29 00:21:25,629 - DEBUG - count : 9999
2014-10-29 00:21:25,629 - DEBUG - error_count : 12
2014-10-29 00:21:25,629 - DEBUG - excluded_count : 509
2014-10-29 00:21:25,629 - DEBUG - scale values mean{0: 462.2775902089048, 3: 3.2004072589153707, 4: -73.97617441358906, 5: 40.74929919466127, 6: -73.9698974098969, 7: 40.751410806604696}
2014-10-29 00:21:25,811 - DEBUG - count : 9999
2014-10-29 00:21:25,811 - DEBUG - error_count : 12
2014-10-29 00:21:25,811 - DEBUG - excluded_count : 509
2014-10-29 00:21:25,811 - DEBUG - scale values standard deviation{0: 197.02305462461695, 3: 3.180906615212284, 4: 0.03246456755085551, 5: 0.027973283659375677, 6: 0.03801041040424629, 7: 0.034149894040115265}
2014-10-29 00:21:26,012 - DEBUG - count : 9999
2014-10-29 00:21:26,012 - DEBUG - error_count : 12
2014-10-29 00:21:26,012 - DEBUG - excluded_count : 509
2014-10-29 00:21:26,012 - DEBUG - scale values min {0: 2.0, 3: 0.01, 4: -74.168175, 5: 40.59893, 6: -74.18412, 7: 40.570938}
2014-10-29 00:21:26,012 - DEBUG - scale values max {0: 1439.0, 3: 18.13, 4: -73.741234, 5: 40.875977, 6: -73.715225, 7: 40.908848}
2014-10-29 00:21:26,191 - DEBUG - count : 9999
2014-10-29 00:21:26,191 - DEBUG - error_count : 12
2014-10-29 00:21:26,192 - DEBUG - excluded_count : 509
2014-10-29 00:21:26,543 - DEBUG - count : 9999
2014-10-29 00:21:26,543 - DEBUG - error_count : 12
2014-10-29 00:21:26,544 - DEBUG - excluded_count : 509
2014-10-29 00:22:00,602 - DEBUG - count : 9999
2014-10-29 00:22:00,602 - DEBUG - error_count : 0
2014-10-29 00:22:00,602 - DEBUG - excluded_count : 0
2014-10-29 00:22:00,603 - DEBUG - Derived mean 3.35660166017
2014-10-29 00:22:00,604 - DEBUG - Derived std 3.69761448338
2014-10-29 00:22:00,771 - DEBUG - count : 9999
2014-10-29 00:22:00,771 - DEBUG - error_count : 12
2014-10-29 00:22:00,771 - DEBUG - excluded_count : 509
2014-10-29 00:22:00,771 - DEBUG - scale values mean{0: 462.2775902089048, 3: 3.2004072589153707, 4: -73.97617441358906, 5: 40.74929919466127, 6: -73.9698974098969, 7: 40.751410806604696}
2014-10-29 00:22:00,955 - DEBUG - count : 9999
2014-10-29 00:22:00,955 - DEBUG - error_count : 12
2014-10-29 00:22:00,955 - DEBUG - excluded_count : 509
2014-10-29 00:22:00,955 - DEBUG - scale values standard deviation{0: 197.02305462461695, 3: 3.180906615212284, 4: 0.03246456755085551, 5: 0.027973283659375677, 6: 0.03801041040424629, 7: 0.034149894040115265}
2014-10-29 00:22:01,155 - DEBUG - count : 9999
2014-10-29 00:22:01,155 - DEBUG - error_count : 12
2014-10-29 00:22:01,155 - DEBUG - excluded_count : 509
2014-10-29 00:22:01,155 - DEBUG - scale values min {0: 2.0, 3: 0.01, 4: -74.168175, 5: 40.59893, 6: -74.18412, 7: 40.570938}
2014-10-29 00:22:01,156 - DEBUG - scale values max {0: 1439.0, 3: 18.13, 4: -73.741234, 5: 40.875977, 6: -73.715225, 7: 40.908848}
2014-10-29 00:22:01,334 - DEBUG - count : 9999
2014-10-29 00:22:01,334 - DEBUG - error_count : 12
2014-10-29 00:22:01,335 - DEBUG - excluded_count : 509
2014-10-29 00:22:01,697 - DEBUG - count : 9999
2014-10-29 00:22:01,697 - DEBUG - error_count : 12
2014-10-29 00:22:01,697 - DEBUG - excluded_count : 509
2014-10-29 00:22:55,432 - DEBUG - count : 9999
2014-10-29 00:22:55,432 - DEBUG - error_count : 0
2014-10-29 00:22:55,432 - DEBUG - excluded_count : 0
2014-10-29 00:22:55,433 - DEBUG - Derived mean 3.35660166017
2014-10-29 00:22:55,433 - DEBUG - Derived std 3.69761448338
2014-10-29 00:22:55,613 - DEBUG - count : 9999
2014-10-29 00:22:55,613 - DEBUG - error_count : 12
2014-10-29 00:22:55,613 - DEBUG - excluded_count : 509
2014-10-29 00:22:55,613 - DEBUG - scale values mean{0: 462.2775902089048, 3: 3.2004072589153707, 4: -73.97617441358906, 5: 40.74929919466127, 6: -73.9698974098969, 7: 40.751410806604696}
2014-10-29 00:22:55,799 - DEBUG - count : 9999
2014-10-29 00:22:55,799 - DEBUG - error_count : 12
2014-10-29 00:22:55,799 - DEBUG - excluded_count : 509
2014-10-29 00:22:55,799 - DEBUG - scale values standard deviation{0: 197.02305462461695, 3: 3.180906615212284, 4: 0.03246456755085551, 5: 0.027973283659375677, 6: 0.03801041040424629, 7: 0.034149894040115265}
2014-10-29 00:22:56,012 - DEBUG - count : 9999
2014-10-29 00:22:56,012 - DEBUG - error_count : 12
2014-10-29 00:22:56,012 - DEBUG - excluded_count : 509
2014-10-29 00:22:56,013 - DEBUG - scale values min {0: 2.0, 3: 0.01, 4: -74.168175, 5: 40.59893, 6: -74.18412, 7: 40.570938}
2014-10-29 00:22:56,013 - DEBUG - scale values max {0: 1439.0, 3: 18.13, 4: -73.741234, 5: 40.875977, 6: -73.715225, 7: 40.908848}
2014-10-29 00:22:56,193 - DEBUG - count : 9999
2014-10-29 00:22:56,193 - DEBUG - error_count : 12
2014-10-29 00:22:56,193 - DEBUG - excluded_count : 509
2014-10-29 00:22:56,567 - DEBUG - count : 9999
2014-10-29 00:22:56,567 - DEBUG - error_count : 12
2014-10-29 00:22:56,567 - DEBUG - excluded_count : 509
2014-10-29 00:23:38,587 - DEBUG - count : 9999
2014-10-29 00:23:38,587 - DEBUG - error_count : 0
2014-10-29 00:23:38,587 - DEBUG - excluded_count : 0
2014-10-29 00:23:38,589 - DEBUG - Derived mean 3.35660166017
2014-10-29 00:23:38,589 - DEBUG - Derived std 3.69761448338
2014-10-29 00:23:38,758 - DEBUG - count : 9999
2014-10-29 00:23:38,758 - DEBUG - error_count : 12
2014-10-29 00:23:38,758 - DEBUG - excluded_count : 509
2014-10-29 00:23:38,758 - DEBUG - scale values mean{0: 462.2775902089048, 3: 3.2004072589153707, 4: -73.97617441358906, 5: 40.74929919466127, 6: -73.9698974098969, 7: 40.751410806604696}
2014-10-29 00:23:38,942 - DEBUG - count : 9999
2014-10-29 00:23:38,942 - DEBUG - error_count : 12
2014-10-29 00:23:38,943 - DEBUG - excluded_count : 509
2014-10-29 00:23:38,943 - DEBUG - scale values standard deviation{0: 197.02305462461695, 3: 3.180906615212284, 4: 0.03246456755085551, 5: 0.027973283659375677, 6: 0.03801041040424629, 7: 0.034149894040115265}
2014-10-29 00:23:39,144 - DEBUG - count : 9999
2014-10-29 00:23:39,145 - DEBUG - error_count : 12
2014-10-29 00:23:39,145 - DEBUG - excluded_count : 509
2014-10-29 00:23:39,145 - DEBUG - scale values min {0: 2.0, 3: 0.01, 4: -74.168175, 5: 40.59893, 6: -74.18412, 7: 40.570938}
2014-10-29 00:23:39,145 - DEBUG - scale values max {0: 1439.0, 3: 18.13, 4: -73.741234, 5: 40.875977, 6: -73.715225, 7: 40.908848}
2014-10-29 00:23:39,339 - DEBUG - count : 9999
2014-10-29 00:23:39,339 - DEBUG - error_count : 12
2014-10-29 00:23:39,340 - DEBUG - excluded_count : 509
2014-10-29 00:23:39,696 - DEBUG - count : 9999
2014-10-29 00:23:39,697 - DEBUG - error_count : 12
2014-10-29 00:23:39,697 - DEBUG - excluded_count : 509
2014-10-29 00:23:58,182 - DEBUG - count : 9999
2014-10-29 00:23:58,182 - DEBUG - error_count : 0
2014-10-29 00:23:58,182 - DEBUG - excluded_count : 0
2014-10-29 00:23:58,184 - DEBUG - Derived mean 3.35660166017
2014-10-29 00:23:58,184 - DEBUG - Derived std 3.69761448338
2014-10-29 00:23:58,355 - DEBUG - count : 9999
2014-10-29 00:23:58,355 - DEBUG - error_count : 12
2014-10-29 00:23:58,355 - DEBUG - excluded_count : 509
2014-10-29 00:23:58,355 - DEBUG - scale values mean{0: 462.2775902089048, 3: 3.2004072589153707, 4: -73.97617441358906, 5: 40.74929919466127, 6: -73.9698974098969, 7: 40.751410806604696}
2014-10-29 00:23:58,539 - DEBUG - count : 9999
2014-10-29 00:23:58,539 - DEBUG - error_count : 12
2014-10-29 00:23:58,539 - DEBUG - excluded_count : 509
2014-10-29 00:23:58,539 - DEBUG - scale values standard deviation{0: 197.02305462461695, 3: 3.180906615212284, 4: 0.03246456755085551, 5: 0.027973283659375677, 6: 0.03801041040424629, 7: 0.034149894040115265}
2014-10-29 00:23:58,741 - DEBUG - count : 9999
2014-10-29 00:23:58,741 - DEBUG - error_count : 12
2014-10-29 00:23:58,741 - DEBUG - excluded_count : 509
2014-10-29 00:23:58,741 - DEBUG - scale values min {0: 2.0, 3: 0.01, 4: -74.168175, 5: 40.59893, 6: -74.18412, 7: 40.570938}
2014-10-29 00:23:58,741 - DEBUG - scale values max {0: 1439.0, 3: 18.13, 4: -73.741234, 5: 40.875977, 6: -73.715225, 7: 40.908848}
2014-10-29 00:23:58,921 - DEBUG - count : 9999
2014-10-29 00:23:58,922 - DEBUG - error_count : 12
2014-10-29 00:23:58,922 - DEBUG - excluded_count : 509
2014-10-29 00:23:59,289 - DEBUG - count : 9999
2014-10-29 00:23:59,289 - DEBUG - error_count : 12
2014-10-29 00:23:59,289 - DEBUG - excluded_count : 509
2014-10-29 00:24:14,010 - DEBUG - count : 9999
2014-10-29 00:24:14,011 - DEBUG - error_count : 0
2014-10-29 00:24:14,011 - DEBUG - excluded_count : 0
2014-10-29 00:24:14,012 - DEBUG - Derived mean 3.35660166017
2014-10-29 00:24:14,012 - DEBUG - Derived std 3.69761448338
2014-10-29 00:24:14,186 - DEBUG - count : 9999
2014-10-29 00:24:14,186 - DEBUG - error_count : 12
2014-10-29 00:24:14,186 - DEBUG - excluded_count : 509
2014-10-29 00:24:14,186 - DEBUG - scale values mean{0: 462.2775902089048, 3: 3.2004072589153707, 4: -73.97617441358906, 5: 40.74929919466127, 6: -73.9698974098969, 7: 40.751410806604696}
2014-10-29 00:24:14,375 - DEBUG - count : 9999
2014-10-29 00:24:14,375 - DEBUG - error_count : 12
2014-10-29 00:24:14,375 - DEBUG - excluded_count : 509
2014-10-29 00:24:14,375 - DEBUG - scale values standard deviation{0: 197.02305462461695, 3: 3.180906615212284, 4: 0.03246456755085551, 5: 0.027973283659375677, 6: 0.03801041040424629, 7: 0.034149894040115265}
2014-10-29 00:24:14,577 - DEBUG - count : 9999
2014-10-29 00:24:14,577 - DEBUG - error_count : 12
2014-10-29 00:24:14,577 - DEBUG - excluded_count : 509
2014-10-29 00:24:14,577 - DEBUG - scale values min {0: 2.0, 3: 0.01, 4: -74.168175, 5: 40.59893, 6: -74.18412, 7: 40.570938}
2014-10-29 00:24:14,577 - DEBUG - scale values max {0: 1439.0, 3: 18.13, 4: -73.741234, 5: 40.875977, 6: -73.715225, 7: 40.908848}
2014-10-29 00:24:14,773 - DEBUG - count : 9999
2014-10-29 00:24:14,773 - DEBUG - error_count : 12
2014-10-29 00:24:14,773 - DEBUG - excluded_count : 509
2014-10-29 00:24:15,133 - DEBUG - count : 9999
2014-10-29 00:24:15,133 - DEBUG - error_count : 12
2014-10-29 00:24:15,133 - DEBUG - excluded_count : 509
2014-10-29 00:24:43,212 - DEBUG - count : 9999
2014-10-29 00:24:43,212 - DEBUG - error_count : 0
2014-10-29 00:24:43,212 - DEBUG - excluded_count : 0
2014-10-29 00:24:43,213 - DEBUG - Derived mean 3.35660166017
2014-10-29 00:24:43,213 - DEBUG - Derived std 3.69761448338
2014-10-29 00:24:43,381 - DEBUG - count : 9999
2014-10-29 00:24:43,382 - DEBUG - error_count : 12
2014-10-29 00:24:43,382 - DEBUG - excluded_count : 509
2014-10-29 00:24:43,382 - DEBUG - scale values mean{0: 462.2775902089048, 3: 3.2004072589153707, 4: -73.97617441358906, 5: 40.74929919466127, 6: -73.9698974098969, 7: 40.751410806604696}
2014-10-29 00:24:43,565 - DEBUG - count : 9999
2014-10-29 00:24:43,565 - DEBUG - error_count : 12
2014-10-29 00:24:43,565 - DEBUG - excluded_count : 509
2014-10-29 00:24:43,565 - DEBUG - scale values standard deviation{0: 197.02305462461695, 3: 3.180906615212284, 4: 0.03246456755085551, 5: 0.027973283659375677, 6: 0.03801041040424629, 7: 0.034149894040115265}
2014-10-29 00:24:43,766 - DEBUG - count : 9999
2014-10-29 00:24:43,766 - DEBUG - error_count : 12
2014-10-29 00:24:43,766 - DEBUG - excluded_count : 509
2014-10-29 00:24:43,766 - DEBUG - scale values min {0: 2.0, 3: 0.01, 4: -74.168175, 5: 40.59893, 6: -74.18412, 7: 40.570938}
2014-10-29 00:24:43,766 - DEBUG - scale values max {0: 1439.0, 3: 18.13, 4: -73.741234, 5: 40.875977, 6: -73.715225, 7: 40.908848}
2014-10-29 00:24:43,947 - DEBUG - count : 9999
2014-10-29 00:24:43,948 - DEBUG - error_count : 12
2014-10-29 00:24:43,948 - DEBUG - excluded_count : 509
2014-10-29 00:24:44,314 - DEBUG - count : 9999
2014-10-29 00:24:44,314 - DEBUG - error_count : 12
2014-10-29 00:24:44,314 - DEBUG - excluded_count : 509
2014-10-29 00:24:55,065 - DEBUG - count : 9999
2014-10-29 00:24:55,066 - DEBUG - error_count : 0
2014-10-29 00:24:55,066 - DEBUG - excluded_count : 0
2014-10-29 00:24:55,067 - DEBUG - Derived mean 3.35660166017
2014-10-29 00:24:55,067 - DEBUG - Derived std 3.69761448338
2014-10-29 00:24:55,245 - DEBUG - count : 9999
2014-10-29 00:24:55,245 - DEBUG - error_count : 12
2014-10-29 00:24:55,245 - DEBUG - excluded_count : 509
2014-10-29 00:24:55,246 - DEBUG - scale values mean{0: 462.2775902089048, 3: 3.2004072589153707, 4: -73.97617441358906, 5: 40.74929919466127, 6: -73.9698974098969, 7: 40.751410806604696}
2014-10-29 00:24:55,440 - DEBUG - count : 9999
2014-10-29 00:24:55,440 - DEBUG - error_count : 12
2014-10-29 00:24:55,440 - DEBUG - excluded_count : 509
2014-10-29 00:24:55,440 - DEBUG - scale values standard deviation{0: 197.02305462461695, 3: 3.180906615212284, 4: 0.03246456755085551, 5: 0.027973283659375677, 6: 0.03801041040424629, 7: 0.034149894040115265}
2014-10-29 00:24:55,650 - DEBUG - count : 9999
2014-10-29 00:24:55,650 - DEBUG - error_count : 12
2014-10-29 00:24:55,650 - DEBUG - excluded_count : 509
2014-10-29 00:24:55,650 - DEBUG - scale values min {0: 2.0, 3: 0.01, 4: -74.168175, 5: 40.59893, 6: -74.18412, 7: 40.570938}
2014-10-29 00:24:55,650 - DEBUG - scale values max {0: 1439.0, 3: 18.13, 4: -73.741234, 5: 40.875977, 6: -73.715225, 7: 40.908848}
2014-10-29 00:24:55,843 - DEBUG - count : 9999
2014-10-29 00:24:55,843 - DEBUG - error_count : 12
2014-10-29 00:24:55,843 - DEBUG - excluded_count : 509
2014-10-29 00:24:56,219 - DEBUG - count : 9999
2014-10-29 00:24:56,219 - DEBUG - error_count : 12
2014-10-29 00:24:56,219 - DEBUG - excluded_count : 509
2014-10-29 00:25:18,871 - DEBUG - count : 9999
2014-10-29 00:25:18,871 - DEBUG - error_count : 0
2014-10-29 00:25:18,871 - DEBUG - excluded_count : 0
2014-10-29 00:25:18,872 - DEBUG - Derived mean 3.35660166017
2014-10-29 00:25:18,873 - DEBUG - Derived std 3.69761448338
2014-10-29 00:25:19,047 - DEBUG - count : 9999
2014-10-29 00:25:19,047 - DEBUG - error_count : 12
2014-10-29 00:25:19,047 - DEBUG - excluded_count : 509
2014-10-29 00:25:19,048 - DEBUG - scale values mean{0: 462.2775902089048, 3: 3.2004072589153707, 4: -73.97617441358906, 5: 40.74929919466127, 6: -73.9698974098969, 7: 40.751410806604696}
2014-10-29 00:25:19,236 - DEBUG - count : 9999
2014-10-29 00:25:19,236 - DEBUG - error_count : 12
2014-10-29 00:25:19,236 - DEBUG - excluded_count : 509
2014-10-29 00:25:19,237 - DEBUG - scale values standard deviation{0: 197.02305462461695, 3: 3.180906615212284, 4: 0.03246456755085551, 5: 0.027973283659375677, 6: 0.03801041040424629, 7: 0.034149894040115265}
2014-10-29 00:25:19,438 - DEBUG - count : 9999
2014-10-29 00:25:19,438 - DEBUG - error_count : 12
2014-10-29 00:25:19,438 - DEBUG - excluded_count : 509
2014-10-29 00:25:19,438 - DEBUG - scale values min {0: 2.0, 3: 0.01, 4: -74.168175, 5: 40.59893, 6: -74.18412, 7: 40.570938}
2014-10-29 00:25:19,438 - DEBUG - scale values max {0: 1439.0, 3: 18.13, 4: -73.741234, 5: 40.875977, 6: -73.715225, 7: 40.908848}
2014-10-29 00:25:19,620 - DEBUG - count : 9999
2014-10-29 00:25:19,620 - DEBUG - error_count : 12
2014-10-29 00:25:19,620 - DEBUG - excluded_count : 509
2014-10-29 00:25:19,982 - DEBUG - count : 9999
2014-10-29 00:25:19,982 - DEBUG - error_count : 12
2014-10-29 00:25:19,982 - DEBUG - excluded_count : 509
2014-10-29 00:25:56,678 - DEBUG - count : 9999
2014-10-29 00:25:56,678 - DEBUG - error_count : 0
2014-10-29 00:25:56,678 - DEBUG - excluded_count : 0
2014-10-29 00:25:56,679 - DEBUG - Derived mean 3.35660166017
2014-10-29 00:25:56,679 - DEBUG - Derived std 3.69761448338
2014-10-29 00:25:56,853 - DEBUG - count : 9999
2014-10-29 00:25:56,853 - DEBUG - error_count : 12
2014-10-29 00:25:56,853 - DEBUG - excluded_count : 509
2014-10-29 00:25:56,853 - DEBUG - scale values mean{0: 462.2775902089048, 3: 3.2004072589153707, 4: -73.97617441358906, 5: 40.74929919466127, 6: -73.9698974098969, 7: 40.751410806604696}
2014-10-29 00:25:57,037 - DEBUG - count : 9999
2014-10-29 00:25:57,037 - DEBUG - error_count : 12
2014-10-29 00:25:57,037 - DEBUG - excluded_count : 509
2014-10-29 00:25:57,037 - DEBUG - scale values standard deviation{0: 197.02305462461695, 3: 3.180906615212284, 4: 0.03246456755085551, 5: 0.027973283659375677, 6: 0.03801041040424629, 7: 0.034149894040115265}
2014-10-29 00:25:57,255 - DEBUG - count : 9999
2014-10-29 00:25:57,255 - DEBUG - error_count : 12
2014-10-29 00:25:57,255 - DEBUG - excluded_count : 509
2014-10-29 00:25:57,255 - DEBUG - scale values min {0: 2.0, 3: 0.01, 4: -74.168175, 5: 40.59893, 6: -74.18412, 7: 40.570938}
2014-10-29 00:25:57,255 - DEBUG - scale values max {0: 1439.0, 3: 18.13, 4: -73.741234, 5: 40.875977, 6: -73.715225, 7: 40.908848}
2014-10-29 00:25:57,436 - DEBUG - count : 9999
2014-10-29 00:25:57,436 - DEBUG - error_count : 12
2014-10-29 00:25:57,436 - DEBUG - excluded_count : 509
2014-10-29 00:25:57,797 - DEBUG - count : 9999
2014-10-29 00:25:57,797 - DEBUG - error_count : 12
2014-10-29 00:25:57,797 - DEBUG - excluded_count : 509
